<?xml version="1.0" encoding="UTF-8"?>
<!-- Generated by org.testng.reporters.JUnitXMLReporter -->
<testsuite hostname="9FNHHG3" ignored="0" name="Regression" tests="35" failures="9" timestamp="2022-06-17T18:31:12 IST" time="3.401" errors="0">
  <testcase name="testCreatePet" time="0.943" classname="com.n26.functional.pets.CreatePet"/>
  <testcase name="testCreatePetwWithoutMandatoryParams" time="0.409" classname="com.n26.functional.pets.CreatePet">
    <failure type="java.lang.AssertionError" message="expected [true] but found [false]">
      <![CDATA[java.lang.AssertionError: expected [true] but found [false]
at com.n26.functional.pets.CreatePet.testCreatePetwWithoutMandatoryParams(CreatePet.java:62)
at java.util.ArrayList.forEach(ArrayList.java:1259)
... Removed 36 stack frames]]>
    </failure>
  </testcase> <!-- testCreatePetwWithoutMandatoryParams -->
  <testcase name="testCreatePetWithInvalidRequestMethod" time="0.034" classname="com.n26.functional.pets.CreatePet"/>
  <testcase name="testCreatePetWithInvalidDataType_Id" time="0.089" classname="com.n26.functional.pets.CreatePet"/>
  <testcase name="testCreatePetWithInvalidDataType_name" time="0.013" classname="com.n26.functional.pets.CreatePet">
    <failure type="java.lang.AssertionError" message="expected [true] but found [false]">
      <![CDATA[java.lang.AssertionError: expected [true] but found [false]
at com.n26.functional.pets.CreatePet.testCreatePetWithInvalidDataType_name(CreatePet.java:99)
at java.util.ArrayList.forEach(ArrayList.java:1259)
... Removed 36 stack frames]]>
    </failure>
  </testcase> <!-- testCreatePetWithInvalidDataType_name -->
  <testcase name="testUpdatePetById" time="0.145" classname="com.n26.functional.pets.UpdatePet"/>
  <testcase name="testUpdatePetByInvalidId" time="0.012" classname="com.n26.functional.pets.UpdatePet"/>
  <testcase name="testCreatePetOrder" time="0.029" classname="com.n26.functional.store.CreateOrder"/>
  <testcase name="testCreatePlacedPetOrder" time="0.086" classname="com.n26.functional.store.CreateOrder"/>
  <testcase name="testCreateDeliveredPetOrder" time="0.07" classname="com.n26.functional.store.CreateOrder"/>
  <testcase name="testCreateOrderWithInvalidStatus" time="0.01" classname="com.n26.functional.store.CreateOrder">
    <failure type="java.lang.AssertionError" message="expected [true] but found [false]">
      <![CDATA[java.lang.AssertionError: expected [true] but found [false]
at com.n26.functional.store.CreateOrder.testCreateOrderWithInvalidStatus(CreateOrder.java:111)
at java.util.ArrayList.forEach(ArrayList.java:1259)
... Removed 36 stack frames]]>
    </failure>
  </testcase> <!-- testCreateOrderWithInvalidStatus -->
  <testcase name="testDeleteOrderByValidId" time="0.056" classname="com.n26.functional.store.DeleteOrder"/>
  <testcase name="testDeleteOrderByInValidId" time="0.019" classname="com.n26.functional.store.DeleteOrder">
    <failure type="java.lang.AssertionError" message="expected [true] but found [false]">
      <![CDATA[java.lang.AssertionError: expected [true] but found [false]
at com.n26.functional.store.DeleteOrder.testDeleteOrderByInValidId(DeleteOrder.java:84)
at java.util.ArrayList.forEach(ArrayList.java:1259)
... Removed 36 stack frames]]>
    </failure>
  </testcase> <!-- testDeleteOrderByInValidId -->
  <testcase name="testGetOrderByInvalidId" time="0.031" classname="com.n26.functional.store.GetOrder"/>
  <testcase name="testDeletePetByValidId" time="0.033" classname="com.n26.functional.pets.DeletePet"/>
  <testcase name="testDeletePetByInvalidId" time="0.006" classname="com.n26.functional.pets.DeletePet">
    <failure type="java.lang.AssertionError" message="expected [true] but found [false]">
      <![CDATA[java.lang.AssertionError: expected [true] but found [false]
at com.n26.functional.pets.DeletePet.testDeletePetByInvalidId(DeletePet.java:71)
at java.util.ArrayList.forEach(ArrayList.java:1259)
... Removed 36 stack frames]]>
    </failure>
  </testcase> <!-- testDeletePetByInvalidId -->
  <testcase name="testGetPetByAvailableStatus" time="0.043" classname="com.n26.functional.pets.FindPetByStatus"/>
  <testcase name="testValidPetByPendingStatus" time="0.029" classname="com.n26.functional.pets.FindPetByStatus"/>
  <testcase name="testValidPetBySoldStatus" time="0.033" classname="com.n26.functional.pets.FindPetByStatus"/>
  <testcase name="testGetPetByInvalidStatus" time="0.023" classname="com.n26.functional.pets.FindPetByStatus"/>
  <testcase name="testDeleteUserWithValidName" time="0.041" classname="com.n26.functional.user.DeleteUser"/>
  <testcase name="testDeleteUserWithInValidName" time="0.005" classname="com.n26.functional.user.DeleteUser">
    <failure type="java.lang.AssertionError" message="expected [true] but found [false]">
      <![CDATA[java.lang.AssertionError: expected [true] but found [false]
at com.n26.functional.user.DeleteUser.testDeleteUserWithInValidName(DeleteUser.java:77)
at java.util.ArrayList.forEach(ArrayList.java:1259)
... Removed 36 stack frames]]>
    </failure>
  </testcase> <!-- testDeleteUserWithInValidName -->
  <testcase name="testUserLogin" time="0.035" classname="com.n26.functional.user.LoginLogout"/>
  <testcase name="testUserLoginwithOnlyUserName" time="0.042" classname="com.n26.functional.user.LoginLogout">
    <failure type="java.lang.AssertionError" message="expected [true] but found [false]">
      <![CDATA[java.lang.AssertionError: expected [true] but found [false]
at com.n26.functional.user.LoginLogout.testUserLoginwithOnlyUserName(LoginLogout.java:55)
at java.util.ArrayList.forEach(ArrayList.java:1259)
... Removed 36 stack frames]]>
    </failure>
  </testcase> <!-- testUserLoginwithOnlyUserName -->
  <testcase name="testUserLoginwithOnlyPassword" time="0.028" classname="com.n26.functional.user.LoginLogout">
    <failure type="java.lang.AssertionError" message="expected [true] but found [false]">
      <![CDATA[java.lang.AssertionError: expected [true] but found [false]
at com.n26.functional.user.LoginLogout.testUserLoginwithOnlyPassword(LoginLogout.java:67)
at java.util.ArrayList.forEach(ArrayList.java:1259)
... Removed 36 stack frames]]>
    </failure>
  </testcase> <!-- testUserLoginwithOnlyPassword -->
  <testcase name="testUserLogout" time="0.006" classname="com.n26.functional.user.LoginLogout"/>
  <testcase name="testUpdateUserWithValidName" time="0.069" classname="com.n26.functional.user.UpdateUser"/>
  <testcase name="testUpdateUserWIthInvalidUserName" time="0.006" classname="com.n26.functional.user.UpdateUser"/>
  <testcase name="testSingleUserCreation" time="0.033" classname="com.n26.functional.user.CreateUser"/>
  <testcase name="testMultipleUserCreation" time="0.055" classname="com.n26.functional.user.CreateUser"/>
  <testcase name="testGetPetByValidTag" time="0.077" classname="com.n26.functional.pets.FindByTags"/>
  <testcase name="tesGetPetByInvalidTags" time="0.038" classname="com.n26.functional.pets.FindByTags"/>
  <testcase name="testUpdatePetById" time="0.069" classname="com.n26.functional.pets.UpdatePetById"/>
  <testcase name="testUpdatePetByInvaidId" time="0.028" classname="com.n26.functional.pets.UpdatePetById"/>
  <testcase name="testUploadingPetImage" time="0.037" classname="com.n26.functional.pets.UplodPetImage">
    <failure type="java.lang.AssertionError" message="expected [true] but found [false]">
      <![CDATA[java.lang.AssertionError: expected [true] but found [false]
at com.n26.functional.pets.UplodPetImage.testUploadingPetImage(UplodPetImage.java:55)
at java.util.ArrayList.forEach(ArrayList.java:1259)
... Removed 36 stack frames]]>
    </failure>
  </testcase> <!-- testUploadingPetImage -->
</testsuite> <!-- Regression -->
