[1][INFO ] 2022-06-12 12:10:16.751 : Project Name        : PetStore
[3][INFO ] 2022-06-12 12:10:16.823 : Test Environment    : http://localhost:8080/api/v3
[5][INFO ] 2022-06-12 12:10:16.824 : Executed on OS      : Linux
[7][INFO ] 2022-06-12 12:10:16.824 : Executed By         : likhithanr
[9][INFO ] 2022-06-12 12:10:16.824 : ******************************Execution of POST - Pet creation started*******************************
[11][INFO ] 2022-06-12 12:10:16.830 : Test case 1.1 finished
[13][INFO ] 2022-06-12 12:10:16.834 : Test case 1.1 finished
[15][INFO ] 2022-06-12 12:10:17.718 : Response : {"id":1,"category":{"id":1,"name":"Dogs"},"photoUrls":["url1"],"tags":[{"id":1,"name":"tag1"}],"status":"available"}
[17][INFO ] 2022-06-12 12:10:17.718 : Response : {"id":1,"category":{"id":1,"name":"Dogs"},"photoUrls":["url1"],"tags":[{"id":1,"name":"tag1"}],"status":"available"}
[19][INFO ] 2022-06-12 12:10:17.718 : Status Code : 200
[21][INFO ] 2022-06-12 12:10:17.719 : Status Code : 200
[23][ERROR] 2022-06-12 12:10:18.110 : ctearePet : FAILED : 
java.lang.AssertionError: expected [true] but found [false]
	at org.testng.Assert.fail(Assert.java:97) ~[testng-7.0.0.jar:?]
	at org.testng.Assert.assertEqualsImpl(Assert.java:136) ~[testng-7.0.0.jar:?]
	at org.testng.Assert.assertEquals(Assert.java:118) ~[testng-7.0.0.jar:?]
	at org.testng.Assert.assertEquals(Assert.java:751) ~[testng-7.0.0.jar:?]
	at org.testng.Assert.assertEquals(Assert.java:761) ~[testng-7.0.0.jar:?]
	at com.n26.functional.pets.test.ctearePet(test.java:49) ~[test-classes/:?]
	at sun.reflect.NativeMethodAccessorImpl.invoke0(Native Method) ~[?:1.8.0_312]
	at sun.reflect.NativeMethodAccessorImpl.invoke(NativeMethodAccessorImpl.java:62) ~[?:1.8.0_312]
	at sun.reflect.DelegatingMethodAccessorImpl.invoke(DelegatingMethodAccessorImpl.java:43) ~[?:1.8.0_312]
	at java.lang.reflect.Method.invoke(Method.java:498) ~[?:1.8.0_312]
	at org.testng.internal.MethodInvocationHelper.invokeMethod(MethodInvocationHelper.java:133) ~[testng-7.0.0.jar:?]
	at org.testng.internal.TestInvoker.invokeMethod(TestInvoker.java:584) ~[testng-7.0.0.jar:?]
	at org.testng.internal.TestInvoker.invokeTestMethod(TestInvoker.java:172) ~[testng-7.0.0.jar:?]
	at org.testng.internal.MethodRunner.runInSequence(MethodRunner.java:46) ~[testng-7.0.0.jar:?]
	at org.testng.internal.TestInvoker$MethodInvocationAgent.invoke(TestInvoker.java:804) ~[testng-7.0.0.jar:?]
	at org.testng.internal.TestInvoker.invokeTestMethods(TestInvoker.java:145) ~[testng-7.0.0.jar:?]
	at org.testng.internal.TestMethodWorker.invokeTestMethods(TestMethodWorker.java:146) ~[testng-7.0.0.jar:?]
	at org.testng.internal.TestMethodWorker.run(TestMethodWorker.java:128) ~[testng-7.0.0.jar:?]
	at java.util.ArrayList.forEach(ArrayList.java:1259) ~[?:1.8.0_312]
	at org.testng.TestRunner.privateRun(TestRunner.java:770) ~[testng-7.0.0.jar:?]
	at org.testng.TestRunner.run(TestRunner.java:591) ~[testng-7.0.0.jar:?]
	at org.testng.SuiteRunner.runTest(SuiteRunner.java:402) ~[testng-7.0.0.jar:?]
	at org.testng.SuiteRunner.runSequentially(SuiteRunner.java:396) ~[testng-7.0.0.jar:?]
	at org.testng.SuiteRunner.privateRun(SuiteRunner.java:355) ~[testng-7.0.0.jar:?]
	at org.testng.SuiteRunner.run(SuiteRunner.java:304) ~[testng-7.0.0.jar:?]
	at org.testng.SuiteRunnerWorker.runSuite(SuiteRunnerWorker.java:53) ~[testng-7.0.0.jar:?]
	at org.testng.SuiteRunnerWorker.run(SuiteRunnerWorker.java:96) ~[testng-7.0.0.jar:?]
	at org.testng.TestNG.runSuitesSequentially(TestNG.java:1180) ~[testng-7.0.0.jar:?]
	at org.testng.TestNG.runSuitesLocally(TestNG.java:1102) ~[testng-7.0.0.jar:?]
	at org.testng.TestNG.runSuites(TestNG.java:1032) ~[testng-7.0.0.jar:?]
	at org.testng.TestNG.run(TestNG.java:1000) ~[testng-7.0.0.jar:?]
	at com.microsoft.java.test.runner.testng.TestNGRunner.run(TestNGRunner.java:45) ~[com.microsoft.java.test.runner-jar-with-dependencies.jar:?]
	at com.microsoft.java.test.runner.testng.TestNGLauncher.execute(TestNGLauncher.java:32) ~[com.microsoft.java.test.runner-jar-with-dependencies.jar:?]
	at com.microsoft.java.test.runner.Launcher.main(Launcher.java:57) ~[com.microsoft.java.test.runner-jar-with-dependencies.jar:?]
[25][INFO ] 2022-06-12 12:10:18.420 : ***********************************Test execution ended************************************

[27][INFO ] 2022-06-12 12:10:18.421 : Total Class        : 1
[29][INFO ] 2022-06-12 12:10:18.425 : Start Time         : Sun Jun 12 12:10:16 IST 2022
[31][INFO ] 2022-06-12 12:10:18.426 : Passed tests count : 0.0
[33][INFO ] 2022-06-12 12:10:18.426 : Failed tests count : 1.0
[35][INFO ] 2022-06-12 12:10:18.426 : Skipped tests count: 0
[37][INFO ] 2022-06-12 12:10:18.426 : Pass percentage    : 0.0%
[39][INFO ] 2022-06-12 12:10:18.426 : Fail percentage    : 100.0%
[41][INFO ] 2022-06-12 12:10:18.426 : End Time           : Sun Jun 12 12:10:18 IST 2022
