[1][INFO ] 2022-06-12 16:16:54.676 : Project Name        : PetStore
[3][INFO ] 2022-06-12 16:16:54.772 : Test Environment    : http://localhost:8080/api/v3
[5][INFO ] 2022-06-12 16:16:54.772 : Executed on OS      : Linux
[7][INFO ] 2022-06-12 16:16:54.772 : Executed By         : likhithanr
[9][INFO ] 2022-06-12 16:16:54.772 : ******************************Execution of POST - Pet creation started*******************************
[11][INFO ] 2022-06-12 16:16:54.779 : Test case 1.1 finished
[13][INFO ] 2022-06-12 16:16:54.784 : Test case 1.1 finished
[15][ERROR] 2022-06-12 16:16:55.274 : testCreatePet : FAILED : 
org.apache.poi.openxml4j.exceptions.NotOfficeXmlFileException: No valid entries or contents found, this is not a valid OOXML (Office Open XML) file
	at org.apache.poi.openxml4j.util.ZipArchiveThresholdInputStream.getNextEntry(ZipArchiveThresholdInputStream.java:145) ~[poi-ooxml-5.0.0.jar:5.0.0]
	at org.apache.poi.openxml4j.util.ZipInputStreamZipEntrySource.<init>(ZipInputStreamZipEntrySource.java:49) ~[poi-ooxml-5.0.0.jar:5.0.0]
	at org.apache.poi.openxml4j.opc.ZipPackage.<init>(ZipPackage.java:106) ~[poi-ooxml-5.0.0.jar:5.0.0]
	at org.apache.poi.openxml4j.opc.OPCPackage.open(OPCPackage.java:312) ~[poi-ooxml-5.0.0.jar:5.0.0]
	at org.apache.poi.ooxml.util.PackageHelper.open(PackageHelper.java:47) ~[poi-ooxml-5.0.0.jar:5.0.0]
	at org.apache.poi.xssf.usermodel.XSSFWorkbook.<init>(XSSFWorkbook.java:299) ~[poi-ooxml-5.0.0.jar:5.0.0]
	at com.n26.utils.Excel.getTestData(Excel.java:95) ~[classes/:?]
	at com.n26.module.Pet.updateJsonBody(Pet.java:29) ~[classes/:?]
	at com.n26.functional.pets.test.testCreatePet(test.java:41) ~[test-classes/:?]
	at sun.reflect.NativeMethodAccessorImpl.invoke0(Native Method) ~[?:1.8.0_312]
	at sun.reflect.NativeMethodAccessorImpl.invoke(NativeMethodAccessorImpl.java:62) ~[?:1.8.0_312]
	at sun.reflect.DelegatingMethodAccessorImpl.invoke(DelegatingMethodAccessorImpl.java:43) ~[?:1.8.0_312]
	at java.lang.reflect.Method.invoke(Method.java:498) ~[?:1.8.0_312]
	at org.testng.internal.MethodInvocationHelper.invokeMethod(MethodInvocationHelper.java:133) ~[testng-7.0.0.jar:?]
	at org.testng.internal.TestInvoker.invokeMethod(TestInvoker.java:584) ~[testng-7.0.0.jar:?]
	at org.testng.internal.TestInvoker.invokeTestMethod(TestInvoker.java:172) ~[testng-7.0.0.jar:?]
	at org.testng.internal.MethodRunner.runInSequence(MethodRunner.java:46) ~[testng-7.0.0.jar:?]
	at org.testng.internal.TestInvoker$MethodInvocationAgent.invoke(TestInvoker.java:804) ~[testng-7.0.0.jar:?]
	at org.testng.internal.TestInvoker.invokeTestMethods(TestInvoker.java:145) ~[testng-7.0.0.jar:?]
	at org.testng.internal.TestMethodWorker.invokeTestMethods(TestMethodWorker.java:146) ~[testng-7.0.0.jar:?]
	at org.testng.internal.TestMethodWorker.run(TestMethodWorker.java:128) ~[testng-7.0.0.jar:?]
	at java.util.ArrayList.forEach(ArrayList.java:1259) ~[?:1.8.0_312]
	at org.testng.TestRunner.privateRun(TestRunner.java:770) ~[testng-7.0.0.jar:?]
	at org.testng.TestRunner.run(TestRunner.java:591) ~[testng-7.0.0.jar:?]
	at org.testng.SuiteRunner.runTest(SuiteRunner.java:402) ~[testng-7.0.0.jar:?]
	at org.testng.SuiteRunner.runSequentially(SuiteRunner.java:396) ~[testng-7.0.0.jar:?]
	at org.testng.SuiteRunner.privateRun(SuiteRunner.java:355) ~[testng-7.0.0.jar:?]
	at org.testng.SuiteRunner.run(SuiteRunner.java:304) ~[testng-7.0.0.jar:?]
	at org.testng.SuiteRunnerWorker.runSuite(SuiteRunnerWorker.java:53) ~[testng-7.0.0.jar:?]
	at org.testng.SuiteRunnerWorker.run(SuiteRunnerWorker.java:96) ~[testng-7.0.0.jar:?]
	at org.testng.TestNG.runSuitesSequentially(TestNG.java:1180) ~[testng-7.0.0.jar:?]
	at org.testng.TestNG.runSuitesLocally(TestNG.java:1102) ~[testng-7.0.0.jar:?]
	at org.testng.TestNG.runSuites(TestNG.java:1032) ~[testng-7.0.0.jar:?]
	at org.testng.TestNG.run(TestNG.java:1000) ~[testng-7.0.0.jar:?]
	at com.microsoft.java.test.runner.testng.TestNGRunner.run(TestNGRunner.java:45) ~[com.microsoft.java.test.runner-jar-with-dependencies.jar:?]
	at com.microsoft.java.test.runner.testng.TestNGLauncher.execute(TestNGLauncher.java:32) ~[com.microsoft.java.test.runner-jar-with-dependencies.jar:?]
	at com.microsoft.java.test.runner.Launcher.main(Launcher.java:57) ~[com.microsoft.java.test.runner-jar-with-dependencies.jar:?]
Caused by: java.util.zip.ZipException: Unexpected record signature: 0X4E2E6C53
	at org.apache.commons.compress.archivers.zip.ZipArchiveInputStream.getNextZipEntry(ZipArchiveInputStream.java:286) ~[commons-compress-1.20.jar:1.20]
	at org.apache.poi.openxml4j.util.ZipArchiveThresholdInputStream.getNextEntry(ZipArchiveThresholdInputStream.java:141) ~[poi-ooxml-5.0.0.jar:5.0.0]
	... 36 more
[17][INFO ] 2022-06-12 16:16:55.532 : ***********************************Test execution ended************************************

[19][INFO ] 2022-06-12 16:16:55.535 : Total Class        : 1
[21][INFO ] 2022-06-12 16:16:55.539 : Start Time         : Sun Jun 12 16:16:54 IST 2022
[23][INFO ] 2022-06-12 16:16:55.540 : Passed tests count : 0.0
[25][INFO ] 2022-06-12 16:16:55.540 : Failed tests count : 1.0
[27][INFO ] 2022-06-12 16:16:55.540 : Skipped tests count: 0
[29][INFO ] 2022-06-12 16:16:55.540 : Pass percentage    : 0.0%
[31][INFO ] 2022-06-12 16:16:55.540 : Fail percentage    : 100.0%
[33][INFO ] 2022-06-12 16:16:55.540 : End Time           : Sun Jun 12 16:16:55 IST 2022
