[1][INFO ] 2022-06-12 22:24:57.381 : Project Name        : PetStore
[3][INFO ] 2022-06-12 22:24:57.462 : Test Environment    : http://localhost:8080/api/v3
[5][INFO ] 2022-06-12 22:24:57.462 : Executed on OS      : Linux
[7][INFO ] 2022-06-12 22:24:57.462 : Executed By         : likhithanr
[9][INFO ] 2022-06-12 22:24:57.462 : ******************************Execution of POST - Pet creation started*******************************
[11][INFO ] 2022-06-12 22:24:57.473 : Setting up configurations
[13][INFO ] 2022-06-12 22:24:57.476 : Setting up configurations
[15][INFO ] 2022-06-12 22:24:57.834 : TestCase 1 : Test case to validate successful pet creation 
[17][INFO ] 2022-06-12 22:24:57.835 : TestCase 1 : Test case to validate successful pet creation 
[19][INFO ] 2022-06-12 22:24:58.354 : Response : {"id":10,"category":{"id":1,"name":"Beagal"},"name":"Dogs","photoUrls":["url1"],"tags":[{"id":1,"name":"tag1"}],"status":"available"}
[21][INFO ] 2022-06-12 22:24:58.355 : Response : {"id":10,"category":{"id":1,"name":"Beagal"},"name":"Dogs","photoUrls":["url1"],"tags":[{"id":1,"name":"tag1"}],"status":"available"}
[23][INFO ] 2022-06-12 22:24:58.355 : Status Code : 200
[25][INFO ] 2022-06-12 22:24:58.356 : Status Code : 200
[27][INFO ] 2022-06-12 22:24:58.747 : Dogs : Pet created
[29][INFO ] 2022-06-12 22:24:58.748 : Dogs : Pet created
[31][INFO ] 2022-06-12 22:24:58.749 : testCreatePet : PASSED
[33][INFO ] 2022-06-12 22:24:58.752 : TestCase 1 : Test case to validate bad request for invalid pet name
[35][INFO ] 2022-06-12 22:24:58.753 : TestCase 1 : Test case to validate bad request for invalid pet name
[37][ERROR] 2022-06-12 22:24:59.407 : testCreatePetwWithInvalidPetNameValue : FAILED : 
java.lang.NullPointerException: null
	at com.n26.utils.Excel.getTestData(Excel.java:102) ~[classes/:?]
	at com.n26.functional.pets.test.testCreatePetwWithInvalidPetNameValue(test.java:64) ~[test-classes/:?]
	at sun.reflect.NativeMethodAccessorImpl.invoke0(Native Method) ~[?:1.8.0_312]
	at sun.reflect.NativeMethodAccessorImpl.invoke(NativeMethodAccessorImpl.java:62) ~[?:1.8.0_312]
	at sun.reflect.DelegatingMethodAccessorImpl.invoke(DelegatingMethodAccessorImpl.java:43) ~[?:1.8.0_312]
	at java.lang.reflect.Method.invoke(Method.java:498) ~[?:1.8.0_312]
	at org.testng.internal.MethodInvocationHelper.invokeMethod(MethodInvocationHelper.java:133) ~[testng-7.0.0.jar:?]
	at org.testng.internal.TestInvoker.invokeMethod(TestInvoker.java:584) ~[testng-7.0.0.jar:?]
	at org.testng.internal.TestInvoker.invokeTestMethod(TestInvoker.java:172) ~[testng-7.0.0.jar:?]
	at org.testng.internal.MethodRunner.runInSequence(MethodRunner.java:46) ~[testng-7.0.0.jar:?]
	at org.testng.internal.TestInvoker$MethodInvocationAgent.invoke(TestInvoker.java:804) ~[testng-7.0.0.jar:?]
	at org.testng.internal.TestInvoker.invokeTestMethods(TestInvoker.java:145) ~[testng-7.0.0.jar:?]
	at org.testng.internal.TestMethodWorker.invokeTestMethods(TestMethodWorker.java:146) ~[testng-7.0.0.jar:?]
	at org.testng.internal.TestMethodWorker.run(TestMethodWorker.java:128) ~[testng-7.0.0.jar:?]
	at java.util.ArrayList.forEach(ArrayList.java:1259) ~[?:1.8.0_312]
	at org.testng.TestRunner.privateRun(TestRunner.java:770) ~[testng-7.0.0.jar:?]
	at org.testng.TestRunner.run(TestRunner.java:591) ~[testng-7.0.0.jar:?]
	at org.testng.SuiteRunner.runTest(SuiteRunner.java:402) ~[testng-7.0.0.jar:?]
	at org.testng.SuiteRunner.runSequentially(SuiteRunner.java:396) ~[testng-7.0.0.jar:?]
	at org.testng.SuiteRunner.privateRun(SuiteRunner.java:355) ~[testng-7.0.0.jar:?]
	at org.testng.SuiteRunner.run(SuiteRunner.java:304) ~[testng-7.0.0.jar:?]
	at org.testng.SuiteRunnerWorker.runSuite(SuiteRunnerWorker.java:53) ~[testng-7.0.0.jar:?]
	at org.testng.SuiteRunnerWorker.run(SuiteRunnerWorker.java:96) ~[testng-7.0.0.jar:?]
	at org.testng.TestNG.runSuitesSequentially(TestNG.java:1180) ~[testng-7.0.0.jar:?]
	at org.testng.TestNG.runSuitesLocally(TestNG.java:1102) ~[testng-7.0.0.jar:?]
	at org.testng.TestNG.runSuites(TestNG.java:1032) ~[testng-7.0.0.jar:?]
	at org.testng.TestNG.run(TestNG.java:1000) ~[testng-7.0.0.jar:?]
	at com.microsoft.java.test.runner.testng.TestNGRunner.run(TestNGRunner.java:45) ~[com.microsoft.java.test.runner-jar-with-dependencies.jar:?]
	at com.microsoft.java.test.runner.testng.TestNGLauncher.execute(TestNGLauncher.java:32) ~[com.microsoft.java.test.runner-jar-with-dependencies.jar:?]
	at com.microsoft.java.test.runner.Launcher.main(Launcher.java:57) ~[com.microsoft.java.test.runner-jar-with-dependencies.jar:?]
[39][INFO ] 2022-06-12 22:24:59.688 : ***********************************Test execution ended************************************

[41][INFO ] 2022-06-12 22:24:59.691 : Total Class        : 1
[43][INFO ] 2022-06-12 22:24:59.695 : Start Time         : Sun Jun 12 22:24:57 IST 2022
[45][INFO ] 2022-06-12 22:24:59.695 : Passed tests count : 1.0
[47][INFO ] 2022-06-12 22:24:59.695 : Failed tests count : 1.0
[49][INFO ] 2022-06-12 22:24:59.696 : Skipped tests count: 0
[51][INFO ] 2022-06-12 22:24:59.696 : Pass percentage    : 50.0%
[53][INFO ] 2022-06-12 22:24:59.696 : Fail percentage    : 50.0%
[55][INFO ] 2022-06-12 22:24:59.696 : End Time           : Sun Jun 12 22:24:59 IST 2022
