[1][INFO ] 2022-06-17 18:37:33.155 : Project Name        : PetStore
[3][INFO ] 2022-06-17 18:37:33.235 : Test Environment    : http://localhost:8080/api/v3
[5][INFO ] 2022-06-17 18:37:33.235 : Executed on OS      : Linux
[7][INFO ] 2022-06-17 18:37:33.235 : Executed By         : likhithanr
[9][INFO ] 2022-06-17 18:37:33.254 : **************Script Add a new pet to the store (POST) started***********
[11][INFO ] 2022-06-17 18:37:33.254 : Setting up configurations
[13][INFO ] 2022-06-17 18:37:33.592 : ***************************Test case started********************
[15][INFO ] 2022-06-17 18:37:33.593 : TestCase 1 : Test case to validate successful pet creation 
[17][INFO ] 2022-06-17 18:37:34.097 : Response : {"id":111,"category":{"id":1,"name":"Dogs"},"name":"Beagal","photoUrls":["url1"],"tags":[{"id":1,"name":"tag1"}],"status":"available"}
[19][INFO ] 2022-06-17 18:37:34.097 : Status Code : 200
[21][INFO ] 2022-06-17 18:37:34.569 : Beagal : Pet created
[23][INFO ] 2022-06-17 18:37:34.570 : testCreatePet : PASSED
[25][INFO ] 2022-06-17 18:37:34.574 : ***************************Test case started********************
[27][INFO ] 2022-06-17 18:37:34.576 : TestCase 2: Test case to validate bad request when request sent without mandatory field
[29][ERROR] 2022-06-17 18:37:35.065 : testCreatePetwWithoutMandatoryParams : FAILED : 
java.lang.AssertionError: expected [true] but found [false]
	at org.testng.Assert.fail(Assert.java:97) ~[testng-7.0.0.jar:?]
	at org.testng.Assert.assertEqualsImpl(Assert.java:136) ~[testng-7.0.0.jar:?]
	at org.testng.Assert.assertEquals(Assert.java:118) ~[testng-7.0.0.jar:?]
	at org.testng.Assert.assertEquals(Assert.java:751) ~[testng-7.0.0.jar:?]
	at org.testng.Assert.assertEquals(Assert.java:761) ~[testng-7.0.0.jar:?]
	at com.n26.functional.pets.CreatePet.testCreatePetwWithoutMandatoryParams(CreatePet.java:62) ~[test-classes/:?]
	at sun.reflect.NativeMethodAccessorImpl.invoke0(Native Method) ~[?:1.8.0_312]
	at sun.reflect.NativeMethodAccessorImpl.invoke(NativeMethodAccessorImpl.java:62) ~[?:1.8.0_312]
	at sun.reflect.DelegatingMethodAccessorImpl.invoke(DelegatingMethodAccessorImpl.java:43) ~[?:1.8.0_312]
	at java.lang.reflect.Method.invoke(Method.java:498) ~[?:1.8.0_312]
	at org.testng.internal.MethodInvocationHelper.invokeMethod(MethodInvocationHelper.java:133) ~[testng-7.0.0.jar:?]
	at org.testng.internal.TestInvoker.invokeMethod(TestInvoker.java:584) ~[testng-7.0.0.jar:?]
	at org.testng.internal.TestInvoker.invokeTestMethod(TestInvoker.java:172) ~[testng-7.0.0.jar:?]
	at org.testng.internal.MethodRunner.runInSequence(MethodRunner.java:46) ~[testng-7.0.0.jar:?]
	at org.testng.internal.TestInvoker$MethodInvocationAgent.invoke(TestInvoker.java:804) ~[testng-7.0.0.jar:?]
	at org.testng.internal.TestInvoker.invokeTestMethods(TestInvoker.java:145) ~[testng-7.0.0.jar:?]
	at org.testng.internal.TestMethodWorker.invokeTestMethods(TestMethodWorker.java:146) ~[testng-7.0.0.jar:?]
	at org.testng.internal.TestMethodWorker.run(TestMethodWorker.java:128) ~[testng-7.0.0.jar:?]
	at java.util.ArrayList.forEach(ArrayList.java:1259) ~[?:1.8.0_312]
	at org.testng.TestRunner.privateRun(TestRunner.java:770) ~[testng-7.0.0.jar:?]
	at org.testng.TestRunner.run(TestRunner.java:591) ~[testng-7.0.0.jar:?]
	at org.testng.SuiteRunner.runTest(SuiteRunner.java:402) ~[testng-7.0.0.jar:?]
	at org.testng.SuiteRunner.runSequentially(SuiteRunner.java:396) ~[testng-7.0.0.jar:?]
	at org.testng.SuiteRunner.privateRun(SuiteRunner.java:355) ~[testng-7.0.0.jar:?]
	at org.testng.SuiteRunner.run(SuiteRunner.java:304) ~[testng-7.0.0.jar:?]
	at org.testng.SuiteRunnerWorker.runSuite(SuiteRunnerWorker.java:53) ~[testng-7.0.0.jar:?]
	at org.testng.SuiteRunnerWorker.run(SuiteRunnerWorker.java:96) ~[testng-7.0.0.jar:?]
	at org.testng.TestNG.runSuitesSequentially(TestNG.java:1180) ~[testng-7.0.0.jar:?]
	at org.testng.TestNG.runSuitesLocally(TestNG.java:1102) ~[testng-7.0.0.jar:?]
	at org.testng.TestNG.runSuites(TestNG.java:1032) ~[testng-7.0.0.jar:?]
	at org.testng.TestNG.run(TestNG.java:1000) ~[testng-7.0.0.jar:?]
	at org.apache.maven.surefire.testng.TestNGExecutor.run(TestNGExecutor.java:324) ~[surefire-testng-3.0.0-M6.jar:3.0.0-M6]
	at org.apache.maven.surefire.testng.TestNGXmlTestSuite.execute(TestNGXmlTestSuite.java:74) ~[surefire-testng-3.0.0-M6.jar:3.0.0-M6]
	at org.apache.maven.surefire.testng.TestNGProvider.invoke(TestNGProvider.java:123) ~[surefire-testng-3.0.0-M6.jar:3.0.0-M6]
	at org.apache.maven.surefire.booter.ForkedBooter.runSuitesInProcess(ForkedBooter.java:456) ~[surefire-booter-3.0.0-M6.jar:3.0.0-M6]
	at org.apache.maven.surefire.booter.ForkedBooter.execute(ForkedBooter.java:169) ~[surefire-booter-3.0.0-M6.jar:3.0.0-M6]
	at org.apache.maven.surefire.booter.ForkedBooter.run(ForkedBooter.java:595) ~[surefire-booter-3.0.0-M6.jar:3.0.0-M6]
	at org.apache.maven.surefire.booter.ForkedBooter.main(ForkedBooter.java:581) ~[surefire-booter-3.0.0-M6.jar:3.0.0-M6]
[31][INFO ] 2022-06-17 18:37:35.072 : ***************************Test case started********************
[33][INFO ] 2022-06-17 18:37:35.073 : TestCase 3: Test case to validate error response when invalid request method used
[35][INFO ] 2022-06-17 18:37:35.091 : Response : {"code":405,"message":"HTTP 405 Method Not Allowed"}
[37][INFO ] 2022-06-17 18:37:35.091 : Status Code : 405
[39][INFO ] 2022-06-17 18:37:35.100 : 405 : Bad Request status code
[41][INFO ] 2022-06-17 18:37:35.110 : HTTP 405 Method Not Allowed : Invalid Value
[43][INFO ] 2022-06-17 18:37:35.111 : testCreatePetWithInvalidRequestMethod : PASSED
[45][INFO ] 2022-06-17 18:37:35.112 : ***************************Test case started********************
[47][INFO ] 2022-06-17 18:37:35.113 : TestCase 4: Test case to validate ID param with Inavalid data types
[49][INFO ] 2022-06-17 18:37:35.188 : {"photoUrls":["url1"],"name":"Beagal","id":"abc","category":{"name":"Dogs","id":1},"tags":[{"name":"tag1","id":1}],"status":"available"}
[51][INFO ] 2022-06-17 18:37:35.200 : Response : {"code":400,"message":"Input error: unable to convert input to io.swagger.petstore.model.Pet"}
[53][INFO ] 2022-06-17 18:37:35.200 : Status Code : 400
[55][INFO ] 2022-06-17 18:37:35.207 : 400 : Bad Request status code
[57][INFO ] 2022-06-17 18:37:35.215 : Input error: unable to convert input to io.swagger.petstore.model.Pet : Invalid Value
[59][INFO ] 2022-06-17 18:37:35.216 : testCreatePetWithInvalidDataType_Id : PASSED
[61][INFO ] 2022-06-17 18:37:35.216 : ***************************Test case started********************
[63][INFO ] 2022-06-17 18:37:35.217 : TestCase 5: Test case to validate Name param with Inavalid data types
[65][ERROR] 2022-06-17 18:37:35.228 : testCreatePetWithInvalidDataType_name : FAILED : 
java.lang.AssertionError: expected [true] but found [false]
	at org.testng.Assert.fail(Assert.java:97) ~[testng-7.0.0.jar:?]
	at org.testng.Assert.assertEqualsImpl(Assert.java:136) ~[testng-7.0.0.jar:?]
	at org.testng.Assert.assertEquals(Assert.java:118) ~[testng-7.0.0.jar:?]
	at org.testng.Assert.assertEquals(Assert.java:751) ~[testng-7.0.0.jar:?]
	at org.testng.Assert.assertEquals(Assert.java:761) ~[testng-7.0.0.jar:?]
	at com.n26.functional.pets.CreatePet.testCreatePetWithInvalidDataType_name(CreatePet.java:99) ~[test-classes/:?]
	at sun.reflect.NativeMethodAccessorImpl.invoke0(Native Method) ~[?:1.8.0_312]
	at sun.reflect.NativeMethodAccessorImpl.invoke(NativeMethodAccessorImpl.java:62) ~[?:1.8.0_312]
	at sun.reflect.DelegatingMethodAccessorImpl.invoke(DelegatingMethodAccessorImpl.java:43) ~[?:1.8.0_312]
	at java.lang.reflect.Method.invoke(Method.java:498) ~[?:1.8.0_312]
	at org.testng.internal.MethodInvocationHelper.invokeMethod(MethodInvocationHelper.java:133) ~[testng-7.0.0.jar:?]
	at org.testng.internal.TestInvoker.invokeMethod(TestInvoker.java:584) ~[testng-7.0.0.jar:?]
	at org.testng.internal.TestInvoker.invokeTestMethod(TestInvoker.java:172) ~[testng-7.0.0.jar:?]
	at org.testng.internal.MethodRunner.runInSequence(MethodRunner.java:46) ~[testng-7.0.0.jar:?]
	at org.testng.internal.TestInvoker$MethodInvocationAgent.invoke(TestInvoker.java:804) ~[testng-7.0.0.jar:?]
	at org.testng.internal.TestInvoker.invokeTestMethods(TestInvoker.java:145) ~[testng-7.0.0.jar:?]
	at org.testng.internal.TestMethodWorker.invokeTestMethods(TestMethodWorker.java:146) ~[testng-7.0.0.jar:?]
	at org.testng.internal.TestMethodWorker.run(TestMethodWorker.java:128) ~[testng-7.0.0.jar:?]
	at java.util.ArrayList.forEach(ArrayList.java:1259) ~[?:1.8.0_312]
	at org.testng.TestRunner.privateRun(TestRunner.java:770) ~[testng-7.0.0.jar:?]
	at org.testng.TestRunner.run(TestRunner.java:591) ~[testng-7.0.0.jar:?]
	at org.testng.SuiteRunner.runTest(SuiteRunner.java:402) ~[testng-7.0.0.jar:?]
	at org.testng.SuiteRunner.runSequentially(SuiteRunner.java:396) ~[testng-7.0.0.jar:?]
	at org.testng.SuiteRunner.privateRun(SuiteRunner.java:355) ~[testng-7.0.0.jar:?]
	at org.testng.SuiteRunner.run(SuiteRunner.java:304) ~[testng-7.0.0.jar:?]
	at org.testng.SuiteRunnerWorker.runSuite(SuiteRunnerWorker.java:53) ~[testng-7.0.0.jar:?]
	at org.testng.SuiteRunnerWorker.run(SuiteRunnerWorker.java:96) ~[testng-7.0.0.jar:?]
	at org.testng.TestNG.runSuitesSequentially(TestNG.java:1180) ~[testng-7.0.0.jar:?]
	at org.testng.TestNG.runSuitesLocally(TestNG.java:1102) ~[testng-7.0.0.jar:?]
	at org.testng.TestNG.runSuites(TestNG.java:1032) ~[testng-7.0.0.jar:?]
	at org.testng.TestNG.run(TestNG.java:1000) ~[testng-7.0.0.jar:?]
	at org.apache.maven.surefire.testng.TestNGExecutor.run(TestNGExecutor.java:324) ~[surefire-testng-3.0.0-M6.jar:3.0.0-M6]
	at org.apache.maven.surefire.testng.TestNGXmlTestSuite.execute(TestNGXmlTestSuite.java:74) ~[surefire-testng-3.0.0-M6.jar:3.0.0-M6]
	at org.apache.maven.surefire.testng.TestNGProvider.invoke(TestNGProvider.java:123) ~[surefire-testng-3.0.0-M6.jar:3.0.0-M6]
	at org.apache.maven.surefire.booter.ForkedBooter.runSuitesInProcess(ForkedBooter.java:456) ~[surefire-booter-3.0.0-M6.jar:3.0.0-M6]
	at org.apache.maven.surefire.booter.ForkedBooter.execute(ForkedBooter.java:169) ~[surefire-booter-3.0.0-M6.jar:3.0.0-M6]
	at org.apache.maven.surefire.booter.ForkedBooter.run(ForkedBooter.java:595) ~[surefire-booter-3.0.0-M6.jar:3.0.0-M6]
	at org.apache.maven.surefire.booter.ForkedBooter.main(ForkedBooter.java:581) ~[surefire-booter-3.0.0-M6.jar:3.0.0-M6]
[67][INFO ] 2022-06-17 18:37:35.234 : **************Script Update existing pet (POST) started***********
[69][INFO ] 2022-06-17 18:37:35.235 : Setting up configurations
[71][INFO ] 2022-06-17 18:37:35.235 : ***************************Test case started********************
[73][INFO ] 2022-06-17 18:37:35.236 : TestCase 1 : Test case to validate updating pet by id with valid name and status
[75][INFO ] 2022-06-17 18:37:35.283 : Response : {"id":111,"category":{"id":1,"name":"Dogs"},"name":"Retriever","photoUrls":["url1"],"tags":[{"id":1,"name":"tag1"}],"status":"sold"}
[77][INFO ] 2022-06-17 18:37:35.284 : Status Code : 200
[79][INFO ] 2022-06-17 18:37:35.330 : old pet name Beagal is successfully updated with new name as : Retriever
[81][INFO ] 2022-06-17 18:37:35.345 : old pet status available is successfully updated with new status as : sold
[83][INFO ] 2022-06-17 18:37:35.395 : testUpdatePetById : PASSED
[85][INFO ] 2022-06-17 18:37:35.396 : ***************************Test case started********************
[87][INFO ] 2022-06-17 18:37:35.397 : TestCase 2 : Test case to udpate invalid pet with name and status 
[89][INFO ] 2022-06-17 18:37:35.406 : Response : Pet not found
[91][INFO ] 2022-06-17 18:37:35.407 : Status Code : 404
[93][INFO ] 2022-06-17 18:37:35.407 : testUpdatePetByInvalidId : PASSED
[95][INFO ] 2022-06-17 18:37:35.408 : **************Script Create new order (POST)  started***********
[97][INFO ] 2022-06-17 18:37:35.408 : Setting up configurations
[99][INFO ] 2022-06-17 18:37:35.409 : ***************************Test case started********************
[101][INFO ] 2022-06-17 18:37:35.410 : TestCase 1 : Test case toValidate pet order creation 
[103][INFO ] 2022-06-17 18:37:35.421 : Response : {"id":10,"petId":198772,"quantity":7,"shipDate":"2022-06-15T07:32:26.094+00:00","status":"approved","complete":true}
[105][INFO ] 2022-06-17 18:37:35.422 : Status Code : 200
[107][INFO ] 2022-06-17 18:37:35.440 : Order created for the pet id : 198772 with quantity : 7
[109][INFO ] 2022-06-17 18:37:35.441 : testCreatePetOrder : PASSED
[111][INFO ] 2022-06-17 18:37:35.442 : ***************************Test case started********************
[113][INFO ] 2022-06-17 18:37:35.442 : TestCase 2 : Test case to validate order creation with placed status 
[115][INFO ] 2022-06-17 18:37:35.458 : Response : {"id":10,"petId":198772,"quantity":7,"shipDate":"2022-06-15T07:32:26.094+00:00","status":"placed","complete":true}
[117][INFO ] 2022-06-17 18:37:35.458 : Status Code : 200
[119][INFO ] 2022-06-17 18:37:35.480 : Order created for the pet id : 198772 with status : placed
[121][INFO ] 2022-06-17 18:37:35.503 : order succesfully created with id : 10 and with status as : placed
[123][INFO ] 2022-06-17 18:37:35.503 : testCreatePlacedPetOrder : PASSED
[125][INFO ] 2022-06-17 18:37:35.504 : ***************************Test case started********************
[127][INFO ] 2022-06-17 18:37:35.504 : TestCase 3 : Test case to validate order creation with delivered status 
[129][INFO ] 2022-06-17 18:37:35.520 : Response : {"id":10,"petId":198772,"quantity":7,"shipDate":"2022-06-15T07:32:26.094+00:00","status":"delivered","complete":true}
[131][INFO ] 2022-06-17 18:37:35.521 : Status Code : 200
[133][INFO ] 2022-06-17 18:37:35.548 : Order created for the pet id : 198772 with status : delivered
[135][INFO ] 2022-06-17 18:37:35.581 : order succesfully created with id : 10 and with status as : delivered
[137][INFO ] 2022-06-17 18:37:35.582 : testCreateDeliveredPetOrder : PASSED
[139][INFO ] 2022-06-17 18:37:35.582 : ***************************Test case started********************
[141][INFO ] 2022-06-17 18:37:35.583 : TestCase 4 : Test case to validate order creation with invalid status 
[143][INFO ] 2022-06-17 18:37:35.590 : Response : {"id":10,"petId":198772,"quantity":7,"shipDate":"2022-06-15T07:32:26.094+00:00","status":"pending","complete":true}
[145][INFO ] 2022-06-17 18:37:35.591 : Status Code : 200
[147][ERROR] 2022-06-17 18:37:35.591 : testCreateOrderWithInvalidStatus : FAILED : 
java.lang.AssertionError: expected [true] but found [false]
	at org.testng.Assert.fail(Assert.java:97) ~[testng-7.0.0.jar:?]
	at org.testng.Assert.assertEqualsImpl(Assert.java:136) ~[testng-7.0.0.jar:?]
	at org.testng.Assert.assertEquals(Assert.java:118) ~[testng-7.0.0.jar:?]
	at org.testng.Assert.assertEquals(Assert.java:751) ~[testng-7.0.0.jar:?]
	at org.testng.Assert.assertEquals(Assert.java:761) ~[testng-7.0.0.jar:?]
	at com.n26.functional.store.CreateOrder.testCreateOrderWithInvalidStatus(CreateOrder.java:111) ~[test-classes/:?]
	at sun.reflect.NativeMethodAccessorImpl.invoke0(Native Method) ~[?:1.8.0_312]
	at sun.reflect.NativeMethodAccessorImpl.invoke(NativeMethodAccessorImpl.java:62) ~[?:1.8.0_312]
	at sun.reflect.DelegatingMethodAccessorImpl.invoke(DelegatingMethodAccessorImpl.java:43) ~[?:1.8.0_312]
	at java.lang.reflect.Method.invoke(Method.java:498) ~[?:1.8.0_312]
	at org.testng.internal.MethodInvocationHelper.invokeMethod(MethodInvocationHelper.java:133) ~[testng-7.0.0.jar:?]
	at org.testng.internal.TestInvoker.invokeMethod(TestInvoker.java:584) ~[testng-7.0.0.jar:?]
	at org.testng.internal.TestInvoker.invokeTestMethod(TestInvoker.java:172) ~[testng-7.0.0.jar:?]
	at org.testng.internal.MethodRunner.runInSequence(MethodRunner.java:46) ~[testng-7.0.0.jar:?]
	at org.testng.internal.TestInvoker$MethodInvocationAgent.invoke(TestInvoker.java:804) ~[testng-7.0.0.jar:?]
	at org.testng.internal.TestInvoker.invokeTestMethods(TestInvoker.java:145) ~[testng-7.0.0.jar:?]
	at org.testng.internal.TestMethodWorker.invokeTestMethods(TestMethodWorker.java:146) ~[testng-7.0.0.jar:?]
	at org.testng.internal.TestMethodWorker.run(TestMethodWorker.java:128) ~[testng-7.0.0.jar:?]
	at java.util.ArrayList.forEach(ArrayList.java:1259) ~[?:1.8.0_312]
	at org.testng.TestRunner.privateRun(TestRunner.java:770) ~[testng-7.0.0.jar:?]
	at org.testng.TestRunner.run(TestRunner.java:591) ~[testng-7.0.0.jar:?]
	at org.testng.SuiteRunner.runTest(SuiteRunner.java:402) ~[testng-7.0.0.jar:?]
	at org.testng.SuiteRunner.runSequentially(SuiteRunner.java:396) ~[testng-7.0.0.jar:?]
	at org.testng.SuiteRunner.privateRun(SuiteRunner.java:355) ~[testng-7.0.0.jar:?]
	at org.testng.SuiteRunner.run(SuiteRunner.java:304) ~[testng-7.0.0.jar:?]
	at org.testng.SuiteRunnerWorker.runSuite(SuiteRunnerWorker.java:53) ~[testng-7.0.0.jar:?]
	at org.testng.SuiteRunnerWorker.run(SuiteRunnerWorker.java:96) ~[testng-7.0.0.jar:?]
	at org.testng.TestNG.runSuitesSequentially(TestNG.java:1180) ~[testng-7.0.0.jar:?]
	at org.testng.TestNG.runSuitesLocally(TestNG.java:1102) ~[testng-7.0.0.jar:?]
	at org.testng.TestNG.runSuites(TestNG.java:1032) ~[testng-7.0.0.jar:?]
	at org.testng.TestNG.run(TestNG.java:1000) ~[testng-7.0.0.jar:?]
	at org.apache.maven.surefire.testng.TestNGExecutor.run(TestNGExecutor.java:324) ~[surefire-testng-3.0.0-M6.jar:3.0.0-M6]
	at org.apache.maven.surefire.testng.TestNGXmlTestSuite.execute(TestNGXmlTestSuite.java:74) ~[surefire-testng-3.0.0-M6.jar:3.0.0-M6]
	at org.apache.maven.surefire.testng.TestNGProvider.invoke(TestNGProvider.java:123) ~[surefire-testng-3.0.0-M6.jar:3.0.0-M6]
	at org.apache.maven.surefire.booter.ForkedBooter.runSuitesInProcess(ForkedBooter.java:456) ~[surefire-booter-3.0.0-M6.jar:3.0.0-M6]
	at org.apache.maven.surefire.booter.ForkedBooter.execute(ForkedBooter.java:169) ~[surefire-booter-3.0.0-M6.jar:3.0.0-M6]
	at org.apache.maven.surefire.booter.ForkedBooter.run(ForkedBooter.java:595) ~[surefire-booter-3.0.0-M6.jar:3.0.0-M6]
	at org.apache.maven.surefire.booter.ForkedBooter.main(ForkedBooter.java:581) ~[surefire-booter-3.0.0-M6.jar:3.0.0-M6]
[149][INFO ] 2022-06-17 18:37:35.593 : **************Script Delete existing order (DELETE)  started***********
[151][INFO ] 2022-06-17 18:37:35.593 : Setting up configurations
[153][INFO ] 2022-06-17 18:37:35.594 : ***************************Test case started********************
[155][INFO ] 2022-06-17 18:37:35.595 : TestCase 1 : Test case to validate deleting order from store with valid id 
[157][INFO ] 2022-06-17 18:37:35.621 : Pet created sucesfully with id : 10
[159][INFO ] 2022-06-17 18:37:35.630 : Retrieved order succesfully for the id : 10
[161][INFO ] 2022-06-17 18:37:35.639 : Response : 
[163][INFO ] 2022-06-17 18:37:35.639 : Status Code : 200
[165][INFO ] 2022-06-17 18:37:35.639 : Order deleted succesfully for the id : 10
[167][INFO ] 2022-06-17 18:37:35.646 : Order does not exist for deleted id :  10 says Order not found
[169][INFO ] 2022-06-17 18:37:35.646 : testDeleteOrderByValidId : PASSED
[171][INFO ] 2022-06-17 18:37:35.647 : ***************************Test case started********************
[173][INFO ] 2022-06-17 18:37:35.647 : TestCase 2 : Test case to validate deleting order from store with invalid id 
[175][INFO ] 2022-06-17 18:37:35.661 : Status Code : 200
[177][ERROR] 2022-06-17 18:37:35.662 : testDeleteOrderByInValidId : FAILED : 
java.lang.AssertionError: expected [true] but found [false]
	at org.testng.Assert.fail(Assert.java:97) ~[testng-7.0.0.jar:?]
	at org.testng.Assert.assertEqualsImpl(Assert.java:136) ~[testng-7.0.0.jar:?]
	at org.testng.Assert.assertEquals(Assert.java:118) ~[testng-7.0.0.jar:?]
	at org.testng.Assert.assertEquals(Assert.java:751) ~[testng-7.0.0.jar:?]
	at org.testng.Assert.assertEquals(Assert.java:761) ~[testng-7.0.0.jar:?]
	at com.n26.functional.store.DeleteOrder.testDeleteOrderByInValidId(DeleteOrder.java:84) ~[test-classes/:?]
	at sun.reflect.NativeMethodAccessorImpl.invoke0(Native Method) ~[?:1.8.0_312]
	at sun.reflect.NativeMethodAccessorImpl.invoke(NativeMethodAccessorImpl.java:62) ~[?:1.8.0_312]
	at sun.reflect.DelegatingMethodAccessorImpl.invoke(DelegatingMethodAccessorImpl.java:43) ~[?:1.8.0_312]
	at java.lang.reflect.Method.invoke(Method.java:498) ~[?:1.8.0_312]
	at org.testng.internal.MethodInvocationHelper.invokeMethod(MethodInvocationHelper.java:133) ~[testng-7.0.0.jar:?]
	at org.testng.internal.TestInvoker.invokeMethod(TestInvoker.java:584) ~[testng-7.0.0.jar:?]
	at org.testng.internal.TestInvoker.invokeTestMethod(TestInvoker.java:172) ~[testng-7.0.0.jar:?]
	at org.testng.internal.MethodRunner.runInSequence(MethodRunner.java:46) ~[testng-7.0.0.jar:?]
	at org.testng.internal.TestInvoker$MethodInvocationAgent.invoke(TestInvoker.java:804) ~[testng-7.0.0.jar:?]
	at org.testng.internal.TestInvoker.invokeTestMethods(TestInvoker.java:145) ~[testng-7.0.0.jar:?]
	at org.testng.internal.TestMethodWorker.invokeTestMethods(TestMethodWorker.java:146) ~[testng-7.0.0.jar:?]
	at org.testng.internal.TestMethodWorker.run(TestMethodWorker.java:128) ~[testng-7.0.0.jar:?]
	at java.util.ArrayList.forEach(ArrayList.java:1259) ~[?:1.8.0_312]
	at org.testng.TestRunner.privateRun(TestRunner.java:770) ~[testng-7.0.0.jar:?]
	at org.testng.TestRunner.run(TestRunner.java:591) ~[testng-7.0.0.jar:?]
	at org.testng.SuiteRunner.runTest(SuiteRunner.java:402) ~[testng-7.0.0.jar:?]
	at org.testng.SuiteRunner.runSequentially(SuiteRunner.java:396) ~[testng-7.0.0.jar:?]
	at org.testng.SuiteRunner.privateRun(SuiteRunner.java:355) ~[testng-7.0.0.jar:?]
	at org.testng.SuiteRunner.run(SuiteRunner.java:304) ~[testng-7.0.0.jar:?]
	at org.testng.SuiteRunnerWorker.runSuite(SuiteRunnerWorker.java:53) ~[testng-7.0.0.jar:?]
	at org.testng.SuiteRunnerWorker.run(SuiteRunnerWorker.java:96) ~[testng-7.0.0.jar:?]
	at org.testng.TestNG.runSuitesSequentially(TestNG.java:1180) ~[testng-7.0.0.jar:?]
	at org.testng.TestNG.runSuitesLocally(TestNG.java:1102) ~[testng-7.0.0.jar:?]
	at org.testng.TestNG.runSuites(TestNG.java:1032) ~[testng-7.0.0.jar:?]
	at org.testng.TestNG.run(TestNG.java:1000) ~[testng-7.0.0.jar:?]
	at org.apache.maven.surefire.testng.TestNGExecutor.run(TestNGExecutor.java:324) ~[surefire-testng-3.0.0-M6.jar:3.0.0-M6]
	at org.apache.maven.surefire.testng.TestNGXmlTestSuite.execute(TestNGXmlTestSuite.java:74) ~[surefire-testng-3.0.0-M6.jar:3.0.0-M6]
	at org.apache.maven.surefire.testng.TestNGProvider.invoke(TestNGProvider.java:123) ~[surefire-testng-3.0.0-M6.jar:3.0.0-M6]
	at org.apache.maven.surefire.booter.ForkedBooter.runSuitesInProcess(ForkedBooter.java:456) ~[surefire-booter-3.0.0-M6.jar:3.0.0-M6]
	at org.apache.maven.surefire.booter.ForkedBooter.execute(ForkedBooter.java:169) ~[surefire-booter-3.0.0-M6.jar:3.0.0-M6]
	at org.apache.maven.surefire.booter.ForkedBooter.run(ForkedBooter.java:595) ~[surefire-booter-3.0.0-M6.jar:3.0.0-M6]
	at org.apache.maven.surefire.booter.ForkedBooter.main(ForkedBooter.java:581) ~[surefire-booter-3.0.0-M6.jar:3.0.0-M6]
[179][INFO ] 2022-06-17 18:37:35.663 : **************Script Get existing orders (GET) started***********
[181][INFO ] 2022-06-17 18:37:35.664 : Setting up configurations
[183][INFO ] 2022-06-17 18:37:35.665 : ***************************Test case started********************
[185][INFO ] 2022-06-17 18:37:35.665 : TestCase 1 : Test case to validate get order by invalid id 
[187][INFO ] 2022-06-17 18:37:35.679 : Pet created sucesfully with id : 10
[189][INFO ] 2022-06-17 18:37:35.695 : Response : Order not found
[191][INFO ] 2022-06-17 18:37:35.696 : Status Code : 404
[193][INFO ] 2022-06-17 18:37:35.696 : Order does not exist for the id :  121 says Order not found
[195][INFO ] 2022-06-17 18:37:35.696 : testGetOrderByInvalidId : PASSED
[197][INFO ] 2022-06-17 18:37:35.697 : **************Script Delete a pet (DELETE) started***********
[199][INFO ] 2022-06-17 18:37:35.697 : Setting up configurations
[201][INFO ] 2022-06-17 18:37:35.698 : ***************************Test case started********************
[203][INFO ] 2022-06-17 18:37:35.699 : TestCase 1 : Test case to validate pet deletion by valid id
[205][INFO ] 2022-06-17 18:37:35.721 : Pet delete response : Pet deleted
[207][INFO ] 2022-06-17 18:37:35.728 : Get response for deleted Pet : Pet not found
[209][INFO ] 2022-06-17 18:37:35.729 : testDeletePetByValidId : PASSED
[211][INFO ] 2022-06-17 18:37:35.729 : ***************************Test case started********************
[213][INFO ] 2022-06-17 18:37:35.735 : Pet delete response : Pet deleted
[215][ERROR] 2022-06-17 18:37:35.737 : testDeletePetByInvalidId : FAILED : 
java.lang.AssertionError: expected [true] but found [false]
	at org.testng.Assert.fail(Assert.java:97) ~[testng-7.0.0.jar:?]
	at org.testng.Assert.assertEqualsImpl(Assert.java:136) ~[testng-7.0.0.jar:?]
	at org.testng.Assert.assertEquals(Assert.java:118) ~[testng-7.0.0.jar:?]
	at org.testng.Assert.assertEquals(Assert.java:751) ~[testng-7.0.0.jar:?]
	at org.testng.Assert.assertEquals(Assert.java:761) ~[testng-7.0.0.jar:?]
	at com.n26.functional.pets.DeletePet.testDeletePetByInvalidId(DeletePet.java:71) ~[test-classes/:?]
	at sun.reflect.NativeMethodAccessorImpl.invoke0(Native Method) ~[?:1.8.0_312]
	at sun.reflect.NativeMethodAccessorImpl.invoke(NativeMethodAccessorImpl.java:62) ~[?:1.8.0_312]
	at sun.reflect.DelegatingMethodAccessorImpl.invoke(DelegatingMethodAccessorImpl.java:43) ~[?:1.8.0_312]
	at java.lang.reflect.Method.invoke(Method.java:498) ~[?:1.8.0_312]
	at org.testng.internal.MethodInvocationHelper.invokeMethod(MethodInvocationHelper.java:133) ~[testng-7.0.0.jar:?]
	at org.testng.internal.TestInvoker.invokeMethod(TestInvoker.java:584) ~[testng-7.0.0.jar:?]
	at org.testng.internal.TestInvoker.invokeTestMethod(TestInvoker.java:172) ~[testng-7.0.0.jar:?]
	at org.testng.internal.MethodRunner.runInSequence(MethodRunner.java:46) ~[testng-7.0.0.jar:?]
	at org.testng.internal.TestInvoker$MethodInvocationAgent.invoke(TestInvoker.java:804) ~[testng-7.0.0.jar:?]
	at org.testng.internal.TestInvoker.invokeTestMethods(TestInvoker.java:145) ~[testng-7.0.0.jar:?]
	at org.testng.internal.TestMethodWorker.invokeTestMethods(TestMethodWorker.java:146) ~[testng-7.0.0.jar:?]
	at org.testng.internal.TestMethodWorker.run(TestMethodWorker.java:128) ~[testng-7.0.0.jar:?]
	at java.util.ArrayList.forEach(ArrayList.java:1259) ~[?:1.8.0_312]
	at org.testng.TestRunner.privateRun(TestRunner.java:770) ~[testng-7.0.0.jar:?]
	at org.testng.TestRunner.run(TestRunner.java:591) ~[testng-7.0.0.jar:?]
	at org.testng.SuiteRunner.runTest(SuiteRunner.java:402) ~[testng-7.0.0.jar:?]
	at org.testng.SuiteRunner.runSequentially(SuiteRunner.java:396) ~[testng-7.0.0.jar:?]
	at org.testng.SuiteRunner.privateRun(SuiteRunner.java:355) ~[testng-7.0.0.jar:?]
	at org.testng.SuiteRunner.run(SuiteRunner.java:304) ~[testng-7.0.0.jar:?]
	at org.testng.SuiteRunnerWorker.runSuite(SuiteRunnerWorker.java:53) ~[testng-7.0.0.jar:?]
	at org.testng.SuiteRunnerWorker.run(SuiteRunnerWorker.java:96) ~[testng-7.0.0.jar:?]
	at org.testng.TestNG.runSuitesSequentially(TestNG.java:1180) ~[testng-7.0.0.jar:?]
	at org.testng.TestNG.runSuitesLocally(TestNG.java:1102) ~[testng-7.0.0.jar:?]
	at org.testng.TestNG.runSuites(TestNG.java:1032) ~[testng-7.0.0.jar:?]
	at org.testng.TestNG.run(TestNG.java:1000) ~[testng-7.0.0.jar:?]
	at org.apache.maven.surefire.testng.TestNGExecutor.run(TestNGExecutor.java:324) ~[surefire-testng-3.0.0-M6.jar:3.0.0-M6]
	at org.apache.maven.surefire.testng.TestNGXmlTestSuite.execute(TestNGXmlTestSuite.java:74) ~[surefire-testng-3.0.0-M6.jar:3.0.0-M6]
	at org.apache.maven.surefire.testng.TestNGProvider.invoke(TestNGProvider.java:123) ~[surefire-testng-3.0.0-M6.jar:3.0.0-M6]
	at org.apache.maven.surefire.booter.ForkedBooter.runSuitesInProcess(ForkedBooter.java:456) ~[surefire-booter-3.0.0-M6.jar:3.0.0-M6]
	at org.apache.maven.surefire.booter.ForkedBooter.execute(ForkedBooter.java:169) ~[surefire-booter-3.0.0-M6.jar:3.0.0-M6]
	at org.apache.maven.surefire.booter.ForkedBooter.run(ForkedBooter.java:595) ~[surefire-booter-3.0.0-M6.jar:3.0.0-M6]
	at org.apache.maven.surefire.booter.ForkedBooter.main(ForkedBooter.java:581) ~[surefire-booter-3.0.0-M6.jar:3.0.0-M6]
[217][INFO ] 2022-06-17 18:37:35.738 : **************Script Find pets by status (GET) started***********
[219][INFO ] 2022-06-17 18:37:35.738 : Setting up configurations
[221][INFO ] 2022-06-17 18:37:35.739 : ***************************Test case started********************
[223][INFO ] 2022-06-17 18:37:35.739 : TestCase 1 : Test case to retrieve valid Pet by available status
[225][INFO ] 2022-06-17 18:37:35.745 : Response : [{"id":1,"category":{"id":2,"name":"Cats"},"name":"Cat 1","photoUrls":["url1","url2"],"tags":[{"id":1,"name":"tag1"},{"id":2,"name":"tag2"}],"status":"available"},{"id":2,"category":{"id":2,"name":"Cats"},"name":"Cat 2","photoUrls":["url1","url2"],"tags":[{"id":1,"name":"tag2"},{"id":2,"name":"tag3"}],"status":"available"},{"id":4,"category":{"id":1,"name":"Dogs"},"name":"Dog 1","photoUrls":["url1","url2"],"tags":[{"id":1,"name":"tag1"},{"id":2,"name":"tag2"}],"status":"available"},{"id":7,"category":{"id":4,"name":"Lions"},"name":"Lion 1","photoUrls":["url1","url2"],"tags":[{"id":1,"name":"tag1"},{"id":2,"name":"tag2"}],"status":"available"},{"id":8,"category":{"id":4,"name":"Lions"},"name":"Lion 2","photoUrls":["url1","url2"],"tags":[{"id":1,"name":"tag2"},{"id":2,"name":"tag3"}],"status":"available"},{"id":9,"category":{"id":4,"name":"Lions"},"name":"Lion 3","photoUrls":["url1","url2"],"tags":[{"id":1,"name":"tag3"},{"id":2,"name":"tag4"}],"status":"available"},{"id":10,"category":{"id":1,"name":"Dogs"},"name":"doggie","photoUrls":["string"],"tags":[{"id":0,"name":"string"}],"status":"available"}]
[227][INFO ] 2022-06-17 18:37:35.746 : Status Code : 200
[229][INFO ] 2022-06-17 18:37:35.776 : Pet status : [available, available, available, available, available, available, available]
[231][INFO ] 2022-06-17 18:37:35.776 : testGetPetByAvailableStatus : PASSED
[233][INFO ] 2022-06-17 18:37:35.777 : ***************************Test case started********************
[235][INFO ] 2022-06-17 18:37:35.777 : TestCase 2 : Test case to retrieve valid Pet by pending status
[237][INFO ] 2022-06-17 18:37:35.785 : Response : [{"id":3,"category":{"id":2,"name":"Cats"},"name":"Cat 3","photoUrls":["url1","url2"],"tags":[{"id":1,"name":"tag3"},{"id":2,"name":"tag4"}],"status":"pending"},{"id":6,"category":{"id":1,"name":"Dogs"},"name":"Dog 3","photoUrls":["url1","url2"],"tags":[{"id":1,"name":"tag3"},{"id":2,"name":"tag4"}],"status":"pending"}]
[239][INFO ] 2022-06-17 18:37:35.785 : Status Code : 200
[241][INFO ] 2022-06-17 18:37:35.808 : Pet status : [pending, pending]
[243][INFO ] 2022-06-17 18:37:35.809 : testValidPetByPendingStatus : PASSED
[245][INFO ] 2022-06-17 18:37:35.810 : ***************************Test case started********************
[247][INFO ] 2022-06-17 18:37:35.810 : TestCase 3: Test case to retrieve valid Pet by sold status
[249][INFO ] 2022-06-17 18:37:35.817 : Response : [{"id":5,"category":{"id":1,"name":"Dogs"},"name":"Dog 2","photoUrls":["url1","url2"],"tags":[{"id":1,"name":"tag2"},{"id":2,"name":"tag3"}],"status":"sold"}]
[251][INFO ] 2022-06-17 18:37:35.817 : Status Code : 200
[253][INFO ] 2022-06-17 18:37:35.834 : Pet status : [sold]
[255][INFO ] 2022-06-17 18:37:35.835 : testValidPetBySoldStatus : PASSED
[257][INFO ] 2022-06-17 18:37:35.835 : ***************************Test case started********************
[259][INFO ] 2022-06-17 18:37:35.835 : TestCase 4 : Test case to validate find pet by invalid status
[261][INFO ] 2022-06-17 18:37:35.844 : Response : {"code":400,"message":"Input error: query parameter `status value `Deleted` is not in the allowable values `[available, pending, sold]`"}
[263][INFO ] 2022-06-17 18:37:35.844 : Status Code : 400
[265][INFO ] 2022-06-17 18:37:35.850 : Inavlid status value : Input error: query parameter `status value `Deleted` is not in the allowable values `[available, pending, sold]`
[267][INFO ] 2022-06-17 18:37:35.851 : testGetPetByInvalidStatus : PASSED
[269][INFO ] 2022-06-17 18:37:35.852 : **************Script Delete existing user (DELETE)  started***********
[271][INFO ] 2022-06-17 18:37:35.852 : Setting up configurations
[273][INFO ] 2022-06-17 18:37:35.892 : User succesfully logged in
[275][INFO ] 2022-06-17 18:37:35.892 : ***************************Test case started********************
[277][INFO ] 2022-06-17 18:37:35.893 : TestCase 1 : Test case to validate  user deletion with valid name
[279][INFO ] 2022-06-17 18:37:35.925 : Succesfully retrieved user details
[281][INFO ] 2022-06-17 18:37:35.933 : Succesfully deleted the user with status code : 200
[283][INFO ] 2022-06-17 18:37:35.934 : User John deleted succesfully with message : 
[285][INFO ] 2022-06-17 18:37:35.934 : testDeleteUserWithValidName : PASSED
[287][INFO ] 2022-06-17 18:37:35.935 : ***************************Test case started********************
[289][INFO ] 2022-06-17 18:37:35.935 : TestCase 2 : Test case to validate user deletion with invalid name
[291][ERROR] 2022-06-17 18:37:35.941 : testDeleteUserWithInValidName : FAILED : 
java.lang.AssertionError: expected [true] but found [false]
	at org.testng.Assert.fail(Assert.java:97) ~[testng-7.0.0.jar:?]
	at org.testng.Assert.assertEqualsImpl(Assert.java:136) ~[testng-7.0.0.jar:?]
	at org.testng.Assert.assertEquals(Assert.java:118) ~[testng-7.0.0.jar:?]
	at org.testng.Assert.assertEquals(Assert.java:751) ~[testng-7.0.0.jar:?]
	at org.testng.Assert.assertEquals(Assert.java:761) ~[testng-7.0.0.jar:?]
	at com.n26.functional.user.DeleteUser.testDeleteUserWithInValidName(DeleteUser.java:77) ~[test-classes/:?]
	at sun.reflect.NativeMethodAccessorImpl.invoke0(Native Method) ~[?:1.8.0_312]
	at sun.reflect.NativeMethodAccessorImpl.invoke(NativeMethodAccessorImpl.java:62) ~[?:1.8.0_312]
	at sun.reflect.DelegatingMethodAccessorImpl.invoke(DelegatingMethodAccessorImpl.java:43) ~[?:1.8.0_312]
	at java.lang.reflect.Method.invoke(Method.java:498) ~[?:1.8.0_312]
	at org.testng.internal.MethodInvocationHelper.invokeMethod(MethodInvocationHelper.java:133) ~[testng-7.0.0.jar:?]
	at org.testng.internal.TestInvoker.invokeMethod(TestInvoker.java:584) ~[testng-7.0.0.jar:?]
	at org.testng.internal.TestInvoker.invokeTestMethod(TestInvoker.java:172) ~[testng-7.0.0.jar:?]
	at org.testng.internal.MethodRunner.runInSequence(MethodRunner.java:46) ~[testng-7.0.0.jar:?]
	at org.testng.internal.TestInvoker$MethodInvocationAgent.invoke(TestInvoker.java:804) ~[testng-7.0.0.jar:?]
	at org.testng.internal.TestInvoker.invokeTestMethods(TestInvoker.java:145) ~[testng-7.0.0.jar:?]
	at org.testng.internal.TestMethodWorker.invokeTestMethods(TestMethodWorker.java:146) ~[testng-7.0.0.jar:?]
	at org.testng.internal.TestMethodWorker.run(TestMethodWorker.java:128) ~[testng-7.0.0.jar:?]
	at java.util.ArrayList.forEach(ArrayList.java:1259) ~[?:1.8.0_312]
	at org.testng.TestRunner.privateRun(TestRunner.java:770) ~[testng-7.0.0.jar:?]
	at org.testng.TestRunner.run(TestRunner.java:591) ~[testng-7.0.0.jar:?]
	at org.testng.SuiteRunner.runTest(SuiteRunner.java:402) ~[testng-7.0.0.jar:?]
	at org.testng.SuiteRunner.runSequentially(SuiteRunner.java:396) ~[testng-7.0.0.jar:?]
	at org.testng.SuiteRunner.privateRun(SuiteRunner.java:355) ~[testng-7.0.0.jar:?]
	at org.testng.SuiteRunner.run(SuiteRunner.java:304) ~[testng-7.0.0.jar:?]
	at org.testng.SuiteRunnerWorker.runSuite(SuiteRunnerWorker.java:53) ~[testng-7.0.0.jar:?]
	at org.testng.SuiteRunnerWorker.run(SuiteRunnerWorker.java:96) ~[testng-7.0.0.jar:?]
	at org.testng.TestNG.runSuitesSequentially(TestNG.java:1180) ~[testng-7.0.0.jar:?]
	at org.testng.TestNG.runSuitesLocally(TestNG.java:1102) ~[testng-7.0.0.jar:?]
	at org.testng.TestNG.runSuites(TestNG.java:1032) ~[testng-7.0.0.jar:?]
	at org.testng.TestNG.run(TestNG.java:1000) ~[testng-7.0.0.jar:?]
	at org.apache.maven.surefire.testng.TestNGExecutor.run(TestNGExecutor.java:324) ~[surefire-testng-3.0.0-M6.jar:3.0.0-M6]
	at org.apache.maven.surefire.testng.TestNGXmlTestSuite.execute(TestNGXmlTestSuite.java:74) ~[surefire-testng-3.0.0-M6.jar:3.0.0-M6]
	at org.apache.maven.surefire.testng.TestNGProvider.invoke(TestNGProvider.java:123) ~[surefire-testng-3.0.0-M6.jar:3.0.0-M6]
	at org.apache.maven.surefire.booter.ForkedBooter.runSuitesInProcess(ForkedBooter.java:456) ~[surefire-booter-3.0.0-M6.jar:3.0.0-M6]
	at org.apache.maven.surefire.booter.ForkedBooter.execute(ForkedBooter.java:169) ~[surefire-booter-3.0.0-M6.jar:3.0.0-M6]
	at org.apache.maven.surefire.booter.ForkedBooter.run(ForkedBooter.java:595) ~[surefire-booter-3.0.0-M6.jar:3.0.0-M6]
	at org.apache.maven.surefire.booter.ForkedBooter.main(ForkedBooter.java:581) ~[surefire-booter-3.0.0-M6.jar:3.0.0-M6]
[293][INFO ] 2022-06-17 18:37:35.942 : **************Script  User login-logout (GET) started***********
[295][INFO ] 2022-06-17 18:37:35.943 : Setting up configurations
[297][INFO ] 2022-06-17 18:37:35.943 : ***************************Test case started********************
[299][INFO ] 2022-06-17 18:37:35.943 : TestCase 1 : Test case to Validate user login 
[301][INFO ] 2022-06-17 18:37:35.986 : User succesfully logged in
[303][INFO ] 2022-06-17 18:37:35.987 : Response : Logged in user session: 2097186839694709760
[305][INFO ] 2022-06-17 18:37:35.987 : Status Code : 200
[307][INFO ] 2022-06-17 18:37:35.987 : testUserLogin : PASSED
[309][INFO ] 2022-06-17 18:37:35.988 : ***************************Test case started********************
[311][INFO ] 2022-06-17 18:37:35.988 : TestCase 2 : Test case to Validate error message when only user name is passed
[313][INFO ] 2022-06-17 18:37:36.034 : User succesfully logged in
[315][ERROR] 2022-06-17 18:37:36.036 : testUserLoginwithOnlyUserName : FAILED : 
java.lang.AssertionError: expected [true] but found [false]
	at org.testng.Assert.fail(Assert.java:97) ~[testng-7.0.0.jar:?]
	at org.testng.Assert.assertEqualsImpl(Assert.java:136) ~[testng-7.0.0.jar:?]
	at org.testng.Assert.assertEquals(Assert.java:118) ~[testng-7.0.0.jar:?]
	at org.testng.Assert.assertEquals(Assert.java:751) ~[testng-7.0.0.jar:?]
	at org.testng.Assert.assertEquals(Assert.java:761) ~[testng-7.0.0.jar:?]
	at com.n26.functional.user.LoginLogout.testUserLoginwithOnlyUserName(LoginLogout.java:55) ~[test-classes/:?]
	at sun.reflect.NativeMethodAccessorImpl.invoke0(Native Method) ~[?:1.8.0_312]
	at sun.reflect.NativeMethodAccessorImpl.invoke(NativeMethodAccessorImpl.java:62) ~[?:1.8.0_312]
	at sun.reflect.DelegatingMethodAccessorImpl.invoke(DelegatingMethodAccessorImpl.java:43) ~[?:1.8.0_312]
	at java.lang.reflect.Method.invoke(Method.java:498) ~[?:1.8.0_312]
	at org.testng.internal.MethodInvocationHelper.invokeMethod(MethodInvocationHelper.java:133) ~[testng-7.0.0.jar:?]
	at org.testng.internal.TestInvoker.invokeMethod(TestInvoker.java:584) ~[testng-7.0.0.jar:?]
	at org.testng.internal.TestInvoker.invokeTestMethod(TestInvoker.java:172) ~[testng-7.0.0.jar:?]
	at org.testng.internal.MethodRunner.runInSequence(MethodRunner.java:46) ~[testng-7.0.0.jar:?]
	at org.testng.internal.TestInvoker$MethodInvocationAgent.invoke(TestInvoker.java:804) ~[testng-7.0.0.jar:?]
	at org.testng.internal.TestInvoker.invokeTestMethods(TestInvoker.java:145) ~[testng-7.0.0.jar:?]
	at org.testng.internal.TestMethodWorker.invokeTestMethods(TestMethodWorker.java:146) ~[testng-7.0.0.jar:?]
	at org.testng.internal.TestMethodWorker.run(TestMethodWorker.java:128) ~[testng-7.0.0.jar:?]
	at java.util.ArrayList.forEach(ArrayList.java:1259) ~[?:1.8.0_312]
	at org.testng.TestRunner.privateRun(TestRunner.java:770) ~[testng-7.0.0.jar:?]
	at org.testng.TestRunner.run(TestRunner.java:591) ~[testng-7.0.0.jar:?]
	at org.testng.SuiteRunner.runTest(SuiteRunner.java:402) ~[testng-7.0.0.jar:?]
	at org.testng.SuiteRunner.runSequentially(SuiteRunner.java:396) ~[testng-7.0.0.jar:?]
	at org.testng.SuiteRunner.privateRun(SuiteRunner.java:355) ~[testng-7.0.0.jar:?]
	at org.testng.SuiteRunner.run(SuiteRunner.java:304) ~[testng-7.0.0.jar:?]
	at org.testng.SuiteRunnerWorker.runSuite(SuiteRunnerWorker.java:53) ~[testng-7.0.0.jar:?]
	at org.testng.SuiteRunnerWorker.run(SuiteRunnerWorker.java:96) ~[testng-7.0.0.jar:?]
	at org.testng.TestNG.runSuitesSequentially(TestNG.java:1180) ~[testng-7.0.0.jar:?]
	at org.testng.TestNG.runSuitesLocally(TestNG.java:1102) ~[testng-7.0.0.jar:?]
	at org.testng.TestNG.runSuites(TestNG.java:1032) ~[testng-7.0.0.jar:?]
	at org.testng.TestNG.run(TestNG.java:1000) ~[testng-7.0.0.jar:?]
	at org.apache.maven.surefire.testng.TestNGExecutor.run(TestNGExecutor.java:324) ~[surefire-testng-3.0.0-M6.jar:3.0.0-M6]
	at org.apache.maven.surefire.testng.TestNGXmlTestSuite.execute(TestNGXmlTestSuite.java:74) ~[surefire-testng-3.0.0-M6.jar:3.0.0-M6]
	at org.apache.maven.surefire.testng.TestNGProvider.invoke(TestNGProvider.java:123) ~[surefire-testng-3.0.0-M6.jar:3.0.0-M6]
	at org.apache.maven.surefire.booter.ForkedBooter.runSuitesInProcess(ForkedBooter.java:456) ~[surefire-booter-3.0.0-M6.jar:3.0.0-M6]
	at org.apache.maven.surefire.booter.ForkedBooter.execute(ForkedBooter.java:169) ~[surefire-booter-3.0.0-M6.jar:3.0.0-M6]
	at org.apache.maven.surefire.booter.ForkedBooter.run(ForkedBooter.java:595) ~[surefire-booter-3.0.0-M6.jar:3.0.0-M6]
	at org.apache.maven.surefire.booter.ForkedBooter.main(ForkedBooter.java:581) ~[surefire-booter-3.0.0-M6.jar:3.0.0-M6]
[317][INFO ] 2022-06-17 18:37:36.037 : ***************************Test case started********************
[319][INFO ] 2022-06-17 18:37:36.038 : TestCase 3 : Test case to Validate error message when only password is passed
[321][INFO ] 2022-06-17 18:37:36.068 : User succesfully logged in
[323][ERROR] 2022-06-17 18:37:36.069 : testUserLoginwithOnlyPassword : FAILED : 
java.lang.AssertionError: expected [true] but found [false]
	at org.testng.Assert.fail(Assert.java:97) ~[testng-7.0.0.jar:?]
	at org.testng.Assert.assertEqualsImpl(Assert.java:136) ~[testng-7.0.0.jar:?]
	at org.testng.Assert.assertEquals(Assert.java:118) ~[testng-7.0.0.jar:?]
	at org.testng.Assert.assertEquals(Assert.java:751) ~[testng-7.0.0.jar:?]
	at org.testng.Assert.assertEquals(Assert.java:761) ~[testng-7.0.0.jar:?]
	at com.n26.functional.user.LoginLogout.testUserLoginwithOnlyPassword(LoginLogout.java:67) ~[test-classes/:?]
	at sun.reflect.NativeMethodAccessorImpl.invoke0(Native Method) ~[?:1.8.0_312]
	at sun.reflect.NativeMethodAccessorImpl.invoke(NativeMethodAccessorImpl.java:62) ~[?:1.8.0_312]
	at sun.reflect.DelegatingMethodAccessorImpl.invoke(DelegatingMethodAccessorImpl.java:43) ~[?:1.8.0_312]
	at java.lang.reflect.Method.invoke(Method.java:498) ~[?:1.8.0_312]
	at org.testng.internal.MethodInvocationHelper.invokeMethod(MethodInvocationHelper.java:133) ~[testng-7.0.0.jar:?]
	at org.testng.internal.TestInvoker.invokeMethod(TestInvoker.java:584) ~[testng-7.0.0.jar:?]
	at org.testng.internal.TestInvoker.invokeTestMethod(TestInvoker.java:172) ~[testng-7.0.0.jar:?]
	at org.testng.internal.MethodRunner.runInSequence(MethodRunner.java:46) ~[testng-7.0.0.jar:?]
	at org.testng.internal.TestInvoker$MethodInvocationAgent.invoke(TestInvoker.java:804) ~[testng-7.0.0.jar:?]
	at org.testng.internal.TestInvoker.invokeTestMethods(TestInvoker.java:145) ~[testng-7.0.0.jar:?]
	at org.testng.internal.TestMethodWorker.invokeTestMethods(TestMethodWorker.java:146) ~[testng-7.0.0.jar:?]
	at org.testng.internal.TestMethodWorker.run(TestMethodWorker.java:128) ~[testng-7.0.0.jar:?]
	at java.util.ArrayList.forEach(ArrayList.java:1259) ~[?:1.8.0_312]
	at org.testng.TestRunner.privateRun(TestRunner.java:770) ~[testng-7.0.0.jar:?]
	at org.testng.TestRunner.run(TestRunner.java:591) ~[testng-7.0.0.jar:?]
	at org.testng.SuiteRunner.runTest(SuiteRunner.java:402) ~[testng-7.0.0.jar:?]
	at org.testng.SuiteRunner.runSequentially(SuiteRunner.java:396) ~[testng-7.0.0.jar:?]
	at org.testng.SuiteRunner.privateRun(SuiteRunner.java:355) ~[testng-7.0.0.jar:?]
	at org.testng.SuiteRunner.run(SuiteRunner.java:304) ~[testng-7.0.0.jar:?]
	at org.testng.SuiteRunnerWorker.runSuite(SuiteRunnerWorker.java:53) ~[testng-7.0.0.jar:?]
	at org.testng.SuiteRunnerWorker.run(SuiteRunnerWorker.java:96) ~[testng-7.0.0.jar:?]
	at org.testng.TestNG.runSuitesSequentially(TestNG.java:1180) ~[testng-7.0.0.jar:?]
	at org.testng.TestNG.runSuitesLocally(TestNG.java:1102) ~[testng-7.0.0.jar:?]
	at org.testng.TestNG.runSuites(TestNG.java:1032) ~[testng-7.0.0.jar:?]
	at org.testng.TestNG.run(TestNG.java:1000) ~[testng-7.0.0.jar:?]
	at org.apache.maven.surefire.testng.TestNGExecutor.run(TestNGExecutor.java:324) ~[surefire-testng-3.0.0-M6.jar:3.0.0-M6]
	at org.apache.maven.surefire.testng.TestNGXmlTestSuite.execute(TestNGXmlTestSuite.java:74) ~[surefire-testng-3.0.0-M6.jar:3.0.0-M6]
	at org.apache.maven.surefire.testng.TestNGProvider.invoke(TestNGProvider.java:123) ~[surefire-testng-3.0.0-M6.jar:3.0.0-M6]
	at org.apache.maven.surefire.booter.ForkedBooter.runSuitesInProcess(ForkedBooter.java:456) ~[surefire-booter-3.0.0-M6.jar:3.0.0-M6]
	at org.apache.maven.surefire.booter.ForkedBooter.execute(ForkedBooter.java:169) ~[surefire-booter-3.0.0-M6.jar:3.0.0-M6]
	at org.apache.maven.surefire.booter.ForkedBooter.run(ForkedBooter.java:595) ~[surefire-booter-3.0.0-M6.jar:3.0.0-M6]
	at org.apache.maven.surefire.booter.ForkedBooter.main(ForkedBooter.java:581) ~[surefire-booter-3.0.0-M6.jar:3.0.0-M6]
[325][INFO ] 2022-06-17 18:37:36.071 : ***************************Test case started********************
[327][INFO ] 2022-06-17 18:37:36.071 : TestCase 4 : Test case to Validate succesfull logout
[329][INFO ] 2022-06-17 18:37:36.077 : User succesfully logged out
[331][INFO ] 2022-06-17 18:37:36.078 : Response : User logged out
[333][INFO ] 2022-06-17 18:37:36.078 : Status Code : 200
[335][INFO ] 2022-06-17 18:37:36.078 : testUserLogout : PASSED
[337][INFO ] 2022-06-17 18:37:36.079 : **************Script Update existing user (PUT) started***********
[339][INFO ] 2022-06-17 18:37:36.079 : Setting up configurations
[341][INFO ] 2022-06-17 18:37:36.108 : User succesfully logged in
[343][INFO ] 2022-06-17 18:37:36.109 : ***************************Test case started********************
[345][INFO ] 2022-06-17 18:37:36.109 : TestCase 1 : Test case to validate update user with valid name
[347][INFO ] 2022-06-17 18:37:36.216 : Get user response : {"id":22,"username":"John","firstName":"Tom","lastName":"bel","email":"tom@gmail.com","password":"test1","phone":"123456789","userStatus":1}
[349][INFO ] 2022-06-17 18:37:36.227 : Get user response : {"id":22,"username":"John","firstName":"Tom","lastName":"bel","email":"tom@gmail.com","password":"test1","phone":"123456789","userStatus":1}
[351][INFO ] 2022-06-17 18:37:36.228 : Succesfully retrieved user details
[353][INFO ] 2022-06-17 18:37:36.228 : testUpdateUserWithValidName : PASSED
[355][INFO ] 2022-06-17 18:37:36.229 : ***************************Test case started********************
[357][INFO ] 2022-06-17 18:37:36.230 : TestCase 2 : Test case to valdiate update user with invalid user name
[359][INFO ] 2022-06-17 18:37:36.240 : response : User not found
[361][INFO ] 2022-06-17 18:37:36.240 : testUpdateUserWIthInvalidUserName : PASSED
[363][INFO ] 2022-06-17 18:37:36.241 : **************Script Create new user (POST) started***********
[365][INFO ] 2022-06-17 18:37:36.243 : Setting up configurations
[367][INFO ] 2022-06-17 18:37:36.263 : User succesfully logged in
[369][INFO ] 2022-06-17 18:37:36.264 : ***************************Test case started********************
[371][INFO ] 2022-06-17 18:37:36.264 : TestCase 1 : Test case to validate single user creation
[373][INFO ] 2022-06-17 18:37:36.274 : Created user response : {"id":10,"username":"John","firstName":"John","lastName":"James","email":"john@email.com","password":"12345","phone":"12345","userStatus":1}
[375][INFO ] 2022-06-17 18:37:36.275 : User succesfully created with status code : 200
[377][INFO ] 2022-06-17 18:37:36.275 : Created user response : {"id":10,"username":"John","firstName":"John","lastName":"James","email":"john@email.com","password":"12345","phone":"12345","userStatus":1}
[379][INFO ] 2022-06-17 18:37:36.284 : username : John
[381][INFO ] 2022-06-17 18:37:36.302 : Get user response : {"id":10,"username":"John","firstName":"John","lastName":"James","email":"john@email.com","password":"12345","phone":"12345","userStatus":1}
[383][INFO ] 2022-06-17 18:37:36.302 : Succesfully retrieved user details
[385][INFO ] 2022-06-17 18:37:36.302 : testSingleUserCreation : PASSED
[387][INFO ] 2022-06-17 18:37:36.303 : ***************************Test case started********************
[389][INFO ] 2022-06-17 18:37:36.303 : TestCase 2 : Test case to validate multiple user creation
[391][INFO ] 2022-06-17 18:37:36.353 : Created list of users  : [{"id":10,"username":"John","firstName":"John","lastName":"James","email":"john@email.com","password":"12345","phone":"12345","userStatus":1},{"id":10,"username":"John","firstName":"John","lastName":"James","email":"john@email.com","password":"12345","phone":"12345","userStatus":1}]
[393][INFO ] 2022-06-17 18:37:36.354 : User succesfully created with status code : 200
[395][INFO ] 2022-06-17 18:37:36.354 : testMultipleUserCreation : PASSED
[397][INFO ] 2022-06-17 18:37:36.355 : **************Script Find pets by tags (GET) started***********
[399][INFO ] 2022-06-17 18:37:36.356 : Setting up configurations
[401][INFO ] 2022-06-17 18:37:36.357 : ***************************Test case started********************
[403][INFO ] 2022-06-17 18:37:36.357 : TestCase 1 : Test case to retrieve valid Pet by tags
[405][INFO ] 2022-06-17 18:37:36.412 : Status Code : 200
[407][INFO ] 2022-06-17 18:37:36.421 : Pet tags : [[own]]
[409][INFO ] 2022-06-17 18:37:36.428 : Expected filered tags pet are displaying : [{"id":111,"category":{"id":1,"name":"Dogs"},"name":"Beagal","photoUrls":["url1"],"tags":[{"id":111,"name":"own"}],"status":"available"}]
[411][INFO ] 2022-06-17 18:37:36.429 : testGetPetByValidTag : PASSED
[413][INFO ] 2022-06-17 18:37:36.429 : ***************************Test case started********************
[415][INFO ] 2022-06-17 18:37:36.429 : TestCase 2 : Test case to retrieve pet by invalid tags
[417][INFO ] 2022-06-17 18:37:36.468 : Status Code : 200
[419][INFO ] 2022-06-17 18:37:36.469 : There is no pet available for the tag : true
[421][INFO ] 2022-06-17 18:37:36.469 : Expected empty tag array is displaying : []
[423][INFO ] 2022-06-17 18:37:36.469 : tesGetPetByInvalidTags : PASSED
[425][INFO ] 2022-06-17 18:37:36.470 : **************Script Update existing pet (PUT) started***********
[427][INFO ] 2022-06-17 18:37:36.471 : Setting up configurations
[429][INFO ] 2022-06-17 18:37:36.472 : ***************************Test case started********************
[431][INFO ] 2022-06-17 18:37:36.472 : TestCase 1 : Test case to validate pet updation by Id 
[433][INFO ] 2022-06-17 18:37:36.499 : Response : {"id":111,"category":{"id":1,"name":"Dogs"},"name":"Lab","photoUrls":["url1"],"tags":[{"id":1,"name":"tag1"}],"status":"available"}
[435][INFO ] 2022-06-17 18:37:36.500 : Status Code : 200
[437][INFO ] 2022-06-17 18:37:36.536 : Old name ---> Beagal and updated name-->: Lab : Pet updated succesfully for the ID : 111
[439][INFO ] 2022-06-17 18:37:36.537 : testUpdatePetById : PASSED
[441][INFO ] 2022-06-17 18:37:36.537 : ***************************Test case started********************
[443][INFO ] 2022-06-17 18:37:36.537 : TestCase 2 : Test case to validate unsuccesful Pet updation by invalid id
[445][INFO ] 2022-06-17 18:37:36.563 : Response : Pet not found
[447][INFO ] 2022-06-17 18:37:36.564 : Status Code : 404
[449][INFO ] 2022-06-17 18:37:36.578 : Old name ---> Beagal and updated name-->: Beagal : Pet not updated as invalid ID Passed: 
[451][INFO ] 2022-06-17 18:37:36.579 : testUpdatePetByInvaidId : PASSED
[453][INFO ] 2022-06-17 18:37:36.579 : **************Script Upload pet image (POST) started***********
[455][INFO ] 2022-06-17 18:37:36.580 : Setting up configurations
[457][INFO ] 2022-06-17 18:37:36.581 : ***************************Test case started********************
[459][INFO ] 2022-06-17 18:37:36.581 : TestCase 1 : Test case to validate pet image uploading
[461][INFO ] 2022-06-17 18:37:36.650 : Response : {"code":500,"message":"There was an error processing your request. It has been logged (ID: bb285e18bf66ba03)"}
[463][ERROR] 2022-06-17 18:37:36.651 : testUploadingPetImage : FAILED : 
java.lang.AssertionError: expected [true] but found [false]
	at org.testng.Assert.fail(Assert.java:97) ~[testng-7.0.0.jar:?]
	at org.testng.Assert.assertEqualsImpl(Assert.java:136) ~[testng-7.0.0.jar:?]
	at org.testng.Assert.assertEquals(Assert.java:118) ~[testng-7.0.0.jar:?]
	at org.testng.Assert.assertEquals(Assert.java:751) ~[testng-7.0.0.jar:?]
	at org.testng.Assert.assertEquals(Assert.java:761) ~[testng-7.0.0.jar:?]
	at com.n26.functional.pets.UplodPetImage.testUploadingPetImage(UplodPetImage.java:55) ~[test-classes/:?]
	at sun.reflect.NativeMethodAccessorImpl.invoke0(Native Method) ~[?:1.8.0_312]
	at sun.reflect.NativeMethodAccessorImpl.invoke(NativeMethodAccessorImpl.java:62) ~[?:1.8.0_312]
	at sun.reflect.DelegatingMethodAccessorImpl.invoke(DelegatingMethodAccessorImpl.java:43) ~[?:1.8.0_312]
	at java.lang.reflect.Method.invoke(Method.java:498) ~[?:1.8.0_312]
	at org.testng.internal.MethodInvocationHelper.invokeMethod(MethodInvocationHelper.java:133) ~[testng-7.0.0.jar:?]
	at org.testng.internal.TestInvoker.invokeMethod(TestInvoker.java:584) ~[testng-7.0.0.jar:?]
	at org.testng.internal.TestInvoker.invokeTestMethod(TestInvoker.java:172) ~[testng-7.0.0.jar:?]
	at org.testng.internal.MethodRunner.runInSequence(MethodRunner.java:46) ~[testng-7.0.0.jar:?]
	at org.testng.internal.TestInvoker$MethodInvocationAgent.invoke(TestInvoker.java:804) ~[testng-7.0.0.jar:?]
	at org.testng.internal.TestInvoker.invokeTestMethods(TestInvoker.java:145) ~[testng-7.0.0.jar:?]
	at org.testng.internal.TestMethodWorker.invokeTestMethods(TestMethodWorker.java:146) ~[testng-7.0.0.jar:?]
	at org.testng.internal.TestMethodWorker.run(TestMethodWorker.java:128) ~[testng-7.0.0.jar:?]
	at java.util.ArrayList.forEach(ArrayList.java:1259) ~[?:1.8.0_312]
	at org.testng.TestRunner.privateRun(TestRunner.java:770) ~[testng-7.0.0.jar:?]
	at org.testng.TestRunner.run(TestRunner.java:591) ~[testng-7.0.0.jar:?]
	at org.testng.SuiteRunner.runTest(SuiteRunner.java:402) ~[testng-7.0.0.jar:?]
	at org.testng.SuiteRunner.runSequentially(SuiteRunner.java:396) ~[testng-7.0.0.jar:?]
	at org.testng.SuiteRunner.privateRun(SuiteRunner.java:355) ~[testng-7.0.0.jar:?]
	at org.testng.SuiteRunner.run(SuiteRunner.java:304) ~[testng-7.0.0.jar:?]
	at org.testng.SuiteRunnerWorker.runSuite(SuiteRunnerWorker.java:53) ~[testng-7.0.0.jar:?]
	at org.testng.SuiteRunnerWorker.run(SuiteRunnerWorker.java:96) ~[testng-7.0.0.jar:?]
	at org.testng.TestNG.runSuitesSequentially(TestNG.java:1180) ~[testng-7.0.0.jar:?]
	at org.testng.TestNG.runSuitesLocally(TestNG.java:1102) ~[testng-7.0.0.jar:?]
	at org.testng.TestNG.runSuites(TestNG.java:1032) ~[testng-7.0.0.jar:?]
	at org.testng.TestNG.run(TestNG.java:1000) ~[testng-7.0.0.jar:?]
	at org.apache.maven.surefire.testng.TestNGExecutor.run(TestNGExecutor.java:324) ~[surefire-testng-3.0.0-M6.jar:3.0.0-M6]
	at org.apache.maven.surefire.testng.TestNGXmlTestSuite.execute(TestNGXmlTestSuite.java:74) ~[surefire-testng-3.0.0-M6.jar:3.0.0-M6]
	at org.apache.maven.surefire.testng.TestNGProvider.invoke(TestNGProvider.java:123) ~[surefire-testng-3.0.0-M6.jar:3.0.0-M6]
	at org.apache.maven.surefire.booter.ForkedBooter.runSuitesInProcess(ForkedBooter.java:456) ~[surefire-booter-3.0.0-M6.jar:3.0.0-M6]
	at org.apache.maven.surefire.booter.ForkedBooter.execute(ForkedBooter.java:169) ~[surefire-booter-3.0.0-M6.jar:3.0.0-M6]
	at org.apache.maven.surefire.booter.ForkedBooter.run(ForkedBooter.java:595) ~[surefire-booter-3.0.0-M6.jar:3.0.0-M6]
	at org.apache.maven.surefire.booter.ForkedBooter.main(ForkedBooter.java:581) ~[surefire-booter-3.0.0-M6.jar:3.0.0-M6]
[465][INFO ] 2022-06-17 18:37:36.908 : ***********************************Test execution ended************************************

[467][INFO ] 2022-06-17 18:37:36.995 : Total Class        : 14
[469][INFO ] 2022-06-17 18:37:36.996 : Start Time         : Fri Jun 17 18:37:33 IST 2022
[471][INFO ] 2022-06-17 18:37:36.996 : Passed tests count : 26.0
[473][INFO ] 2022-06-17 18:37:36.996 : Failed tests count : 9.0
[475][INFO ] 2022-06-17 18:37:36.996 : Skipped tests count: 0
[477][INFO ] 2022-06-17 18:37:36.996 : Pass percentage    : 74.28571428571429%
[479][INFO ] 2022-06-17 18:37:36.996 : Fail percentage    : 25.71428571428571%
[481][INFO ] 2022-06-17 18:37:36.996 : End Time           : Fri Jun 17 18:37:36 IST 2022
