<?xml version="1.0" encoding="UTF-8"?>
<!-- Generated by org.testng.reporters.JUnitXMLReporter -->
<testsuite hostname="9FNHHG3" ignored="0" name="Smoke" tests="35" failures="9" timestamp="2022-06-17T15:09:56 IST" time="3.558" errors="0">
  <testcase name="testCreatePet" time="0.972" classname="com.n26.functional.pets.CreatePet_POST"/>
  <testcase name="testCreatePetwWithoutMandatoryParams" time="0.558" classname="com.n26.functional.pets.CreatePet_POST">
    <failure type="java.lang.AssertionError" message="expected [true] but found [false]">
      <![CDATA[java.lang.AssertionError: expected [true] but found [false]
at com.n26.functional.pets.CreatePet_POST.testCreatePetwWithoutMandatoryParams(CreatePet_POST.java:64)
at java.util.ArrayList.forEach(ArrayList.java:1259)
... Removed 36 stack frames]]>
    </failure>
  </testcase> <!-- testCreatePetwWithoutMandatoryParams -->
  <testcase name="testCreatePetWithInvalidRequestMethod" time="0.053" classname="com.n26.functional.pets.CreatePet_POST"/>
  <testcase name="testCreatePetWithInvalidDataType_Id" time="0.071" classname="com.n26.functional.pets.CreatePet_POST"/>
  <testcase name="testCreatePetWithInvalidDataType_name" time="0.011" classname="com.n26.functional.pets.CreatePet_POST">
    <failure type="java.lang.AssertionError" message="expected [true] but found [false]">
      <![CDATA[java.lang.AssertionError: expected [true] but found [false]
at com.n26.functional.pets.CreatePet_POST.testCreatePetWithInvalidDataType_name(CreatePet_POST.java:101)
at java.util.ArrayList.forEach(ArrayList.java:1259)
... Removed 36 stack frames]]>
    </failure>
  </testcase> <!-- testCreatePetWithInvalidDataType_name -->
  <testcase name="testUpdatePetById" time="0.097" classname="com.n26.functional.pets.UpdateAndGetPetById"/>
  <testcase name="testUpdatePetByInvaidId" time="0.05" classname="com.n26.functional.pets.UpdateAndGetPetById"/>
  <testcase name="testCreatePetOrder" time="0.022" classname="com.n26.functional.store.CreateOrder"/>
  <testcase name="testCreatePlacedPetOrder" time="0.079" classname="com.n26.functional.store.CreateOrder"/>
  <testcase name="testCreateDeliveredPetOrder" time="0.072" classname="com.n26.functional.store.CreateOrder"/>
  <testcase name="testCreateOrderWithInvalidStatus" time="0.009" classname="com.n26.functional.store.CreateOrder">
    <failure type="java.lang.AssertionError" message="expected [true] but found [false]">
      <![CDATA[java.lang.AssertionError: expected [true] but found [false]
at com.n26.functional.store.CreateOrder.testCreateOrderWithInvalidStatus(CreateOrder.java:114)
at java.util.ArrayList.forEach(ArrayList.java:1259)
... Removed 36 stack frames]]>
    </failure>
  </testcase> <!-- testCreateOrderWithInvalidStatus -->
  <testcase name="testDeleteOrderByValidId" time="0.065" classname="com.n26.functional.store.DeleteOrder"/>
  <testcase name="testDeleteOrderByInValidId" time="0.019" classname="com.n26.functional.store.DeleteOrder">
    <failure type="java.lang.AssertionError" message="expected [true] but found [false]">
      <![CDATA[java.lang.AssertionError: expected [true] but found [false]
at com.n26.functional.store.DeleteOrder.testDeleteOrderByInValidId(DeleteOrder.java:84)
at java.util.ArrayList.forEach(ArrayList.java:1259)
... Removed 36 stack frames]]>
    </failure>
  </testcase> <!-- testDeleteOrderByInValidId -->
  <testcase name="testGetOrderByInvalidId" time="0.028" classname="com.n26.functional.store.GetOrders"/>
  <testcase name="testDeletePetByValidId" time="0.031" classname="com.n26.functional.pets.DeletePetById"/>
  <testcase name="testDeletePetByInvalidId" time="0.009" classname="com.n26.functional.pets.DeletePetById">
    <failure type="java.lang.AssertionError" message="expected [true] but found [false]">
      <![CDATA[java.lang.AssertionError: expected [true] but found [false]
at com.n26.functional.pets.DeletePetById.testDeletePetByInvalidId(DeletePetById.java:71)
at java.util.ArrayList.forEach(ArrayList.java:1259)
... Removed 36 stack frames]]>
    </failure>
  </testcase> <!-- testDeletePetByInvalidId -->
  <testcase name="testGetPetByAvailableStatus" time="0.049" classname="com.n26.functional.pets.FindPetByStatus"/>
  <testcase name="testValidPetByPendingStatus" time="0.036" classname="com.n26.functional.pets.FindPetByStatus"/>
  <testcase name="testValidPetBySoldStatus" time="0.036" classname="com.n26.functional.pets.FindPetByStatus"/>
  <testcase name="testGetPetByInvalidStatus" time="0.014" classname="com.n26.functional.pets.FindPetByStatus"/>
  <testcase name="testDeleteUserWithValidName" time="0.04" classname="com.n26.functional.user.DeleteUser"/>
  <testcase name="testDeleteUserWithInValidName" time="0.006" classname="com.n26.functional.user.DeleteUser">
    <failure type="java.lang.AssertionError" message="expected [true] but found [false]">
      <![CDATA[java.lang.AssertionError: expected [true] but found [false]
at com.n26.functional.user.DeleteUser.testDeleteUserWithInValidName(DeleteUser.java:79)
at java.util.ArrayList.forEach(ArrayList.java:1259)
... Removed 36 stack frames]]>
    </failure>
  </testcase> <!-- testDeleteUserWithInValidName -->
  <testcase name="testUserLogin" time="0.033" classname="com.n26.functional.user.LoginLogout"/>
  <testcase name="testUserLoginwithOnlyUserName" time="0.035" classname="com.n26.functional.user.LoginLogout">
    <failure type="java.lang.AssertionError" message="expected [true] but found [false]">
      <![CDATA[java.lang.AssertionError: expected [true] but found [false]
at com.n26.functional.user.LoginLogout.testUserLoginwithOnlyUserName(LoginLogout.java:59)
at java.util.ArrayList.forEach(ArrayList.java:1259)
... Removed 36 stack frames]]>
    </failure>
  </testcase> <!-- testUserLoginwithOnlyUserName -->
  <testcase name="testUserLoginwithOnlyPassword" time="0.046" classname="com.n26.functional.user.LoginLogout">
    <failure type="java.lang.AssertionError" message="expected [true] but found [false]">
      <![CDATA[java.lang.AssertionError: expected [true] but found [false]
at com.n26.functional.user.LoginLogout.testUserLoginwithOnlyPassword(LoginLogout.java:72)
at java.util.ArrayList.forEach(ArrayList.java:1259)
... Removed 36 stack frames]]>
    </failure>
  </testcase> <!-- testUserLoginwithOnlyPassword -->
  <testcase name="testUserLogout" time="0.008" classname="com.n26.functional.user.LoginLogout"/>
  <testcase name="testUpdateUserWithValidName" time="0.066" classname="com.n26.functional.user.UpdateUser"/>
  <testcase name="testUpdateUserWIthInvalidUserName" time="0.008" classname="com.n26.functional.user.UpdateUser"/>
  <testcase name="testSingleUserCreation" time="0.03" classname="com.n26.functional.user.UserCreation"/>
  <testcase name="testMultipleUserCreation" time="0.052" classname="com.n26.functional.user.UserCreation"/>
  <testcase name="testGetPetByValidTag" time="0.068" classname="com.n26.functional.pets.FindByTags"/>
  <testcase name="tesGetPetByInvalidTags" time="0.038" classname="com.n26.functional.pets.FindByTags"/>
  <testcase name="testValidPetUpdateWithNameStatus" time="0.174" classname="com.n26.functional.pets.UpdatePetById"/>
  <testcase name="testInavlidPetUpdate" time="0.024" classname="com.n26.functional.pets.UpdatePetById"/>
  <testcase name="testUploadingPetImage" time="0.025" classname="com.n26.functional.pets.UplodPetImage">
    <failure type="java.lang.AssertionError" message="expected [true] but found [false]">
      <![CDATA[java.lang.AssertionError: expected [true] but found [false]
at com.n26.functional.pets.UplodPetImage.testUploadingPetImage(UplodPetImage.java:58)
at java.util.ArrayList.forEach(ArrayList.java:1259)
... Removed 36 stack frames]]>
    </failure>
  </testcase> <!-- testUploadingPetImage -->
</testsuite> <!-- Smoke -->
