[1][INFO ] 2022-06-13 18:59:29.480 : Project Name        : PetStore
[3][INFO ] 2022-06-13 18:59:29.557 : Test Environment    : http://localhost:8080/api/v3
[5][INFO ] 2022-06-13 18:59:29.558 : Executed on OS      : Linux
[7][INFO ] 2022-06-13 18:59:29.558 : Executed By         : likhithanr
[9][INFO ] 2022-06-13 18:59:29.558 : ******************************Execution of POST - Pet creation started*******************************
[11][INFO ] 2022-06-13 18:59:29.562 : ******************************Execution of GET - UPdating existing pet started*******************************
[13][INFO ] 2022-06-13 18:59:29.571 : Setting up configurations
[15][INFO ] 2022-06-13 18:59:29.862 : TestCase 1 : Test case to validate successful pet creation 
[17][INFO ] 2022-06-13 18:59:29.862 : TestCase 1 : Test case to validate successful pet creation 
[19][INFO ] 2022-06-13 18:59:30.278 : Response : {"id":111,"category":{"id":1,"name":"Dogs"},"name":"Beagal","photoUrls":["url1"],"tags":[{"id":1,"name":"tag1"}],"status":"available"}
[21][INFO ] 2022-06-13 18:59:30.278 : Response : {"id":111,"category":{"id":1,"name":"Dogs"},"name":"Beagal","photoUrls":["url1"],"tags":[{"id":1,"name":"tag1"}],"status":"available"}
[23][INFO ] 2022-06-13 18:59:30.308 : Status Code : 200
[25][INFO ] 2022-06-13 18:59:30.308 : Status Code : 200
[27][INFO ] 2022-06-13 18:59:30.646 : Beagal : Pet created
[29][INFO ] 2022-06-13 18:59:30.647 : Beagal : Pet created
[31][INFO ] 2022-06-13 18:59:30.648 : testCreatePet : PASSED
[33][INFO ] 2022-06-13 18:59:30.650 : TestCase 2: Test case to validate bad request when request sent without mandatory field
[35][INFO ] 2022-06-13 18:59:30.650 : TestCase 2: Test case to validate bad request when request sent without mandatory field
[37][ERROR] 2022-06-13 18:59:31.009 : testCreatePetwWithoutMandatoryParams : FAILED : 
java.lang.AssertionError: expected [true] but found [false]
	at org.testng.Assert.fail(Assert.java:97) ~[testng-7.0.0.jar:?]
	at org.testng.Assert.assertEqualsImpl(Assert.java:136) ~[testng-7.0.0.jar:?]
	at org.testng.Assert.assertEquals(Assert.java:118) ~[testng-7.0.0.jar:?]
	at org.testng.Assert.assertEquals(Assert.java:751) ~[testng-7.0.0.jar:?]
	at org.testng.Assert.assertEquals(Assert.java:761) ~[testng-7.0.0.jar:?]
	at com.n26.functional.pets.CreatePet_POST.testCreatePetwWithoutMandatoryParams(CreatePet_POST.java:69) ~[test-classes/:?]
	at sun.reflect.NativeMethodAccessorImpl.invoke0(Native Method) ~[?:1.8.0_312]
	at sun.reflect.NativeMethodAccessorImpl.invoke(NativeMethodAccessorImpl.java:62) ~[?:1.8.0_312]
	at sun.reflect.DelegatingMethodAccessorImpl.invoke(DelegatingMethodAccessorImpl.java:43) ~[?:1.8.0_312]
	at java.lang.reflect.Method.invoke(Method.java:498) ~[?:1.8.0_312]
	at org.testng.internal.MethodInvocationHelper.invokeMethod(MethodInvocationHelper.java:133) ~[testng-7.0.0.jar:?]
	at org.testng.internal.TestInvoker.invokeMethod(TestInvoker.java:584) ~[testng-7.0.0.jar:?]
	at org.testng.internal.TestInvoker.invokeTestMethod(TestInvoker.java:172) ~[testng-7.0.0.jar:?]
	at org.testng.internal.MethodRunner.runInSequence(MethodRunner.java:46) ~[testng-7.0.0.jar:?]
	at org.testng.internal.TestInvoker$MethodInvocationAgent.invoke(TestInvoker.java:804) ~[testng-7.0.0.jar:?]
	at org.testng.internal.TestInvoker.invokeTestMethods(TestInvoker.java:145) ~[testng-7.0.0.jar:?]
	at org.testng.internal.TestMethodWorker.invokeTestMethods(TestMethodWorker.java:146) ~[testng-7.0.0.jar:?]
	at org.testng.internal.TestMethodWorker.run(TestMethodWorker.java:128) ~[testng-7.0.0.jar:?]
	at java.util.ArrayList.forEach(ArrayList.java:1259) ~[?:1.8.0_312]
	at org.testng.TestRunner.privateRun(TestRunner.java:770) ~[testng-7.0.0.jar:?]
	at org.testng.TestRunner.run(TestRunner.java:591) ~[testng-7.0.0.jar:?]
	at org.testng.SuiteRunner.runTest(SuiteRunner.java:402) ~[testng-7.0.0.jar:?]
	at org.testng.SuiteRunner.runSequentially(SuiteRunner.java:396) ~[testng-7.0.0.jar:?]
	at org.testng.SuiteRunner.privateRun(SuiteRunner.java:355) ~[testng-7.0.0.jar:?]
	at org.testng.SuiteRunner.run(SuiteRunner.java:304) ~[testng-7.0.0.jar:?]
	at org.testng.SuiteRunnerWorker.runSuite(SuiteRunnerWorker.java:53) ~[testng-7.0.0.jar:?]
	at org.testng.SuiteRunnerWorker.run(SuiteRunnerWorker.java:96) ~[testng-7.0.0.jar:?]
	at org.testng.TestNG.runSuitesSequentially(TestNG.java:1180) ~[testng-7.0.0.jar:?]
	at org.testng.TestNG.runSuitesLocally(TestNG.java:1102) ~[testng-7.0.0.jar:?]
	at org.testng.TestNG.runSuites(TestNG.java:1032) ~[testng-7.0.0.jar:?]
	at org.testng.TestNG.run(TestNG.java:1000) ~[testng-7.0.0.jar:?]
	at org.apache.maven.surefire.testng.TestNGExecutor.run(TestNGExecutor.java:324) ~[surefire-testng-3.0.0-M6.jar:3.0.0-M6]
	at org.apache.maven.surefire.testng.TestNGXmlTestSuite.execute(TestNGXmlTestSuite.java:74) ~[surefire-testng-3.0.0-M6.jar:3.0.0-M6]
	at org.apache.maven.surefire.testng.TestNGProvider.invoke(TestNGProvider.java:123) ~[surefire-testng-3.0.0-M6.jar:3.0.0-M6]
	at org.apache.maven.surefire.booter.ForkedBooter.runSuitesInProcess(ForkedBooter.java:456) ~[surefire-booter-3.0.0-M6.jar:3.0.0-M6]
	at org.apache.maven.surefire.booter.ForkedBooter.execute(ForkedBooter.java:169) ~[surefire-booter-3.0.0-M6.jar:3.0.0-M6]
	at org.apache.maven.surefire.booter.ForkedBooter.run(ForkedBooter.java:595) ~[surefire-booter-3.0.0-M6.jar:3.0.0-M6]
	at org.apache.maven.surefire.booter.ForkedBooter.main(ForkedBooter.java:581) ~[surefire-booter-3.0.0-M6.jar:3.0.0-M6]
[39][INFO ] 2022-06-13 18:59:31.014 : TestCase 3: Test case to validate 405 bad request
[41][INFO ] 2022-06-13 18:59:31.014 : TestCase 3: Test case to validate 405 bad request
[43][INFO ] 2022-06-13 18:59:31.031 : Response : {"code":405,"message":"HTTP 405 Method Not Allowed"}
[45][INFO ] 2022-06-13 18:59:31.031 : Response : {"code":405,"message":"HTTP 405 Method Not Allowed"}
[47][INFO ] 2022-06-13 18:59:31.032 : Status Code : 405
[49][INFO ] 2022-06-13 18:59:31.032 : Status Code : 405
[51][INFO ] 2022-06-13 18:59:31.040 : 405 : Bad Request status code
[53][INFO ] 2022-06-13 18:59:31.041 : 405 : Bad Request status code
[55][INFO ] 2022-06-13 18:59:31.048 : HTTP 405 Method Not Allowed : Invalid Value
[57][INFO ] 2022-06-13 18:59:31.048 : HTTP 405 Method Not Allowed : Invalid Value
[59][INFO ] 2022-06-13 18:59:31.048 : testCreatePetWithInvalidRequestMethod : PASSED
[61][INFO ] 2022-06-13 18:59:31.049 : TestCase 4: Test case to validate ID param with Inavalid data types
[63][INFO ] 2022-06-13 18:59:31.049 : TestCase 4: Test case to validate ID param with Inavalid data types
[65][INFO ] 2022-06-13 18:59:31.088 : {"photoUrls":["url1"],"name":"Beagal","id":"abc","category":{"name":"Dogs","id":1},"tags":[{"name":"tag1","id":1}],"status":"available"}
[67][INFO ] 2022-06-13 18:59:31.089 : {"photoUrls":["url1"],"name":"Beagal","id":"abc","category":{"name":"Dogs","id":1},"tags":[{"name":"tag1","id":1}],"status":"available"}
[69][INFO ] 2022-06-13 18:59:31.103 : Response : {"code":400,"message":"Input error: unable to convert input to io.swagger.petstore.model.Pet"}
[71][INFO ] 2022-06-13 18:59:31.104 : Response : {"code":400,"message":"Input error: unable to convert input to io.swagger.petstore.model.Pet"}
[73][INFO ] 2022-06-13 18:59:31.104 : Status Code : 400
[75][INFO ] 2022-06-13 18:59:31.104 : Status Code : 400
[77][INFO ] 2022-06-13 18:59:31.112 : 400 : Bad Request status code
[79][INFO ] 2022-06-13 18:59:31.113 : 400 : Bad Request status code
[81][INFO ] 2022-06-13 18:59:31.123 : Input error: unable to convert input to io.swagger.petstore.model.Pet : Invalid Value
[83][INFO ] 2022-06-13 18:59:31.123 : Input error: unable to convert input to io.swagger.petstore.model.Pet : Invalid Value
[85][INFO ] 2022-06-13 18:59:31.124 : testCreatePetWithInvalidDataType_Id : PASSED
[87][INFO ] 2022-06-13 18:59:31.125 : TestCase 5: Test case to validate Name param with Inavalid data types
[89][INFO ] 2022-06-13 18:59:31.125 : TestCase 5: Test case to validate Name param with Inavalid data types
[91][INFO ] 2022-06-13 18:59:31.169 : {"photoUrls":["url1"],"name":"123","id":111,"category":{"name":"Dogs","id":1},"tags":[{"name":"tag1","id":1}],"status":"available"}
[93][INFO ] 2022-06-13 18:59:31.169 : {"photoUrls":["url1"],"name":"123","id":111,"category":{"name":"Dogs","id":1},"tags":[{"name":"tag1","id":1}],"status":"available"}
[95][ERROR] 2022-06-13 18:59:31.184 : testCreatePetWithInvalidDataType_name : FAILED : 
java.lang.AssertionError: expected [true] but found [false]
	at org.testng.Assert.fail(Assert.java:97) ~[testng-7.0.0.jar:?]
	at org.testng.Assert.assertEqualsImpl(Assert.java:136) ~[testng-7.0.0.jar:?]
	at org.testng.Assert.assertEquals(Assert.java:118) ~[testng-7.0.0.jar:?]
	at org.testng.Assert.assertEquals(Assert.java:751) ~[testng-7.0.0.jar:?]
	at org.testng.Assert.assertEquals(Assert.java:761) ~[testng-7.0.0.jar:?]
	at com.n26.functional.pets.CreatePet_POST.testCreatePetWithInvalidDataType_name(CreatePet_POST.java:116) ~[test-classes/:?]
	at sun.reflect.NativeMethodAccessorImpl.invoke0(Native Method) ~[?:1.8.0_312]
	at sun.reflect.NativeMethodAccessorImpl.invoke(NativeMethodAccessorImpl.java:62) ~[?:1.8.0_312]
	at sun.reflect.DelegatingMethodAccessorImpl.invoke(DelegatingMethodAccessorImpl.java:43) ~[?:1.8.0_312]
	at java.lang.reflect.Method.invoke(Method.java:498) ~[?:1.8.0_312]
	at org.testng.internal.MethodInvocationHelper.invokeMethod(MethodInvocationHelper.java:133) ~[testng-7.0.0.jar:?]
	at org.testng.internal.TestInvoker.invokeMethod(TestInvoker.java:584) ~[testng-7.0.0.jar:?]
	at org.testng.internal.TestInvoker.invokeTestMethod(TestInvoker.java:172) ~[testng-7.0.0.jar:?]
	at org.testng.internal.MethodRunner.runInSequence(MethodRunner.java:46) ~[testng-7.0.0.jar:?]
	at org.testng.internal.TestInvoker$MethodInvocationAgent.invoke(TestInvoker.java:804) ~[testng-7.0.0.jar:?]
	at org.testng.internal.TestInvoker.invokeTestMethods(TestInvoker.java:145) ~[testng-7.0.0.jar:?]
	at org.testng.internal.TestMethodWorker.invokeTestMethods(TestMethodWorker.java:146) ~[testng-7.0.0.jar:?]
	at org.testng.internal.TestMethodWorker.run(TestMethodWorker.java:128) ~[testng-7.0.0.jar:?]
	at java.util.ArrayList.forEach(ArrayList.java:1259) ~[?:1.8.0_312]
	at org.testng.TestRunner.privateRun(TestRunner.java:770) ~[testng-7.0.0.jar:?]
	at org.testng.TestRunner.run(TestRunner.java:591) ~[testng-7.0.0.jar:?]
	at org.testng.SuiteRunner.runTest(SuiteRunner.java:402) ~[testng-7.0.0.jar:?]
	at org.testng.SuiteRunner.runSequentially(SuiteRunner.java:396) ~[testng-7.0.0.jar:?]
	at org.testng.SuiteRunner.privateRun(SuiteRunner.java:355) ~[testng-7.0.0.jar:?]
	at org.testng.SuiteRunner.run(SuiteRunner.java:304) ~[testng-7.0.0.jar:?]
	at org.testng.SuiteRunnerWorker.runSuite(SuiteRunnerWorker.java:53) ~[testng-7.0.0.jar:?]
	at org.testng.SuiteRunnerWorker.run(SuiteRunnerWorker.java:96) ~[testng-7.0.0.jar:?]
	at org.testng.TestNG.runSuitesSequentially(TestNG.java:1180) ~[testng-7.0.0.jar:?]
	at org.testng.TestNG.runSuitesLocally(TestNG.java:1102) ~[testng-7.0.0.jar:?]
	at org.testng.TestNG.runSuites(TestNG.java:1032) ~[testng-7.0.0.jar:?]
	at org.testng.TestNG.run(TestNG.java:1000) ~[testng-7.0.0.jar:?]
	at org.apache.maven.surefire.testng.TestNGExecutor.run(TestNGExecutor.java:324) ~[surefire-testng-3.0.0-M6.jar:3.0.0-M6]
	at org.apache.maven.surefire.testng.TestNGXmlTestSuite.execute(TestNGXmlTestSuite.java:74) ~[surefire-testng-3.0.0-M6.jar:3.0.0-M6]
	at org.apache.maven.surefire.testng.TestNGProvider.invoke(TestNGProvider.java:123) ~[surefire-testng-3.0.0-M6.jar:3.0.0-M6]
	at org.apache.maven.surefire.booter.ForkedBooter.runSuitesInProcess(ForkedBooter.java:456) ~[surefire-booter-3.0.0-M6.jar:3.0.0-M6]
	at org.apache.maven.surefire.booter.ForkedBooter.execute(ForkedBooter.java:169) ~[surefire-booter-3.0.0-M6.jar:3.0.0-M6]
	at org.apache.maven.surefire.booter.ForkedBooter.run(ForkedBooter.java:595) ~[surefire-booter-3.0.0-M6.jar:3.0.0-M6]
	at org.apache.maven.surefire.booter.ForkedBooter.main(ForkedBooter.java:581) ~[surefire-booter-3.0.0-M6.jar:3.0.0-M6]
[97][INFO ] 2022-06-13 18:59:31.186 : Setting up configurations
[99][INFO ] 2022-06-13 18:59:31.188 : TestCase 1 : Test case to retrieve valid Pet by status
[101][INFO ] 2022-06-13 18:59:31.211 : Response : [{"id":4,"category":{"id":1,"name":"Dogs"},"name":"Dog 1","photoUrls":["url1","url2"],"tags":[{"id":1,"name":"tag1"},{"id":2,"name":"tag2"}],"status":"available"},{"id":7,"category":{"id":4,"name":"Lions"},"name":"Lion 1","photoUrls":["url1","url2"],"tags":[{"id":1,"name":"tag1"},{"id":2,"name":"tag2"}],"status":"available"},{"id":8,"category":{"id":4,"name":"Lions"},"name":"Lion 2","photoUrls":["url1","url2"],"tags":[{"id":1,"name":"tag2"},{"id":2,"name":"tag3"}],"status":"available"},{"id":9,"category":{"id":4,"name":"Lions"},"name":"Lion 3","photoUrls":["url1","url2"],"tags":[{"id":1,"name":"tag3"},{"id":2,"name":"tag4"}],"status":"available"},{"id":2,"category":{"id":2,"name":"Cats"},"name":"Cat 2","photoUrls":["url1","url2","/tmp/inflector6607735105158583683.tmp","/tmp/inflector206451380903558755.tmp"],"tags":[{"id":1,"name":"tag2"},{"id":2,"name":"tag3"}],"status":"available"},{"id":10,"category":{"id":1,"name":"Beagal"},"name":"Dogs","photoUrls":["url1"],"tags":[{"id":1,"name":"tag1"}],"status":"available"},{"id":111,"category":{"id":1,"name":"Dogs"},"name":"123","photoUrls":["url1"],"tags":[{"id":1,"name":"tag1"}],"status":"available"}]
[103][INFO ] 2022-06-13 18:59:31.212 : Status Code : 200
[105][INFO ] 2022-06-13 18:59:31.250 : Pet status : [available, available, available, available, available, available, available]
[107][INFO ] 2022-06-13 18:59:31.250 : testValidPetByAvailableStatus : PASSED
[109][INFO ] 2022-06-13 18:59:31.251 : TestCase 1 : Test case to validate find pet by invalid status
[111][INFO ] 2022-06-13 18:59:31.266 : Response : {"code":400,"message":"Input error: query parameter `status value `Deleted` is not in the allowable values `[available, pending, sold]`"}
[113][INFO ] 2022-06-13 18:59:31.266 : Status Code : 400
[115][INFO ] 2022-06-13 18:59:31.276 : Inavlid status value : Input error: query parameter `status value `Deleted` is not in the allowable values `[available, pending, sold]`
[117][INFO ] 2022-06-13 18:59:31.276 : testGetPetByInvalidStatus : PASSED
[119][INFO ] 2022-06-13 18:59:31.277 : TestCase 1 : Test case to retrieve valid Pet by status
[121][INFO ] 2022-06-13 18:59:31.287 : Response : [{"id":6,"category":{"id":1,"name":"Dogs"},"name":"Dog 3","photoUrls":["url1","url2"],"tags":[{"id":1,"name":"tag3"},{"id":2,"name":"tag4"}],"status":"pending"},{"id":333,"category":{"id":1,"name":"Dogs"},"name":"Lab1","photoUrls":["url1"],"tags":[{"id":1,"name":"tag1"}],"status":"pending"}]
[123][INFO ] 2022-06-13 18:59:31.287 : Status Code : 200
[125][INFO ] 2022-06-13 18:59:31.316 : Pet status : [pending, pending]
[127][INFO ] 2022-06-13 18:59:31.316 : testValidPetByPendingStatus : PASSED
[129][INFO ] 2022-06-13 18:59:31.317 : TestCase 1 : Test case to retrieve valid Pet by status
[131][INFO ] 2022-06-13 18:59:31.329 : Response : [{"id":5,"category":{"id":1,"name":"Dogs"},"name":"Dog 2","photoUrls":["url1","url2"],"tags":[{"id":1,"name":"tag2"},{"id":2,"name":"tag3"}],"status":"sold"}]
[133][INFO ] 2022-06-13 18:59:31.329 : Status Code : 200
[135][INFO ] 2022-06-13 18:59:31.360 : Pet status : [sold]
[137][INFO ] 2022-06-13 18:59:31.360 : testValidPetBySoldStatus : PASSED
[139][INFO ] 2022-06-13 18:59:31.538 : ***********************************Test execution ended************************************

[141][INFO ] 2022-06-13 18:59:31.549 : Total Class        : 2
[143][INFO ] 2022-06-13 18:59:31.549 : Start Time         : Mon Jun 13 18:59:29 IST 2022
[145][INFO ] 2022-06-13 18:59:31.549 : Passed tests count : 7.0
[147][INFO ] 2022-06-13 18:59:31.549 : Failed tests count : 2.0
[149][INFO ] 2022-06-13 18:59:31.549 : Skipped tests count: 0
[151][INFO ] 2022-06-13 18:59:31.549 : Pass percentage    : 77.77777777777779%
[153][INFO ] 2022-06-13 18:59:31.549 : Fail percentage    : 22.22222222222222%
[155][INFO ] 2022-06-13 18:59:31.549 : End Time           : Mon Jun 13 18:59:31 IST 2022
