[1][INFO ] 2022-06-13 19:06:43.476 : Project Name        : PetStore
[3][INFO ] 2022-06-13 19:06:43.547 : Test Environment    : http://localhost:8080/api/v3
[5][INFO ] 2022-06-13 19:06:43.547 : Executed on OS      : Linux
[7][INFO ] 2022-06-13 19:06:43.547 : Executed By         : likhithanr
[9][INFO ] 2022-06-13 19:06:43.548 : ******************************Execution of POST - Pet creation started*******************************
[11][INFO ] 2022-06-13 19:06:43.554 : Setting up configurations
[13][INFO ] 2022-06-13 19:06:43.853 : TestCase 1 : Test case to validate successful pet creation 
[15][INFO ] 2022-06-13 19:06:43.853 : TestCase 1 : Test case to validate successful pet creation 
[17][INFO ] 2022-06-13 19:06:44.264 : Response : {"id":111,"category":{"id":1,"name":"Dogs"},"name":"Beagal","photoUrls":["url1"],"tags":[{"id":1,"name":"tag1"}],"status":"available"}
[19][INFO ] 2022-06-13 19:06:44.265 : Response : {"id":111,"category":{"id":1,"name":"Dogs"},"name":"Beagal","photoUrls":["url1"],"tags":[{"id":1,"name":"tag1"}],"status":"available"}
[21][INFO ] 2022-06-13 19:06:44.265 : Status Code : 200
[23][INFO ] 2022-06-13 19:06:44.265 : Status Code : 200
[25][INFO ] 2022-06-13 19:06:44.622 : Beagal : Pet created
[27][INFO ] 2022-06-13 19:06:44.622 : Beagal : Pet created
[29][INFO ] 2022-06-13 19:06:44.623 : testCreatePet : PASSED
[31][INFO ] 2022-06-13 19:06:44.625 : ******************************Execution of GET - Retrieving pet by tags started*******************************
[33][INFO ] 2022-06-13 19:06:44.626 : Setting up configurations
[35][INFO ] 2022-06-13 19:06:44.627 : TestCase 1 : Test case to retrieve valid Pet by tags
[37][INFO ] 2022-06-13 19:06:45.227 : Status Code : 200
[39][INFO ] 2022-06-13 19:06:45.236 : Pet tags : [[own]]
[41][INFO ] 2022-06-13 19:06:45.244 : Expected filered tags pet are displaying : [{"id":111,"category":{"id":1,"name":"Dogs"},"name":"Beagal","photoUrls":["url1"],"tags":[{"id":111,"name":"own"}],"status":"available"}]
[43][INFO ] 2022-06-13 19:06:45.244 : testValidPetByAvailableStatus : PASSED
[45][INFO ] 2022-06-13 19:06:45.245 : TestCase 2 : Test case to retrieve invalid Pet by tags
[47][INFO ] 2022-06-13 19:06:45.313 : Status Code : 200
[49][INFO ] 2022-06-13 19:06:45.313 : There is no pet available for the tag : true
[51][INFO ] 2022-06-13 19:06:45.314 : Expected empty tag array is displaying : []
[53][INFO ] 2022-06-13 19:06:45.314 : tesGetPetByInvalidTags : PASSED
[55][INFO ] 2022-06-13 19:06:45.317 : TestCase 2: Test case to validate bad request when request sent without mandatory field
[57][INFO ] 2022-06-13 19:06:45.318 : TestCase 2: Test case to validate bad request when request sent without mandatory field
[59][ERROR] 2022-06-13 19:06:45.377 : testCreatePetwWithoutMandatoryParams : FAILED : 
java.lang.AssertionError: expected [true] but found [false]
	at org.testng.Assert.fail(Assert.java:97) ~[testng-7.0.0.jar:?]
	at org.testng.Assert.assertEqualsImpl(Assert.java:136) ~[testng-7.0.0.jar:?]
	at org.testng.Assert.assertEquals(Assert.java:118) ~[testng-7.0.0.jar:?]
	at org.testng.Assert.assertEquals(Assert.java:751) ~[testng-7.0.0.jar:?]
	at org.testng.Assert.assertEquals(Assert.java:761) ~[testng-7.0.0.jar:?]
	at com.n26.functional.pets.CreatePet_POST.testCreatePetwWithoutMandatoryParams(CreatePet_POST.java:69) ~[test-classes/:?]
	at sun.reflect.NativeMethodAccessorImpl.invoke0(Native Method) ~[?:1.8.0_312]
	at sun.reflect.NativeMethodAccessorImpl.invoke(NativeMethodAccessorImpl.java:62) ~[?:1.8.0_312]
	at sun.reflect.DelegatingMethodAccessorImpl.invoke(DelegatingMethodAccessorImpl.java:43) ~[?:1.8.0_312]
	at java.lang.reflect.Method.invoke(Method.java:498) ~[?:1.8.0_312]
	at org.testng.internal.MethodInvocationHelper.invokeMethod(MethodInvocationHelper.java:133) ~[testng-7.0.0.jar:?]
	at org.testng.internal.TestInvoker.invokeMethod(TestInvoker.java:584) ~[testng-7.0.0.jar:?]
	at org.testng.internal.TestInvoker.invokeTestMethod(TestInvoker.java:172) ~[testng-7.0.0.jar:?]
	at org.testng.internal.MethodRunner.runInSequence(MethodRunner.java:46) ~[testng-7.0.0.jar:?]
	at org.testng.internal.TestInvoker$MethodInvocationAgent.invoke(TestInvoker.java:804) ~[testng-7.0.0.jar:?]
	at org.testng.internal.TestInvoker.invokeTestMethods(TestInvoker.java:145) ~[testng-7.0.0.jar:?]
	at org.testng.internal.TestMethodWorker.invokeTestMethods(TestMethodWorker.java:146) ~[testng-7.0.0.jar:?]
	at org.testng.internal.TestMethodWorker.run(TestMethodWorker.java:128) ~[testng-7.0.0.jar:?]
	at java.util.ArrayList.forEach(ArrayList.java:1259) ~[?:1.8.0_312]
	at org.testng.TestRunner.privateRun(TestRunner.java:770) ~[testng-7.0.0.jar:?]
	at org.testng.TestRunner.run(TestRunner.java:591) ~[testng-7.0.0.jar:?]
	at org.testng.SuiteRunner.runTest(SuiteRunner.java:402) ~[testng-7.0.0.jar:?]
	at org.testng.SuiteRunner.runSequentially(SuiteRunner.java:396) ~[testng-7.0.0.jar:?]
	at org.testng.SuiteRunner.privateRun(SuiteRunner.java:355) ~[testng-7.0.0.jar:?]
	at org.testng.SuiteRunner.run(SuiteRunner.java:304) ~[testng-7.0.0.jar:?]
	at org.testng.SuiteRunnerWorker.runSuite(SuiteRunnerWorker.java:53) ~[testng-7.0.0.jar:?]
	at org.testng.SuiteRunnerWorker.run(SuiteRunnerWorker.java:96) ~[testng-7.0.0.jar:?]
	at org.testng.TestNG.runSuitesSequentially(TestNG.java:1180) ~[testng-7.0.0.jar:?]
	at org.testng.TestNG.runSuitesLocally(TestNG.java:1102) ~[testng-7.0.0.jar:?]
	at org.testng.TestNG.runSuites(TestNG.java:1032) ~[testng-7.0.0.jar:?]
	at org.testng.TestNG.run(TestNG.java:1000) ~[testng-7.0.0.jar:?]
	at org.apache.maven.surefire.testng.TestNGExecutor.run(TestNGExecutor.java:324) ~[surefire-testng-3.0.0-M6.jar:3.0.0-M6]
	at org.apache.maven.surefire.testng.TestNGXmlTestSuite.execute(TestNGXmlTestSuite.java:74) ~[surefire-testng-3.0.0-M6.jar:3.0.0-M6]
	at org.apache.maven.surefire.testng.TestNGProvider.invoke(TestNGProvider.java:123) ~[surefire-testng-3.0.0-M6.jar:3.0.0-M6]
	at org.apache.maven.surefire.booter.ForkedBooter.runSuitesInProcess(ForkedBooter.java:456) ~[surefire-booter-3.0.0-M6.jar:3.0.0-M6]
	at org.apache.maven.surefire.booter.ForkedBooter.execute(ForkedBooter.java:169) ~[surefire-booter-3.0.0-M6.jar:3.0.0-M6]
	at org.apache.maven.surefire.booter.ForkedBooter.run(ForkedBooter.java:595) ~[surefire-booter-3.0.0-M6.jar:3.0.0-M6]
	at org.apache.maven.surefire.booter.ForkedBooter.main(ForkedBooter.java:581) ~[surefire-booter-3.0.0-M6.jar:3.0.0-M6]
[61][INFO ] 2022-06-13 19:06:45.385 : TestCase 3: Test case to validate 405 bad request
[63][INFO ] 2022-06-13 19:06:45.385 : TestCase 3: Test case to validate 405 bad request
[65][INFO ] 2022-06-13 19:06:45.398 : Response : {"code":405,"message":"HTTP 405 Method Not Allowed"}
[67][INFO ] 2022-06-13 19:06:45.398 : Response : {"code":405,"message":"HTTP 405 Method Not Allowed"}
[69][INFO ] 2022-06-13 19:06:45.398 : Status Code : 405
[71][INFO ] 2022-06-13 19:06:45.398 : Status Code : 405
[73][INFO ] 2022-06-13 19:06:45.408 : 405 : Bad Request status code
[75][INFO ] 2022-06-13 19:06:45.409 : 405 : Bad Request status code
[77][INFO ] 2022-06-13 19:06:45.416 : HTTP 405 Method Not Allowed : Invalid Value
[79][INFO ] 2022-06-13 19:06:45.416 : HTTP 405 Method Not Allowed : Invalid Value
[81][INFO ] 2022-06-13 19:06:45.417 : testCreatePetWithInvalidRequestMethod : PASSED
[83][INFO ] 2022-06-13 19:06:45.418 : TestCase 4: Test case to validate ID param with Inavalid data types
[85][INFO ] 2022-06-13 19:06:45.418 : TestCase 4: Test case to validate ID param with Inavalid data types
[87][INFO ] 2022-06-13 19:06:45.452 : {"photoUrls":["url1"],"name":"Beagal","id":"abc","category":{"name":"Dogs","id":1},"tags":[{"name":"tag1","id":1}],"status":"available"}
[89][INFO ] 2022-06-13 19:06:45.452 : {"photoUrls":["url1"],"name":"Beagal","id":"abc","category":{"name":"Dogs","id":1},"tags":[{"name":"tag1","id":1}],"status":"available"}
[91][ERROR] 2022-06-13 19:06:45.463 : testCreatePetWithInvalidDataType_Id : FAILED : 
java.lang.AssertionError: expected [true] but found [false]
	at org.testng.Assert.fail(Assert.java:97) ~[testng-7.0.0.jar:?]
	at org.testng.Assert.assertEqualsImpl(Assert.java:136) ~[testng-7.0.0.jar:?]
	at org.testng.Assert.assertEquals(Assert.java:118) ~[testng-7.0.0.jar:?]
	at org.testng.Assert.assertEquals(Assert.java:751) ~[testng-7.0.0.jar:?]
	at org.testng.Assert.assertEquals(Assert.java:761) ~[testng-7.0.0.jar:?]
	at com.n26.functional.pets.CreatePet_POST.testCreatePetWithInvalidDataType_Id(CreatePet_POST.java:100) ~[test-classes/:?]
	at sun.reflect.NativeMethodAccessorImpl.invoke0(Native Method) ~[?:1.8.0_312]
	at sun.reflect.NativeMethodAccessorImpl.invoke(NativeMethodAccessorImpl.java:62) ~[?:1.8.0_312]
	at sun.reflect.DelegatingMethodAccessorImpl.invoke(DelegatingMethodAccessorImpl.java:43) ~[?:1.8.0_312]
	at java.lang.reflect.Method.invoke(Method.java:498) ~[?:1.8.0_312]
	at org.testng.internal.MethodInvocationHelper.invokeMethod(MethodInvocationHelper.java:133) ~[testng-7.0.0.jar:?]
	at org.testng.internal.TestInvoker.invokeMethod(TestInvoker.java:584) ~[testng-7.0.0.jar:?]
	at org.testng.internal.TestInvoker.invokeTestMethod(TestInvoker.java:172) ~[testng-7.0.0.jar:?]
	at org.testng.internal.MethodRunner.runInSequence(MethodRunner.java:46) ~[testng-7.0.0.jar:?]
	at org.testng.internal.TestInvoker$MethodInvocationAgent.invoke(TestInvoker.java:804) ~[testng-7.0.0.jar:?]
	at org.testng.internal.TestInvoker.invokeTestMethods(TestInvoker.java:145) ~[testng-7.0.0.jar:?]
	at org.testng.internal.TestMethodWorker.invokeTestMethods(TestMethodWorker.java:146) ~[testng-7.0.0.jar:?]
	at org.testng.internal.TestMethodWorker.run(TestMethodWorker.java:128) ~[testng-7.0.0.jar:?]
	at java.util.ArrayList.forEach(ArrayList.java:1259) ~[?:1.8.0_312]
	at org.testng.TestRunner.privateRun(TestRunner.java:770) ~[testng-7.0.0.jar:?]
	at org.testng.TestRunner.run(TestRunner.java:591) ~[testng-7.0.0.jar:?]
	at org.testng.SuiteRunner.runTest(SuiteRunner.java:402) ~[testng-7.0.0.jar:?]
	at org.testng.SuiteRunner.runSequentially(SuiteRunner.java:396) ~[testng-7.0.0.jar:?]
	at org.testng.SuiteRunner.privateRun(SuiteRunner.java:355) ~[testng-7.0.0.jar:?]
	at org.testng.SuiteRunner.run(SuiteRunner.java:304) ~[testng-7.0.0.jar:?]
	at org.testng.SuiteRunnerWorker.runSuite(SuiteRunnerWorker.java:53) ~[testng-7.0.0.jar:?]
	at org.testng.SuiteRunnerWorker.run(SuiteRunnerWorker.java:96) ~[testng-7.0.0.jar:?]
	at org.testng.TestNG.runSuitesSequentially(TestNG.java:1180) ~[testng-7.0.0.jar:?]
	at org.testng.TestNG.runSuitesLocally(TestNG.java:1102) ~[testng-7.0.0.jar:?]
	at org.testng.TestNG.runSuites(TestNG.java:1032) ~[testng-7.0.0.jar:?]
	at org.testng.TestNG.run(TestNG.java:1000) ~[testng-7.0.0.jar:?]
	at org.apache.maven.surefire.testng.TestNGExecutor.run(TestNGExecutor.java:324) ~[surefire-testng-3.0.0-M6.jar:3.0.0-M6]
	at org.apache.maven.surefire.testng.TestNGXmlTestSuite.execute(TestNGXmlTestSuite.java:74) ~[surefire-testng-3.0.0-M6.jar:3.0.0-M6]
	at org.apache.maven.surefire.testng.TestNGProvider.invoke(TestNGProvider.java:123) ~[surefire-testng-3.0.0-M6.jar:3.0.0-M6]
	at org.apache.maven.surefire.booter.ForkedBooter.runSuitesInProcess(ForkedBooter.java:456) ~[surefire-booter-3.0.0-M6.jar:3.0.0-M6]
	at org.apache.maven.surefire.booter.ForkedBooter.execute(ForkedBooter.java:169) ~[surefire-booter-3.0.0-M6.jar:3.0.0-M6]
	at org.apache.maven.surefire.booter.ForkedBooter.run(ForkedBooter.java:595) ~[surefire-booter-3.0.0-M6.jar:3.0.0-M6]
	at org.apache.maven.surefire.booter.ForkedBooter.main(ForkedBooter.java:581) ~[surefire-booter-3.0.0-M6.jar:3.0.0-M6]
[93][INFO ] 2022-06-13 19:06:45.465 : TestCase 5: Test case to validate Name param with Inavalid data types
[95][INFO ] 2022-06-13 19:06:45.465 : TestCase 5: Test case to validate Name param with Inavalid data types
[97][INFO ] 2022-06-13 19:06:45.494 : {"photoUrls":["url1"],"name":"123","id":111,"category":{"name":"Dogs","id":1},"tags":[{"name":"tag1","id":1}],"status":"available"}
[99][INFO ] 2022-06-13 19:06:45.494 : {"photoUrls":["url1"],"name":"123","id":111,"category":{"name":"Dogs","id":1},"tags":[{"name":"tag1","id":1}],"status":"available"}
[101][ERROR] 2022-06-13 19:06:45.506 : testCreatePetWithInvalidDataType_name : FAILED : 
java.lang.AssertionError: expected [true] but found [false]
	at org.testng.Assert.fail(Assert.java:97) ~[testng-7.0.0.jar:?]
	at org.testng.Assert.assertEqualsImpl(Assert.java:136) ~[testng-7.0.0.jar:?]
	at org.testng.Assert.assertEquals(Assert.java:118) ~[testng-7.0.0.jar:?]
	at org.testng.Assert.assertEquals(Assert.java:751) ~[testng-7.0.0.jar:?]
	at org.testng.Assert.assertEquals(Assert.java:761) ~[testng-7.0.0.jar:?]
	at com.n26.functional.pets.CreatePet_POST.testCreatePetWithInvalidDataType_name(CreatePet_POST.java:116) ~[test-classes/:?]
	at sun.reflect.NativeMethodAccessorImpl.invoke0(Native Method) ~[?:1.8.0_312]
	at sun.reflect.NativeMethodAccessorImpl.invoke(NativeMethodAccessorImpl.java:62) ~[?:1.8.0_312]
	at sun.reflect.DelegatingMethodAccessorImpl.invoke(DelegatingMethodAccessorImpl.java:43) ~[?:1.8.0_312]
	at java.lang.reflect.Method.invoke(Method.java:498) ~[?:1.8.0_312]
	at org.testng.internal.MethodInvocationHelper.invokeMethod(MethodInvocationHelper.java:133) ~[testng-7.0.0.jar:?]
	at org.testng.internal.TestInvoker.invokeMethod(TestInvoker.java:584) ~[testng-7.0.0.jar:?]
	at org.testng.internal.TestInvoker.invokeTestMethod(TestInvoker.java:172) ~[testng-7.0.0.jar:?]
	at org.testng.internal.MethodRunner.runInSequence(MethodRunner.java:46) ~[testng-7.0.0.jar:?]
	at org.testng.internal.TestInvoker$MethodInvocationAgent.invoke(TestInvoker.java:804) ~[testng-7.0.0.jar:?]
	at org.testng.internal.TestInvoker.invokeTestMethods(TestInvoker.java:145) ~[testng-7.0.0.jar:?]
	at org.testng.internal.TestMethodWorker.invokeTestMethods(TestMethodWorker.java:146) ~[testng-7.0.0.jar:?]
	at org.testng.internal.TestMethodWorker.run(TestMethodWorker.java:128) ~[testng-7.0.0.jar:?]
	at java.util.ArrayList.forEach(ArrayList.java:1259) ~[?:1.8.0_312]
	at org.testng.TestRunner.privateRun(TestRunner.java:770) ~[testng-7.0.0.jar:?]
	at org.testng.TestRunner.run(TestRunner.java:591) ~[testng-7.0.0.jar:?]
	at org.testng.SuiteRunner.runTest(SuiteRunner.java:402) ~[testng-7.0.0.jar:?]
	at org.testng.SuiteRunner.runSequentially(SuiteRunner.java:396) ~[testng-7.0.0.jar:?]
	at org.testng.SuiteRunner.privateRun(SuiteRunner.java:355) ~[testng-7.0.0.jar:?]
	at org.testng.SuiteRunner.run(SuiteRunner.java:304) ~[testng-7.0.0.jar:?]
	at org.testng.SuiteRunnerWorker.runSuite(SuiteRunnerWorker.java:53) ~[testng-7.0.0.jar:?]
	at org.testng.SuiteRunnerWorker.run(SuiteRunnerWorker.java:96) ~[testng-7.0.0.jar:?]
	at org.testng.TestNG.runSuitesSequentially(TestNG.java:1180) ~[testng-7.0.0.jar:?]
	at org.testng.TestNG.runSuitesLocally(TestNG.java:1102) ~[testng-7.0.0.jar:?]
	at org.testng.TestNG.runSuites(TestNG.java:1032) ~[testng-7.0.0.jar:?]
	at org.testng.TestNG.run(TestNG.java:1000) ~[testng-7.0.0.jar:?]
	at org.apache.maven.surefire.testng.TestNGExecutor.run(TestNGExecutor.java:324) ~[surefire-testng-3.0.0-M6.jar:3.0.0-M6]
	at org.apache.maven.surefire.testng.TestNGXmlTestSuite.execute(TestNGXmlTestSuite.java:74) ~[surefire-testng-3.0.0-M6.jar:3.0.0-M6]
	at org.apache.maven.surefire.testng.TestNGProvider.invoke(TestNGProvider.java:123) ~[surefire-testng-3.0.0-M6.jar:3.0.0-M6]
	at org.apache.maven.surefire.booter.ForkedBooter.runSuitesInProcess(ForkedBooter.java:456) ~[surefire-booter-3.0.0-M6.jar:3.0.0-M6]
	at org.apache.maven.surefire.booter.ForkedBooter.execute(ForkedBooter.java:169) ~[surefire-booter-3.0.0-M6.jar:3.0.0-M6]
	at org.apache.maven.surefire.booter.ForkedBooter.run(ForkedBooter.java:595) ~[surefire-booter-3.0.0-M6.jar:3.0.0-M6]
	at org.apache.maven.surefire.booter.ForkedBooter.main(ForkedBooter.java:581) ~[surefire-booter-3.0.0-M6.jar:3.0.0-M6]
[103][INFO ] 2022-06-13 19:06:45.508 : ******************************Execution of DELETE - Deleting pet by Id started*******************************
[105][INFO ] 2022-06-13 19:06:45.508 : Setting up configurations
[107][INFO ] 2022-06-13 19:06:45.511 : TestCase 1 : Test case to validate pet deletion by id
[109][INFO ] 2022-06-13 19:06:45.548 : Pet delete response : Pet deleted
[111][INFO ] 2022-06-13 19:06:45.558 : Get response for deleted Pet : Pet not found
[113][INFO ] 2022-06-13 19:06:45.559 : testDeletePetByValidId : PASSED
[115][INFO ] 2022-06-13 19:06:45.560 : TestCase 2 : Test case to delete Pet by invalid id
[117][INFO ] 2022-06-13 19:06:45.569 : Pet delete response : Pet deleted
[119][ERROR] 2022-06-13 19:06:45.570 : testValidPetByAvailableStatus : FAILED : 
java.lang.AssertionError: expected [true] but found [false]
	at org.testng.Assert.fail(Assert.java:97) ~[testng-7.0.0.jar:?]
	at org.testng.Assert.assertEqualsImpl(Assert.java:136) ~[testng-7.0.0.jar:?]
	at org.testng.Assert.assertEquals(Assert.java:118) ~[testng-7.0.0.jar:?]
	at org.testng.Assert.assertEquals(Assert.java:751) ~[testng-7.0.0.jar:?]
	at org.testng.Assert.assertEquals(Assert.java:761) ~[testng-7.0.0.jar:?]
	at com.n26.functional.pets.DeletePetById.testValidPetByAvailableStatus(DeletePetById.java:73) ~[test-classes/:?]
	at sun.reflect.NativeMethodAccessorImpl.invoke0(Native Method) ~[?:1.8.0_312]
	at sun.reflect.NativeMethodAccessorImpl.invoke(NativeMethodAccessorImpl.java:62) ~[?:1.8.0_312]
	at sun.reflect.DelegatingMethodAccessorImpl.invoke(DelegatingMethodAccessorImpl.java:43) ~[?:1.8.0_312]
	at java.lang.reflect.Method.invoke(Method.java:498) ~[?:1.8.0_312]
	at org.testng.internal.MethodInvocationHelper.invokeMethod(MethodInvocationHelper.java:133) ~[testng-7.0.0.jar:?]
	at org.testng.internal.TestInvoker.invokeMethod(TestInvoker.java:584) ~[testng-7.0.0.jar:?]
	at org.testng.internal.TestInvoker.invokeTestMethod(TestInvoker.java:172) ~[testng-7.0.0.jar:?]
	at org.testng.internal.MethodRunner.runInSequence(MethodRunner.java:46) ~[testng-7.0.0.jar:?]
	at org.testng.internal.TestInvoker$MethodInvocationAgent.invoke(TestInvoker.java:804) ~[testng-7.0.0.jar:?]
	at org.testng.internal.TestInvoker.invokeTestMethods(TestInvoker.java:145) ~[testng-7.0.0.jar:?]
	at org.testng.internal.TestMethodWorker.invokeTestMethods(TestMethodWorker.java:146) ~[testng-7.0.0.jar:?]
	at org.testng.internal.TestMethodWorker.run(TestMethodWorker.java:128) ~[testng-7.0.0.jar:?]
	at java.util.ArrayList.forEach(ArrayList.java:1259) ~[?:1.8.0_312]
	at org.testng.TestRunner.privateRun(TestRunner.java:770) ~[testng-7.0.0.jar:?]
	at org.testng.TestRunner.run(TestRunner.java:591) ~[testng-7.0.0.jar:?]
	at org.testng.SuiteRunner.runTest(SuiteRunner.java:402) ~[testng-7.0.0.jar:?]
	at org.testng.SuiteRunner.runSequentially(SuiteRunner.java:396) ~[testng-7.0.0.jar:?]
	at org.testng.SuiteRunner.privateRun(SuiteRunner.java:355) ~[testng-7.0.0.jar:?]
	at org.testng.SuiteRunner.run(SuiteRunner.java:304) ~[testng-7.0.0.jar:?]
	at org.testng.SuiteRunnerWorker.runSuite(SuiteRunnerWorker.java:53) ~[testng-7.0.0.jar:?]
	at org.testng.SuiteRunnerWorker.run(SuiteRunnerWorker.java:96) ~[testng-7.0.0.jar:?]
	at org.testng.TestNG.runSuitesSequentially(TestNG.java:1180) ~[testng-7.0.0.jar:?]
	at org.testng.TestNG.runSuitesLocally(TestNG.java:1102) ~[testng-7.0.0.jar:?]
	at org.testng.TestNG.runSuites(TestNG.java:1032) ~[testng-7.0.0.jar:?]
	at org.testng.TestNG.run(TestNG.java:1000) ~[testng-7.0.0.jar:?]
	at org.apache.maven.surefire.testng.TestNGExecutor.run(TestNGExecutor.java:324) ~[surefire-testng-3.0.0-M6.jar:3.0.0-M6]
	at org.apache.maven.surefire.testng.TestNGXmlTestSuite.execute(TestNGXmlTestSuite.java:74) ~[surefire-testng-3.0.0-M6.jar:3.0.0-M6]
	at org.apache.maven.surefire.testng.TestNGProvider.invoke(TestNGProvider.java:123) ~[surefire-testng-3.0.0-M6.jar:3.0.0-M6]
	at org.apache.maven.surefire.booter.ForkedBooter.runSuitesInProcess(ForkedBooter.java:456) ~[surefire-booter-3.0.0-M6.jar:3.0.0-M6]
	at org.apache.maven.surefire.booter.ForkedBooter.execute(ForkedBooter.java:169) ~[surefire-booter-3.0.0-M6.jar:3.0.0-M6]
	at org.apache.maven.surefire.booter.ForkedBooter.run(ForkedBooter.java:595) ~[surefire-booter-3.0.0-M6.jar:3.0.0-M6]
	at org.apache.maven.surefire.booter.ForkedBooter.main(ForkedBooter.java:581) ~[surefire-booter-3.0.0-M6.jar:3.0.0-M6]
[121][INFO ] 2022-06-13 19:06:45.572 : ******************************Execution of PUT - UPdating existing pet started*******************************
[123][INFO ] 2022-06-13 19:06:45.572 : Setting up configurations
[125][INFO ] 2022-06-13 19:06:45.574 : TestCase 1 : Test case to validate successful pet creation 
[127][INFO ] 2022-06-13 19:06:45.610 : Response : {"id":111,"category":{"id":1,"name":"Dogs"},"name":"Lab","photoUrls":["url1"],"tags":[{"id":1,"name":"tag1"}],"status":"available"}
[129][INFO ] 2022-06-13 19:06:45.611 : Status Code : 200
[131][INFO ] 2022-06-13 19:06:45.666 : Old name ---> Beagal and updated name-->: Lab : Pet updated succesfully for the ID : 111
[133][INFO ] 2022-06-13 19:06:45.667 : testUpdatePetById : PASSED
[135][INFO ] 2022-06-13 19:06:45.668 : TestCase 2 : Test case to validate unsuccesful Pet updation for invalid id
[137][INFO ] 2022-06-13 19:06:45.703 : Response : Pet not found
[139][INFO ] 2022-06-13 19:06:45.704 : Status Code : 404
[141][INFO ] 2022-06-13 19:06:45.720 : Old name ---> Beagal and updated name-->: Beagal : Pet not updated as invalid ID Passed: 
[143][INFO ] 2022-06-13 19:06:45.720 : testUpdatePetByInvaidId : PASSED
[145][INFO ] 2022-06-13 19:06:45.721 : ******************************Execution of GET - UPdating existing pet started*******************************
[147][INFO ] 2022-06-13 19:06:45.722 : Setting up configurations
[149][INFO ] 2022-06-13 19:06:45.723 : TestCase 1 : Test case to retrieve valid Pet by status
[151][INFO ] 2022-06-13 19:06:45.734 : Response : [{"id":4,"category":{"id":1,"name":"Dogs"},"name":"Dog 1","photoUrls":["url1","url2"],"tags":[{"id":1,"name":"tag1"},{"id":2,"name":"tag2"}],"status":"available"},{"id":7,"category":{"id":4,"name":"Lions"},"name":"Lion 1","photoUrls":["url1","url2"],"tags":[{"id":1,"name":"tag1"},{"id":2,"name":"tag2"}],"status":"available"},{"id":8,"category":{"id":4,"name":"Lions"},"name":"Lion 2","photoUrls":["url1","url2"],"tags":[{"id":1,"name":"tag2"},{"id":2,"name":"tag3"}],"status":"available"},{"id":9,"category":{"id":4,"name":"Lions"},"name":"Lion 3","photoUrls":["url1","url2"],"tags":[{"id":1,"name":"tag3"},{"id":2,"name":"tag4"}],"status":"available"},{"id":2,"category":{"id":2,"name":"Cats"},"name":"Cat 2","photoUrls":["url1","url2","/tmp/inflector6607735105158583683.tmp","/tmp/inflector206451380903558755.tmp"],"tags":[{"id":1,"name":"tag2"},{"id":2,"name":"tag3"}],"status":"available"},{"id":10,"category":{"id":1,"name":"Beagal"},"name":"Dogs","photoUrls":["url1"],"tags":[{"id":1,"name":"tag1"}],"status":"available"},{"id":111,"category":{"id":1,"name":"Dogs"},"name":"Beagal","photoUrls":["url1"],"tags":[{"id":1,"name":"tag1"}],"status":"available"}]
[153][INFO ] 2022-06-13 19:06:45.735 : Status Code : 200
[155][INFO ] 2022-06-13 19:06:45.772 : Pet status : [available, available, available, available, available, available, available]
[157][INFO ] 2022-06-13 19:06:45.772 : testValidPetByAvailableStatus : PASSED
[159][INFO ] 2022-06-13 19:06:45.773 : TestCase 1 : Test case to validate find pet by invalid status
[161][INFO ] 2022-06-13 19:06:45.784 : Response : {"code":400,"message":"Input error: query parameter `status value `Deleted` is not in the allowable values `[available, pending, sold]`"}
[163][INFO ] 2022-06-13 19:06:45.784 : Status Code : 400
[165][INFO ] 2022-06-13 19:06:45.795 : Inavlid status value : Input error: query parameter `status value `Deleted` is not in the allowable values `[available, pending, sold]`
[167][INFO ] 2022-06-13 19:06:45.795 : testGetPetByInvalidStatus : PASSED
[169][INFO ] 2022-06-13 19:06:45.796 : TestCase 1 : Test case to retrieve valid Pet by status
[171][INFO ] 2022-06-13 19:06:45.805 : Response : [{"id":6,"category":{"id":1,"name":"Dogs"},"name":"Dog 3","photoUrls":["url1","url2"],"tags":[{"id":1,"name":"tag3"},{"id":2,"name":"tag4"}],"status":"pending"},{"id":333,"category":{"id":1,"name":"Dogs"},"name":"Lab1","photoUrls":["url1"],"tags":[{"id":1,"name":"tag1"}],"status":"pending"}]
[173][INFO ] 2022-06-13 19:06:45.805 : Status Code : 200
[175][INFO ] 2022-06-13 19:06:45.837 : Pet status : [pending, pending]
[177][INFO ] 2022-06-13 19:06:45.838 : testValidPetByPendingStatus : PASSED
[179][INFO ] 2022-06-13 19:06:45.839 : TestCase 1 : Test case to retrieve valid Pet by status
[181][INFO ] 2022-06-13 19:06:45.848 : Response : [{"id":5,"category":{"id":1,"name":"Dogs"},"name":"Dog 2","photoUrls":["url1","url2"],"tags":[{"id":1,"name":"tag2"},{"id":2,"name":"tag3"}],"status":"sold"}]
[183][INFO ] 2022-06-13 19:06:45.849 : Status Code : 200
[185][INFO ] 2022-06-13 19:06:45.880 : Pet status : [sold]
[187][INFO ] 2022-06-13 19:06:45.880 : testValidPetBySoldStatus : PASSED
[189][INFO ] 2022-06-13 19:06:46.111 : ***********************************Test execution ended************************************

[191][INFO ] 2022-06-13 19:06:46.135 : Total Class        : 19
[193][INFO ] 2022-06-13 19:06:46.135 : Start Time         : Mon Jun 13 19:06:43 IST 2022
[195][INFO ] 2022-06-13 19:06:46.135 : Passed tests count : 11.0
[197][INFO ] 2022-06-13 19:06:46.135 : Failed tests count : 4.0
[199][INFO ] 2022-06-13 19:06:46.135 : Skipped tests count: 0
[201][INFO ] 2022-06-13 19:06:46.135 : Pass percentage    : 73.33333333333333%
[203][INFO ] 2022-06-13 19:06:46.135 : Fail percentage    : 26.666666666666668%
[205][INFO ] 2022-06-13 19:06:46.135 : End Time           : Mon Jun 13 19:06:45 IST 2022
