<?xml version="1.0" encoding="UTF-8"?>
<testsuite xmlns:xsi="http://www.w3.org/2001/XMLSchema-instance" xsi:noNamespaceSchemaLocation="https://maven.apache.org/surefire/maven-surefire-plugin/xsd/surefire-test-report-3.0.xsd" version="3.0" name="TestSuite" time="4.567" tests="35" errors="0" skipped="0" failures="9">
  <properties>
    <property name="sun.desktop" value="gnome"/>
    <property name="awt.toolkit" value="sun.awt.X11.XToolkit"/>
    <property name="file.encoding.pkg" value="sun.io"/>
    <property name="java.specification.version" value="1.8"/>
    <property name="sun.cpu.isalist" value=""/>
    <property name="sun.jnu.encoding" value="UTF-8"/>
    <property name="java.class.path" value="/home/likhithanr/N26/N26/Likhitha-NR/target/test-classes:/home/likhithanr/N26/N26/Likhitha-NR/target/classes:/home/likhithanr/.m2/repository/org/testng/testng/7.0.0/testng-7.0.0.jar:/home/likhithanr/.m2/repository/com/beust/jcommander/1.72/jcommander-1.72.jar:/home/likhithanr/.m2/repository/io/rest-assured/rest-assured/4.4.0/rest-assured-4.4.0.jar:/home/likhithanr/.m2/repository/org/codehaus/groovy/groovy/3.0.8/groovy-3.0.8.jar:/home/likhithanr/.m2/repository/org/codehaus/groovy/groovy-xml/3.0.8/groovy-xml-3.0.8.jar:/home/likhithanr/.m2/repository/org/apache/httpcomponents/httpclient/4.5.13/httpclient-4.5.13.jar:/home/likhithanr/.m2/repository/org/apache/httpcomponents/httpcore/4.4.13/httpcore-4.4.13.jar:/home/likhithanr/.m2/repository/commons-logging/commons-logging/1.2/commons-logging-1.2.jar:/home/likhithanr/.m2/repository/org/apache/httpcomponents/httpmime/4.5.13/httpmime-4.5.13.jar:/home/likhithanr/.m2/repository/org/hamcrest/hamcrest/2.1/hamcrest-2.1.jar:/home/likhithanr/.m2/repository/org/ccil/cowan/tagsoup/tagsoup/1.2.1/tagsoup-1.2.1.jar:/home/likhithanr/.m2/repository/io/rest-assured/json-path/4.4.0/json-path-4.4.0.jar:/home/likhithanr/.m2/repository/org/codehaus/groovy/groovy-json/3.0.8/groovy-json-3.0.8.jar:/home/likhithanr/.m2/repository/io/rest-assured/rest-assured-common/4.4.0/rest-assured-common-4.4.0.jar:/home/likhithanr/.m2/repository/io/rest-assured/xml-path/4.4.0/xml-path-4.4.0.jar:/home/likhithanr/.m2/repository/jakarta/xml/bind/jakarta.xml.bind-api/2.3.3/jakarta.xml.bind-api-2.3.3.jar:/home/likhithanr/.m2/repository/jakarta/activation/jakarta.activation-api/1.2.2/jakarta.activation-api-1.2.2.jar:/home/likhithanr/.m2/repository/com/sun/xml/bind/jaxb-impl/2.3.3/jaxb-impl-2.3.3.jar:/home/likhithanr/.m2/repository/org/apache/poi/poi/5.0.0/poi-5.0.0.jar:/home/likhithanr/.m2/repository/org/slf4j/jcl-over-slf4j/1.7.30/jcl-over-slf4j-1.7.30.jar:/home/likhithanr/.m2/repository/commons-codec/commons-codec/1.15/commons-codec-1.15.jar:/home/likhithanr/.m2/repository/org/apache/commons/commons-collections4/4.4/commons-collections4-4.4.jar:/home/likhithanr/.m2/repository/org/apache/commons/commons-math3/3.6.1/commons-math3-3.6.1.jar:/home/likhithanr/.m2/repository/com/zaxxer/SparseBitSet/1.2/SparseBitSet-1.2.jar:/home/likhithanr/.m2/repository/org/apache/poi/poi-ooxml/5.0.0/poi-ooxml-5.0.0.jar:/home/likhithanr/.m2/repository/org/apache/poi/poi-ooxml-lite/5.0.0/poi-ooxml-lite-5.0.0.jar:/home/likhithanr/.m2/repository/org/apache/xmlbeans/xmlbeans/4.0.0/xmlbeans-4.0.0.jar:/home/likhithanr/.m2/repository/xml-apis/xml-apis/1.4.01/xml-apis-1.4.01.jar:/home/likhithanr/.m2/repository/org/apache/commons/commons-compress/1.20/commons-compress-1.20.jar:/home/likhithanr/.m2/repository/com/github/virtuald/curvesapi/1.06/curvesapi-1.06.jar:/home/likhithanr/.m2/repository/org/bouncycastle/bcpkix-jdk15on/1.68/bcpkix-jdk15on-1.68.jar:/home/likhithanr/.m2/repository/org/bouncycastle/bcprov-jdk15on/1.68/bcprov-jdk15on-1.68.jar:/home/likhithanr/.m2/repository/org/apache/santuario/xmlsec/2.2.1/xmlsec-2.2.1.jar:/home/likhithanr/.m2/repository/com/fasterxml/woodstox/woodstox-core/5.2.1/woodstox-core-5.2.1.jar:/home/likhithanr/.m2/repository/org/codehaus/woodstox/stax2-api/4.2/stax2-api-4.2.jar:/home/likhithanr/.m2/repository/org/apache/xmlgraphics/batik-all/1.13/batik-all-1.13.jar:/home/likhithanr/.m2/repository/org/apache/xmlgraphics/batik-anim/1.13/batik-anim-1.13.jar:/home/likhithanr/.m2/repository/org/apache/xmlgraphics/batik-shared-resources/1.13/batik-shared-resources-1.13.jar:/home/likhithanr/.m2/repository/xml-apis/xml-apis-ext/1.3.04/xml-apis-ext-1.3.04.jar:/home/likhithanr/.m2/repository/org/apache/xmlgraphics/batik-awt-util/1.13/batik-awt-util-1.13.jar:/home/likhithanr/.m2/repository/org/apache/xmlgraphics/xmlgraphics-commons/2.4/xmlgraphics-commons-2.4.jar:/home/likhithanr/.m2/repository/commons-io/commons-io/1.3.1/commons-io-1.3.1.jar:/home/likhithanr/.m2/repository/org/apache/xmlgraphics/batik-bridge/1.13/batik-bridge-1.13.jar:/home/likhithanr/.m2/repository/org/apache/xmlgraphics/batik-codec/1.13/batik-codec-1.13.jar:/home/likhithanr/.m2/repository/org/apache/xmlgraphics/batik-constants/1.13/batik-constants-1.13.jar:/home/likhithanr/.m2/repository/org/apache/xmlgraphics/batik-css/1.13/batik-css-1.13.jar:/home/likhithanr/.m2/repository/org/apache/xmlgraphics/batik-dom/1.13/batik-dom-1.13.jar:/home/likhithanr/.m2/repository/xalan/xalan/2.7.2/xalan-2.7.2.jar:/home/likhithanr/.m2/repository/xalan/serializer/2.7.2/serializer-2.7.2.jar:/home/likhithanr/.m2/repository/org/apache/xmlgraphics/batik-ext/1.13/batik-ext-1.13.jar:/home/likhithanr/.m2/repository/org/apache/xmlgraphics/batik-extension/1.13/batik-extension-1.13.jar:/home/likhithanr/.m2/repository/org/apache/xmlgraphics/batik-gui-util/1.13/batik-gui-util-1.13.jar:/home/likhithanr/.m2/repository/org/apache/xmlgraphics/batik-gvt/1.13/batik-gvt-1.13.jar:/home/likhithanr/.m2/repository/org/apache/xmlgraphics/batik-i18n/1.13/batik-i18n-1.13.jar:/home/likhithanr/.m2/repository/org/apache/xmlgraphics/batik-parser/1.13/batik-parser-1.13.jar:/home/likhithanr/.m2/repository/org/apache/xmlgraphics/batik-rasterizer-ext/1.13/batik-rasterizer-ext-1.13.jar:/home/likhithanr/.m2/repository/org/apache/xmlgraphics/batik-rasterizer/1.13/batik-rasterizer-1.13.jar:/home/likhithanr/.m2/repository/org/apache/xmlgraphics/batik-script/1.13/batik-script-1.13.jar:/home/likhithanr/.m2/repository/org/apache/xmlgraphics/batik-slideshow/1.13/batik-slideshow-1.13.jar:/home/likhithanr/.m2/repository/org/apache/xmlgraphics/batik-squiggle-ext/1.13/batik-squiggle-ext-1.13.jar:/home/likhithanr/.m2/repository/org/apache/xmlgraphics/batik-squiggle/1.13/batik-squiggle-1.13.jar:/home/likhithanr/.m2/repository/org/apache/xmlgraphics/batik-svg-dom/1.13/batik-svg-dom-1.13.jar:/home/likhithanr/.m2/repository/org/apache/xmlgraphics/batik-svgbrowser/1.13/batik-svgbrowser-1.13.jar:/home/likhithanr/.m2/repository/org/apache/xmlgraphics/batik-svggen/1.13/batik-svggen-1.13.jar:/home/likhithanr/.m2/repository/org/apache/xmlgraphics/batik-svgpp/1.13/batik-svgpp-1.13.jar:/home/likhithanr/.m2/repository/org/apache/xmlgraphics/batik-svgrasterizer/1.13/batik-svgrasterizer-1.13.jar:/home/likhithanr/.m2/repository/org/apache/xmlgraphics/batik-swing/1.13/batik-swing-1.13.jar:/home/likhithanr/.m2/repository/org/apache/xmlgraphics/batik-transcoder/1.13/batik-transcoder-1.13.jar:/home/likhithanr/.m2/repository/org/apache/xmlgraphics/batik-util/1.13/batik-util-1.13.jar:/home/likhithanr/.m2/repository/org/apache/xmlgraphics/batik-ttf2svg/1.13/batik-ttf2svg-1.13.jar:/home/likhithanr/.m2/repository/org/apache/xmlgraphics/batik-xml/1.13/batik-xml-1.13.jar:/home/likhithanr/.m2/repository/de/rototor/pdfbox/graphics2d/0.30/graphics2d-0.30.jar:/home/likhithanr/.m2/repository/org/apache/pdfbox/pdfbox/2.0.22/pdfbox-2.0.22.jar:/home/likhithanr/.m2/repository/org/apache/pdfbox/fontbox/2.0.22/fontbox-2.0.22.jar:/home/likhithanr/.m2/repository/com/googlecode/json-simple/json-simple/1.1/json-simple-1.1.jar:/home/likhithanr/.m2/repository/org/json/json/20211205/json-20211205.jar:/home/likhithanr/.m2/repository/org/apache/commons/commons-lang3/3.9/commons-lang3-3.9.jar:/home/likhithanr/.m2/repository/com/aventstack/extentreports/5.0.7/extentreports-5.0.7.jar:/home/likhithanr/.m2/repository/io/reactivex/rxjava3/rxjava/3.0.4/rxjava-3.0.4.jar:/home/likhithanr/.m2/repository/org/reactivestreams/reactive-streams/1.0.3/reactive-streams-1.0.3.jar:/home/likhithanr/.m2/repository/org/freemarker/freemarker/2.3.30/freemarker-2.3.30.jar:/home/likhithanr/.m2/repository/org/projectlombok/lombok/1.18.12/lombok-1.18.12.jar:/home/likhithanr/.m2/repository/com/google/code/gson/gson/2.8.6/gson-2.8.6.jar:/home/likhithanr/.m2/repository/org/apache/logging/log4j/log4j-api/2.17.2/log4j-api-2.17.2.jar:/home/likhithanr/.m2/repository/org/apache/logging/log4j/log4j-core/2.17.2/log4j-core-2.17.2.jar:/home/likhithanr/.m2/repository/org/slf4j/slf4j-api/1.7.30/slf4j-api-1.7.30.jar:/home/likhithanr/.m2/repository/org/apache/logging/log4j/log4j-1.2-api/2.11.0/log4j-1.2-api-2.11.0.jar:/home/likhithanr/.m2/repository/org/apache/logging/log4j/log4j-slf4j-impl/2.0.2/log4j-slf4j-impl-2.0.2.jar:"/>
    <property name="java.vm.vendor" value="Private Build"/>
    <property name="sun.arch.data.model" value="64"/>
    <property name="java.vendor.url" value="http://java.oracle.com/"/>
    <property name="user.timezone" value="Asia/Kolkata"/>
    <property name="java.vm.specification.version" value="1.8"/>
    <property name="os.name" value="Linux"/>
    <property name="user.country" value="GB"/>
    <property name="sun.java.launcher" value="SUN_STANDARD"/>
    <property name="sun.boot.library.path" value="/usr/lib/jvm/java-8-openjdk-amd64/jre/lib/amd64"/>
    <property name="sun.java.command" value="/home/likhithanr/N26/N26/Likhitha-NR/target/surefire/surefirebooter7010306711935194220.jar /home/likhithanr/N26/N26/Likhitha-NR/target/surefire 2022-06-17T13-19-48_170-jvmRun1 surefire6458617824033724792tmp surefire_08697533318878557411tmp"/>
    <property name="surefire.test.class.path" value="/home/likhithanr/N26/N26/Likhitha-NR/target/test-classes:/home/likhithanr/N26/N26/Likhitha-NR/target/classes:/home/likhithanr/.m2/repository/org/testng/testng/7.0.0/testng-7.0.0.jar:/home/likhithanr/.m2/repository/com/beust/jcommander/1.72/jcommander-1.72.jar:/home/likhithanr/.m2/repository/io/rest-assured/rest-assured/4.4.0/rest-assured-4.4.0.jar:/home/likhithanr/.m2/repository/org/codehaus/groovy/groovy/3.0.8/groovy-3.0.8.jar:/home/likhithanr/.m2/repository/org/codehaus/groovy/groovy-xml/3.0.8/groovy-xml-3.0.8.jar:/home/likhithanr/.m2/repository/org/apache/httpcomponents/httpclient/4.5.13/httpclient-4.5.13.jar:/home/likhithanr/.m2/repository/org/apache/httpcomponents/httpcore/4.4.13/httpcore-4.4.13.jar:/home/likhithanr/.m2/repository/commons-logging/commons-logging/1.2/commons-logging-1.2.jar:/home/likhithanr/.m2/repository/org/apache/httpcomponents/httpmime/4.5.13/httpmime-4.5.13.jar:/home/likhithanr/.m2/repository/org/hamcrest/hamcrest/2.1/hamcrest-2.1.jar:/home/likhithanr/.m2/repository/org/ccil/cowan/tagsoup/tagsoup/1.2.1/tagsoup-1.2.1.jar:/home/likhithanr/.m2/repository/io/rest-assured/json-path/4.4.0/json-path-4.4.0.jar:/home/likhithanr/.m2/repository/org/codehaus/groovy/groovy-json/3.0.8/groovy-json-3.0.8.jar:/home/likhithanr/.m2/repository/io/rest-assured/rest-assured-common/4.4.0/rest-assured-common-4.4.0.jar:/home/likhithanr/.m2/repository/io/rest-assured/xml-path/4.4.0/xml-path-4.4.0.jar:/home/likhithanr/.m2/repository/jakarta/xml/bind/jakarta.xml.bind-api/2.3.3/jakarta.xml.bind-api-2.3.3.jar:/home/likhithanr/.m2/repository/jakarta/activation/jakarta.activation-api/1.2.2/jakarta.activation-api-1.2.2.jar:/home/likhithanr/.m2/repository/com/sun/xml/bind/jaxb-impl/2.3.3/jaxb-impl-2.3.3.jar:/home/likhithanr/.m2/repository/org/apache/poi/poi/5.0.0/poi-5.0.0.jar:/home/likhithanr/.m2/repository/org/slf4j/jcl-over-slf4j/1.7.30/jcl-over-slf4j-1.7.30.jar:/home/likhithanr/.m2/repository/commons-codec/commons-codec/1.15/commons-codec-1.15.jar:/home/likhithanr/.m2/repository/org/apache/commons/commons-collections4/4.4/commons-collections4-4.4.jar:/home/likhithanr/.m2/repository/org/apache/commons/commons-math3/3.6.1/commons-math3-3.6.1.jar:/home/likhithanr/.m2/repository/com/zaxxer/SparseBitSet/1.2/SparseBitSet-1.2.jar:/home/likhithanr/.m2/repository/org/apache/poi/poi-ooxml/5.0.0/poi-ooxml-5.0.0.jar:/home/likhithanr/.m2/repository/org/apache/poi/poi-ooxml-lite/5.0.0/poi-ooxml-lite-5.0.0.jar:/home/likhithanr/.m2/repository/org/apache/xmlbeans/xmlbeans/4.0.0/xmlbeans-4.0.0.jar:/home/likhithanr/.m2/repository/xml-apis/xml-apis/1.4.01/xml-apis-1.4.01.jar:/home/likhithanr/.m2/repository/org/apache/commons/commons-compress/1.20/commons-compress-1.20.jar:/home/likhithanr/.m2/repository/com/github/virtuald/curvesapi/1.06/curvesapi-1.06.jar:/home/likhithanr/.m2/repository/org/bouncycastle/bcpkix-jdk15on/1.68/bcpkix-jdk15on-1.68.jar:/home/likhithanr/.m2/repository/org/bouncycastle/bcprov-jdk15on/1.68/bcprov-jdk15on-1.68.jar:/home/likhithanr/.m2/repository/org/apache/santuario/xmlsec/2.2.1/xmlsec-2.2.1.jar:/home/likhithanr/.m2/repository/com/fasterxml/woodstox/woodstox-core/5.2.1/woodstox-core-5.2.1.jar:/home/likhithanr/.m2/repository/org/codehaus/woodstox/stax2-api/4.2/stax2-api-4.2.jar:/home/likhithanr/.m2/repository/org/apache/xmlgraphics/batik-all/1.13/batik-all-1.13.jar:/home/likhithanr/.m2/repository/org/apache/xmlgraphics/batik-anim/1.13/batik-anim-1.13.jar:/home/likhithanr/.m2/repository/org/apache/xmlgraphics/batik-shared-resources/1.13/batik-shared-resources-1.13.jar:/home/likhithanr/.m2/repository/xml-apis/xml-apis-ext/1.3.04/xml-apis-ext-1.3.04.jar:/home/likhithanr/.m2/repository/org/apache/xmlgraphics/batik-awt-util/1.13/batik-awt-util-1.13.jar:/home/likhithanr/.m2/repository/org/apache/xmlgraphics/xmlgraphics-commons/2.4/xmlgraphics-commons-2.4.jar:/home/likhithanr/.m2/repository/commons-io/commons-io/1.3.1/commons-io-1.3.1.jar:/home/likhithanr/.m2/repository/org/apache/xmlgraphics/batik-bridge/1.13/batik-bridge-1.13.jar:/home/likhithanr/.m2/repository/org/apache/xmlgraphics/batik-codec/1.13/batik-codec-1.13.jar:/home/likhithanr/.m2/repository/org/apache/xmlgraphics/batik-constants/1.13/batik-constants-1.13.jar:/home/likhithanr/.m2/repository/org/apache/xmlgraphics/batik-css/1.13/batik-css-1.13.jar:/home/likhithanr/.m2/repository/org/apache/xmlgraphics/batik-dom/1.13/batik-dom-1.13.jar:/home/likhithanr/.m2/repository/xalan/xalan/2.7.2/xalan-2.7.2.jar:/home/likhithanr/.m2/repository/xalan/serializer/2.7.2/serializer-2.7.2.jar:/home/likhithanr/.m2/repository/org/apache/xmlgraphics/batik-ext/1.13/batik-ext-1.13.jar:/home/likhithanr/.m2/repository/org/apache/xmlgraphics/batik-extension/1.13/batik-extension-1.13.jar:/home/likhithanr/.m2/repository/org/apache/xmlgraphics/batik-gui-util/1.13/batik-gui-util-1.13.jar:/home/likhithanr/.m2/repository/org/apache/xmlgraphics/batik-gvt/1.13/batik-gvt-1.13.jar:/home/likhithanr/.m2/repository/org/apache/xmlgraphics/batik-i18n/1.13/batik-i18n-1.13.jar:/home/likhithanr/.m2/repository/org/apache/xmlgraphics/batik-parser/1.13/batik-parser-1.13.jar:/home/likhithanr/.m2/repository/org/apache/xmlgraphics/batik-rasterizer-ext/1.13/batik-rasterizer-ext-1.13.jar:/home/likhithanr/.m2/repository/org/apache/xmlgraphics/batik-rasterizer/1.13/batik-rasterizer-1.13.jar:/home/likhithanr/.m2/repository/org/apache/xmlgraphics/batik-script/1.13/batik-script-1.13.jar:/home/likhithanr/.m2/repository/org/apache/xmlgraphics/batik-slideshow/1.13/batik-slideshow-1.13.jar:/home/likhithanr/.m2/repository/org/apache/xmlgraphics/batik-squiggle-ext/1.13/batik-squiggle-ext-1.13.jar:/home/likhithanr/.m2/repository/org/apache/xmlgraphics/batik-squiggle/1.13/batik-squiggle-1.13.jar:/home/likhithanr/.m2/repository/org/apache/xmlgraphics/batik-svg-dom/1.13/batik-svg-dom-1.13.jar:/home/likhithanr/.m2/repository/org/apache/xmlgraphics/batik-svgbrowser/1.13/batik-svgbrowser-1.13.jar:/home/likhithanr/.m2/repository/org/apache/xmlgraphics/batik-svggen/1.13/batik-svggen-1.13.jar:/home/likhithanr/.m2/repository/org/apache/xmlgraphics/batik-svgpp/1.13/batik-svgpp-1.13.jar:/home/likhithanr/.m2/repository/org/apache/xmlgraphics/batik-svgrasterizer/1.13/batik-svgrasterizer-1.13.jar:/home/likhithanr/.m2/repository/org/apache/xmlgraphics/batik-swing/1.13/batik-swing-1.13.jar:/home/likhithanr/.m2/repository/org/apache/xmlgraphics/batik-transcoder/1.13/batik-transcoder-1.13.jar:/home/likhithanr/.m2/repository/org/apache/xmlgraphics/batik-util/1.13/batik-util-1.13.jar:/home/likhithanr/.m2/repository/org/apache/xmlgraphics/batik-ttf2svg/1.13/batik-ttf2svg-1.13.jar:/home/likhithanr/.m2/repository/org/apache/xmlgraphics/batik-xml/1.13/batik-xml-1.13.jar:/home/likhithanr/.m2/repository/de/rototor/pdfbox/graphics2d/0.30/graphics2d-0.30.jar:/home/likhithanr/.m2/repository/org/apache/pdfbox/pdfbox/2.0.22/pdfbox-2.0.22.jar:/home/likhithanr/.m2/repository/org/apache/pdfbox/fontbox/2.0.22/fontbox-2.0.22.jar:/home/likhithanr/.m2/repository/com/googlecode/json-simple/json-simple/1.1/json-simple-1.1.jar:/home/likhithanr/.m2/repository/org/json/json/20211205/json-20211205.jar:/home/likhithanr/.m2/repository/org/apache/commons/commons-lang3/3.9/commons-lang3-3.9.jar:/home/likhithanr/.m2/repository/com/aventstack/extentreports/5.0.7/extentreports-5.0.7.jar:/home/likhithanr/.m2/repository/io/reactivex/rxjava3/rxjava/3.0.4/rxjava-3.0.4.jar:/home/likhithanr/.m2/repository/org/reactivestreams/reactive-streams/1.0.3/reactive-streams-1.0.3.jar:/home/likhithanr/.m2/repository/org/freemarker/freemarker/2.3.30/freemarker-2.3.30.jar:/home/likhithanr/.m2/repository/org/projectlombok/lombok/1.18.12/lombok-1.18.12.jar:/home/likhithanr/.m2/repository/com/google/code/gson/gson/2.8.6/gson-2.8.6.jar:/home/likhithanr/.m2/repository/org/apache/logging/log4j/log4j-api/2.17.2/log4j-api-2.17.2.jar:/home/likhithanr/.m2/repository/org/apache/logging/log4j/log4j-core/2.17.2/log4j-core-2.17.2.jar:/home/likhithanr/.m2/repository/org/slf4j/slf4j-api/1.7.30/slf4j-api-1.7.30.jar:/home/likhithanr/.m2/repository/org/apache/logging/log4j/log4j-1.2-api/2.11.0/log4j-1.2-api-2.11.0.jar:/home/likhithanr/.m2/repository/org/apache/logging/log4j/log4j-slf4j-impl/2.0.2/log4j-slf4j-impl-2.0.2.jar:"/>
    <property name="sun.cpu.endian" value="little"/>
    <property name="user.home" value="/home/likhithanr"/>
    <property name="user.language" value="en"/>
    <property name="java.specification.vendor" value="Oracle Corporation"/>
    <property name="java.home" value="/usr/lib/jvm/java-8-openjdk-amd64/jre"/>
    <property name="basedir" value="/home/likhithanr/N26/N26/Likhitha-NR"/>
    <property name="file.separator" value="/"/>
    <property name="line.separator" value="&#10;"/>
    <property name="java.vm.specification.vendor" value="Oracle Corporation"/>
    <property name="java.specification.name" value="Java Platform API Specification"/>
    <property name="java.awt.graphicsenv" value="sun.awt.X11GraphicsEnvironment"/>
    <property name="surefire.real.class.path" value="/home/likhithanr/N26/N26/Likhitha-NR/target/surefire/surefirebooter7010306711935194220.jar"/>
    <property name="sun.boot.class.path" value="/usr/lib/jvm/java-8-openjdk-amd64/jre/lib/resources.jar:/usr/lib/jvm/java-8-openjdk-amd64/jre/lib/rt.jar:/usr/lib/jvm/java-8-openjdk-amd64/jre/lib/sunrsasign.jar:/usr/lib/jvm/java-8-openjdk-amd64/jre/lib/jsse.jar:/usr/lib/jvm/java-8-openjdk-amd64/jre/lib/jce.jar:/usr/lib/jvm/java-8-openjdk-amd64/jre/lib/charsets.jar:/usr/lib/jvm/java-8-openjdk-amd64/jre/lib/jfr.jar:/usr/lib/jvm/java-8-openjdk-amd64/jre/classes"/>
    <property name="sun.management.compiler" value="HotSpot 64-Bit Tiered Compilers"/>
    <property name="java.runtime.version" value="1.8.0_312-8u312-b07-0ubuntu1~20.04-b07"/>
    <property name="user.name" value="likhithanr"/>
    <property name="path.separator" value=":"/>
    <property name="os.version" value="5.13.0-51-generic"/>
    <property name="java.endorsed.dirs" value="/usr/lib/jvm/java-8-openjdk-amd64/jre/lib/endorsed"/>
    <property name="java.runtime.name" value="OpenJDK Runtime Environment"/>
    <property name="file.encoding" value="UTF-8"/>
    <property name="java.vm.name" value="OpenJDK 64-Bit Server VM"/>
    <property name="localRepository" value="/home/likhithanr/.m2/repository"/>
    <property name="java.vendor.url.bug" value="http://bugreport.sun.com/bugreport/"/>
    <property name="java.io.tmpdir" value="/tmp"/>
    <property name="java.version" value="1.8.0_312"/>
    <property name="user.dir" value="/home/likhithanr/N26/N26/Likhitha-NR"/>
    <property name="os.arch" value="amd64"/>
    <property name="java.vm.specification.name" value="Java Virtual Machine Specification"/>
    <property name="java.awt.printerjob" value="sun.print.PSPrinterJob"/>
    <property name="sun.os.patch.level" value="unknown"/>
    <property name="java.library.path" value="/usr/java/packages/lib/amd64:/usr/lib/x86_64-linux-gnu/jni:/lib/x86_64-linux-gnu:/usr/lib/x86_64-linux-gnu:/usr/lib/jni:/lib:/usr/lib"/>
    <property name="java.vm.info" value="mixed mode"/>
    <property name="java.vendor" value="Private Build"/>
    <property name="java.vm.version" value="25.312-b07"/>
    <property name="java.ext.dirs" value="/usr/lib/jvm/java-8-openjdk-amd64/jre/lib/ext:/usr/java/packages/lib/ext"/>
    <property name="sun.io.unicode.encoding" value="UnicodeLittle"/>
    <property name="java.class.version" value="52.0"/>
  </properties>
  <testcase name="testCreatePet" classname="com.n26.functional.pets.CreatePet_POST" time="0.988">
    <system-out><![CDATA[2022-06-17 13:19:49,022 main ERROR OnStartupTriggeringPolicy contains an invalid element or attribute "modulate"
[2][&amp#27;[1;34mINFO&amp#27;[m] ["2022-06-17 13:19:49.189"] : &amp#27;[1;34mProject Name        : PetStore&amp#27;[m
[4][&amp#27;[1;34mINFO&amp#27;[m] ["2022-06-17 13:19:49.270"] : &amp#27;[1;34mTest Environment    : http://localhost:8080/api/v3&amp#27;[m
[6][&amp#27;[1;34mINFO&amp#27;[m] ["2022-06-17 13:19:49.270"] : &amp#27;[1;34mExecuted on OS      : Linux&amp#27;[m
[8][&amp#27;[1;34mINFO&amp#27;[m] ["2022-06-17 13:19:49.270"] : &amp#27;[1;34mExecuted By         : likhithanr&amp#27;[m
[10][&amp#27;[1;34mINFO&amp#27;[m] ["2022-06-17 13:19:49.270"] : &amp#27;[1;34m******************************Execution of POST - Pet creation started*******************************&amp#27;[m
[12][&amp#27;[1;34mINFO&amp#27;[m] ["2022-06-17 13:19:49.275"] : &amp#27;[1;34mSetting up configurations&amp#27;[m
[14][&amp#27;[1;34mINFO&amp#27;[m] ["2022-06-17 13:19:49.703"] : &amp#27;[1;34m**************************************Test case started**************************&amp#27;[m
[16][&amp#27;[1;34mINFO&amp#27;[m] ["2022-06-17 13:19:49.705"] : &amp#27;[1;34mTestCase 1 : Test case to validate successful pet creation &amp#27;[m
[18][&amp#27;[1;34mINFO&amp#27;[m] ["2022-06-17 13:19:50.235"] : &amp#27;[1;34mResponse : {"id":111,"category":{"id":1,"name":"Dogs"},"name":"Beagal","photoUrls":["url1"],"tags":[{"id":1,"name":"tag1"}],"status":"available"}&amp#27;[m
[20][&amp#27;[1;34mINFO&amp#27;[m] ["2022-06-17 13:19:50.236"] : &amp#27;[1;34mStatus Code : 200&amp#27;[m
[22][&amp#27;[1;34mINFO&amp#27;[m] ["2022-06-17 13:19:50.690"] : &amp#27;[1;34mBeagal : Pet created&amp#27;[m
[24][&amp#27;[1;34mINFO&amp#27;[m] ["2022-06-17 13:19:50.691"] : &amp#27;[1;34mtestCreatePet : PASSED&amp#27;[m
]]></system-out>
  </testcase>
  <testcase name="testCreatePetwWithoutMandatoryParams" classname="com.n26.functional.pets.CreatePet_POST" time="0.42">
    <failure message="expected [true] but found [false]" type="java.lang.AssertionError"><![CDATA[java.lang.AssertionError: expected [true] but found [false]
	at org.testng.Assert.fail(Assert.java:97)
	at org.testng.Assert.assertEqualsImpl(Assert.java:136)
	at org.testng.Assert.assertEquals(Assert.java:118)
	at org.testng.Assert.assertEquals(Assert.java:751)
	at org.testng.Assert.assertEquals(Assert.java:761)
	at com.n26.functional.pets.CreatePet_POST.testCreatePetwWithoutMandatoryParams(CreatePet_POST.java:64)
	at sun.reflect.NativeMethodAccessorImpl.invoke0(Native Method)
	at sun.reflect.NativeMethodAccessorImpl.invoke(NativeMethodAccessorImpl.java:62)
	at sun.reflect.DelegatingMethodAccessorImpl.invoke(DelegatingMethodAccessorImpl.java:43)
	at java.lang.reflect.Method.invoke(Method.java:498)
	at org.testng.internal.MethodInvocationHelper.invokeMethod(MethodInvocationHelper.java:133)
	at org.testng.internal.TestInvoker.invokeMethod(TestInvoker.java:584)
	at org.testng.internal.TestInvoker.invokeTestMethod(TestInvoker.java:172)
	at org.testng.internal.MethodRunner.runInSequence(MethodRunner.java:46)
	at org.testng.internal.TestInvoker$MethodInvocationAgent.invoke(TestInvoker.java:804)
	at org.testng.internal.TestInvoker.invokeTestMethods(TestInvoker.java:145)
	at org.testng.internal.TestMethodWorker.invokeTestMethods(TestMethodWorker.java:146)
	at org.testng.internal.TestMethodWorker.run(TestMethodWorker.java:128)
	at java.util.ArrayList.forEach(ArrayList.java:1259)
	at org.testng.TestRunner.privateRun(TestRunner.java:770)
	at org.testng.TestRunner.run(TestRunner.java:591)
	at org.testng.SuiteRunner.runTest(SuiteRunner.java:402)
	at org.testng.SuiteRunner.runSequentially(SuiteRunner.java:396)
	at org.testng.SuiteRunner.privateRun(SuiteRunner.java:355)
	at org.testng.SuiteRunner.run(SuiteRunner.java:304)
	at org.testng.SuiteRunnerWorker.runSuite(SuiteRunnerWorker.java:53)
	at org.testng.SuiteRunnerWorker.run(SuiteRunnerWorker.java:96)
	at org.testng.TestNG.runSuitesSequentially(TestNG.java:1180)
	at org.testng.TestNG.runSuitesLocally(TestNG.java:1102)
	at org.testng.TestNG.runSuites(TestNG.java:1032)
	at org.testng.TestNG.run(TestNG.java:1000)
	at org.apache.maven.surefire.testng.TestNGExecutor.run(TestNGExecutor.java:324)
	at org.apache.maven.surefire.testng.TestNGXmlTestSuite.execute(TestNGXmlTestSuite.java:74)
	at org.apache.maven.surefire.testng.TestNGProvider.invoke(TestNGProvider.java:123)
	at org.apache.maven.surefire.booter.ForkedBooter.runSuitesInProcess(ForkedBooter.java:456)
	at org.apache.maven.surefire.booter.ForkedBooter.execute(ForkedBooter.java:169)
	at org.apache.maven.surefire.booter.ForkedBooter.run(ForkedBooter.java:595)
	at org.apache.maven.surefire.booter.ForkedBooter.main(ForkedBooter.java:581)
]]></failure>
    <system-out><![CDATA[[26][&amp#27;[1;34mINFO&amp#27;[m] ["2022-06-17 13:19:50.693"] : &amp#27;[1;34m**************************************Test case started**************************&amp#27;[m
[28][&amp#27;[1;34mINFO&amp#27;[m] ["2022-06-17 13:19:50.694"] : &amp#27;[1;34mTestCase 2: Test case to validate bad request when request sent without mandatory field&amp#27;[m
[30][&amp#27;[1;31mERROR&amp#27;[m] ["2022-06-17 13:19:51.103"] : &amp#27;[1;31mtestCreatePetwWithoutMandatoryParams : FAILED : &amp#27;[m
java.lang.AssertionError: expected [true] but found [false]
	at org.testng.Assert.fail(Assert.java:97) ~[testng-7.0.0.jar:?]
	at org.testng.Assert.assertEqualsImpl(Assert.java:136) ~[testng-7.0.0.jar:?]
	at org.testng.Assert.assertEquals(Assert.java:118) ~[testng-7.0.0.jar:?]
	at org.testng.Assert.assertEquals(Assert.java:751) ~[testng-7.0.0.jar:?]
	at org.testng.Assert.assertEquals(Assert.java:761) ~[testng-7.0.0.jar:?]
	at com.n26.functional.pets.CreatePet_POST.testCreatePetwWithoutMandatoryParams(CreatePet_POST.java:64) ~[test-classes/:?]
	at sun.reflect.NativeMethodAccessorImpl.invoke0(Native Method) ~[?:1.8.0_312]
	at sun.reflect.NativeMethodAccessorImpl.invoke(NativeMethodAccessorImpl.java:62) ~[?:1.8.0_312]
	at sun.reflect.DelegatingMethodAccessorImpl.invoke(DelegatingMethodAccessorImpl.java:43) ~[?:1.8.0_312]
	at java.lang.reflect.Method.invoke(Method.java:498) ~[?:1.8.0_312]
	at org.testng.internal.MethodInvocationHelper.invokeMethod(MethodInvocationHelper.java:133) ~[testng-7.0.0.jar:?]
	at org.testng.internal.TestInvoker.invokeMethod(TestInvoker.java:584) ~[testng-7.0.0.jar:?]
	at org.testng.internal.TestInvoker.invokeTestMethod(TestInvoker.java:172) ~[testng-7.0.0.jar:?]
	at org.testng.internal.MethodRunner.runInSequence(MethodRunner.java:46) ~[testng-7.0.0.jar:?]
	at org.testng.internal.TestInvoker$MethodInvocationAgent.invoke(TestInvoker.java:804) ~[testng-7.0.0.jar:?]
	at org.testng.internal.TestInvoker.invokeTestMethods(TestInvoker.java:145) ~[testng-7.0.0.jar:?]
	at org.testng.internal.TestMethodWorker.invokeTestMethods(TestMethodWorker.java:146) ~[testng-7.0.0.jar:?]
	at org.testng.internal.TestMethodWorker.run(TestMethodWorker.java:128) ~[testng-7.0.0.jar:?]
	at java.util.ArrayList.forEach(ArrayList.java:1259) ~[?:1.8.0_312]
	at org.testng.TestRunner.privateRun(TestRunner.java:770) ~[testng-7.0.0.jar:?]
	at org.testng.TestRunner.run(TestRunner.java:591) ~[testng-7.0.0.jar:?]
	at org.testng.SuiteRunner.runTest(SuiteRunner.java:402) ~[testng-7.0.0.jar:?]
	at org.testng.SuiteRunner.runSequentially(SuiteRunner.java:396) ~[testng-7.0.0.jar:?]
	at org.testng.SuiteRunner.privateRun(SuiteRunner.java:355) ~[testng-7.0.0.jar:?]
	at org.testng.SuiteRunner.run(SuiteRunner.java:304) ~[testng-7.0.0.jar:?]
	at org.testng.SuiteRunnerWorker.runSuite(SuiteRunnerWorker.java:53) ~[testng-7.0.0.jar:?]
	at org.testng.SuiteRunnerWorker.run(SuiteRunnerWorker.java:96) ~[testng-7.0.0.jar:?]
	at org.testng.TestNG.runSuitesSequentially(TestNG.java:1180) ~[testng-7.0.0.jar:?]
	at org.testng.TestNG.runSuitesLocally(TestNG.java:1102) ~[testng-7.0.0.jar:?]
	at org.testng.TestNG.runSuites(TestNG.java:1032) ~[testng-7.0.0.jar:?]
	at org.testng.TestNG.run(TestNG.java:1000) ~[testng-7.0.0.jar:?]
	at org.apache.maven.surefire.testng.TestNGExecutor.run(TestNGExecutor.java:324) ~[surefire-testng-3.0.0-M6.jar:3.0.0-M6]
	at org.apache.maven.surefire.testng.TestNGXmlTestSuite.execute(TestNGXmlTestSuite.java:74) ~[surefire-testng-3.0.0-M6.jar:3.0.0-M6]
	at org.apache.maven.surefire.testng.TestNGProvider.invoke(TestNGProvider.java:123) ~[surefire-testng-3.0.0-M6.jar:3.0.0-M6]
	at org.apache.maven.surefire.booter.ForkedBooter.runSuitesInProcess(ForkedBooter.java:456) ~[surefire-booter-3.0.0-M6.jar:3.0.0-M6]
	at org.apache.maven.surefire.booter.ForkedBooter.execute(ForkedBooter.java:169) ~[surefire-booter-3.0.0-M6.jar:3.0.0-M6]
	at org.apache.maven.surefire.booter.ForkedBooter.run(ForkedBooter.java:595) ~[surefire-booter-3.0.0-M6.jar:3.0.0-M6]
	at org.apache.maven.surefire.booter.ForkedBooter.main(ForkedBooter.java:581) ~[surefire-booter-3.0.0-M6.jar:3.0.0-M6]
]]></system-out>
  </testcase>
  <testcase name="testCreatePetWithInvalidRequestMethod" classname="com.n26.functional.pets.CreatePet_POST" time="0.066">
    <system-out><![CDATA[[32][&amp#27;[1;34mINFO&amp#27;[m] ["2022-06-17 13:19:51.109"] : &amp#27;[1;34m**************************************Test case started**************************&amp#27;[m
[34][&amp#27;[1;34mINFO&amp#27;[m] ["2022-06-17 13:19:51.109"] : &amp#27;[1;34mTestCase 3: Test case to validate error response when invalid request method used&amp#27;[m
[36][&amp#27;[1;34mINFO&amp#27;[m] ["2022-06-17 13:19:51.142"] : &amp#27;[1;34mResponse : {"code":405,"message":"HTTP 405 Method Not Allowed"}&amp#27;[m
[38][&amp#27;[1;34mINFO&amp#27;[m] ["2022-06-17 13:19:51.142"] : &amp#27;[1;34mStatus Code : 405&amp#27;[m
[40][&amp#27;[1;34mINFO&amp#27;[m] ["2022-06-17 13:19:51.163"] : &amp#27;[1;34m405 : Bad Request status code&amp#27;[m
[42][&amp#27;[1;34mINFO&amp#27;[m] ["2022-06-17 13:19:51.181"] : &amp#27;[1;34mHTTP 405 Method Not Allowed : Invalid Value&amp#27;[m
[44][&amp#27;[1;34mINFO&amp#27;[m] ["2022-06-17 13:19:51.182"] : &amp#27;[1;34mtestCreatePetWithInvalidRequestMethod : PASSED&amp#27;[m
]]></system-out>
  </testcase>
  <testcase name="testCreatePetWithInvalidDataType_Id" classname="com.n26.functional.pets.CreatePet_POST" time="0.102">
    <system-out><![CDATA[[46][&amp#27;[1;34mINFO&amp#27;[m] ["2022-06-17 13:19:51.182"] : &amp#27;[1;34m**************************************Test case started**************************&amp#27;[m
[48][&amp#27;[1;34mINFO&amp#27;[m] ["2022-06-17 13:19:51.183"] : &amp#27;[1;34mTestCase 4: Test case to validate ID param with Inavalid data types&amp#27;[m
[50][&amp#27;[1;34mINFO&amp#27;[m] ["2022-06-17 13:19:51.256"] : &amp#27;[1;34m{"photoUrls":["url1"],"name":"Beagal","id":"abc","category":{"name":"Dogs","id":1},"tags":[{"name":"tag1","id":1}],"status":"available"}&amp#27;[m
[52][&amp#27;[1;34mINFO&amp#27;[m] ["2022-06-17 13:19:51.268"] : &amp#27;[1;34mResponse : {"code":400,"message":"Input error: unable to convert input to io.swagger.petstore.model.Pet"}&amp#27;[m
[54][&amp#27;[1;34mINFO&amp#27;[m] ["2022-06-17 13:19:51.269"] : &amp#27;[1;34mStatus Code : 400&amp#27;[m
[56][&amp#27;[1;34mINFO&amp#27;[m] ["2022-06-17 13:19:51.276"] : &amp#27;[1;34m400 : Bad Request status code&amp#27;[m
[58][&amp#27;[1;34mINFO&amp#27;[m] ["2022-06-17 13:19:51.284"] : &amp#27;[1;34mInput error: unable to convert input to io.swagger.petstore.model.Pet : Invalid Value&amp#27;[m
[60][&amp#27;[1;34mINFO&amp#27;[m] ["2022-06-17 13:19:51.285"] : &amp#27;[1;34mtestCreatePetWithInvalidDataType_Id : PASSED&amp#27;[m
]]></system-out>
  </testcase>
  <testcase name="testCreatePetWithInvalidDataType_name" classname="com.n26.functional.pets.CreatePet_POST" time="0.02">
    <failure message="expected [true] but found [false]" type="java.lang.AssertionError"><![CDATA[java.lang.AssertionError: expected [true] but found [false]
	at org.testng.Assert.fail(Assert.java:97)
	at org.testng.Assert.assertEqualsImpl(Assert.java:136)
	at org.testng.Assert.assertEquals(Assert.java:118)
	at org.testng.Assert.assertEquals(Assert.java:751)
	at org.testng.Assert.assertEquals(Assert.java:761)
	at com.n26.functional.pets.CreatePet_POST.testCreatePetWithInvalidDataType_name(CreatePet_POST.java:101)
	at sun.reflect.NativeMethodAccessorImpl.invoke0(Native Method)
	at sun.reflect.NativeMethodAccessorImpl.invoke(NativeMethodAccessorImpl.java:62)
	at sun.reflect.DelegatingMethodAccessorImpl.invoke(DelegatingMethodAccessorImpl.java:43)
	at java.lang.reflect.Method.invoke(Method.java:498)
	at org.testng.internal.MethodInvocationHelper.invokeMethod(MethodInvocationHelper.java:133)
	at org.testng.internal.TestInvoker.invokeMethod(TestInvoker.java:584)
	at org.testng.internal.TestInvoker.invokeTestMethod(TestInvoker.java:172)
	at org.testng.internal.MethodRunner.runInSequence(MethodRunner.java:46)
	at org.testng.internal.TestInvoker$MethodInvocationAgent.invoke(TestInvoker.java:804)
	at org.testng.internal.TestInvoker.invokeTestMethods(TestInvoker.java:145)
	at org.testng.internal.TestMethodWorker.invokeTestMethods(TestMethodWorker.java:146)
	at org.testng.internal.TestMethodWorker.run(TestMethodWorker.java:128)
	at java.util.ArrayList.forEach(ArrayList.java:1259)
	at org.testng.TestRunner.privateRun(TestRunner.java:770)
	at org.testng.TestRunner.run(TestRunner.java:591)
	at org.testng.SuiteRunner.runTest(SuiteRunner.java:402)
	at org.testng.SuiteRunner.runSequentially(SuiteRunner.java:396)
	at org.testng.SuiteRunner.privateRun(SuiteRunner.java:355)
	at org.testng.SuiteRunner.run(SuiteRunner.java:304)
	at org.testng.SuiteRunnerWorker.runSuite(SuiteRunnerWorker.java:53)
	at org.testng.SuiteRunnerWorker.run(SuiteRunnerWorker.java:96)
	at org.testng.TestNG.runSuitesSequentially(TestNG.java:1180)
	at org.testng.TestNG.runSuitesLocally(TestNG.java:1102)
	at org.testng.TestNG.runSuites(TestNG.java:1032)
	at org.testng.TestNG.run(TestNG.java:1000)
	at org.apache.maven.surefire.testng.TestNGExecutor.run(TestNGExecutor.java:324)
	at org.apache.maven.surefire.testng.TestNGXmlTestSuite.execute(TestNGXmlTestSuite.java:74)
	at org.apache.maven.surefire.testng.TestNGProvider.invoke(TestNGProvider.java:123)
	at org.apache.maven.surefire.booter.ForkedBooter.runSuitesInProcess(ForkedBooter.java:456)
	at org.apache.maven.surefire.booter.ForkedBooter.execute(ForkedBooter.java:169)
	at org.apache.maven.surefire.booter.ForkedBooter.run(ForkedBooter.java:595)
	at org.apache.maven.surefire.booter.ForkedBooter.main(ForkedBooter.java:581)
]]></failure>
    <system-out><![CDATA[[62][&amp#27;[1;34mINFO&amp#27;[m] ["2022-06-17 13:19:51.286"] : &amp#27;[1;34m**************************************Test case started**************************&amp#27;[m
[64][&amp#27;[1;34mINFO&amp#27;[m] ["2022-06-17 13:19:51.286"] : &amp#27;[1;34mTestCase 5: Test case to validate Name param with Inavalid data types&amp#27;[m
[66][&amp#27;[1;31mERROR&amp#27;[m] ["2022-06-17 13:19:51.301"] : &amp#27;[1;31mtestCreatePetWithInvalidDataType_name : FAILED : &amp#27;[m
java.lang.AssertionError: expected [true] but found [false]
	at org.testng.Assert.fail(Assert.java:97) ~[testng-7.0.0.jar:?]
	at org.testng.Assert.assertEqualsImpl(Assert.java:136) ~[testng-7.0.0.jar:?]
	at org.testng.Assert.assertEquals(Assert.java:118) ~[testng-7.0.0.jar:?]
	at org.testng.Assert.assertEquals(Assert.java:751) ~[testng-7.0.0.jar:?]
	at org.testng.Assert.assertEquals(Assert.java:761) ~[testng-7.0.0.jar:?]
	at com.n26.functional.pets.CreatePet_POST.testCreatePetWithInvalidDataType_name(CreatePet_POST.java:101) ~[test-classes/:?]
	at sun.reflect.NativeMethodAccessorImpl.invoke0(Native Method) ~[?:1.8.0_312]
	at sun.reflect.NativeMethodAccessorImpl.invoke(NativeMethodAccessorImpl.java:62) ~[?:1.8.0_312]
	at sun.reflect.DelegatingMethodAccessorImpl.invoke(DelegatingMethodAccessorImpl.java:43) ~[?:1.8.0_312]
	at java.lang.reflect.Method.invoke(Method.java:498) ~[?:1.8.0_312]
	at org.testng.internal.MethodInvocationHelper.invokeMethod(MethodInvocationHelper.java:133) ~[testng-7.0.0.jar:?]
	at org.testng.internal.TestInvoker.invokeMethod(TestInvoker.java:584) ~[testng-7.0.0.jar:?]
	at org.testng.internal.TestInvoker.invokeTestMethod(TestInvoker.java:172) ~[testng-7.0.0.jar:?]
	at org.testng.internal.MethodRunner.runInSequence(MethodRunner.java:46) ~[testng-7.0.0.jar:?]
	at org.testng.internal.TestInvoker$MethodInvocationAgent.invoke(TestInvoker.java:804) ~[testng-7.0.0.jar:?]
	at org.testng.internal.TestInvoker.invokeTestMethods(TestInvoker.java:145) ~[testng-7.0.0.jar:?]
	at org.testng.internal.TestMethodWorker.invokeTestMethods(TestMethodWorker.java:146) ~[testng-7.0.0.jar:?]
	at org.testng.internal.TestMethodWorker.run(TestMethodWorker.java:128) ~[testng-7.0.0.jar:?]
	at java.util.ArrayList.forEach(ArrayList.java:1259) ~[?:1.8.0_312]
	at org.testng.TestRunner.privateRun(TestRunner.java:770) ~[testng-7.0.0.jar:?]
	at org.testng.TestRunner.run(TestRunner.java:591) ~[testng-7.0.0.jar:?]
	at org.testng.SuiteRunner.runTest(SuiteRunner.java:402) ~[testng-7.0.0.jar:?]
	at org.testng.SuiteRunner.runSequentially(SuiteRunner.java:396) ~[testng-7.0.0.jar:?]
	at org.testng.SuiteRunner.privateRun(SuiteRunner.java:355) ~[testng-7.0.0.jar:?]
	at org.testng.SuiteRunner.run(SuiteRunner.java:304) ~[testng-7.0.0.jar:?]
	at org.testng.SuiteRunnerWorker.runSuite(SuiteRunnerWorker.java:53) ~[testng-7.0.0.jar:?]
	at org.testng.SuiteRunnerWorker.run(SuiteRunnerWorker.java:96) ~[testng-7.0.0.jar:?]
	at org.testng.TestNG.runSuitesSequentially(TestNG.java:1180) ~[testng-7.0.0.jar:?]
	at org.testng.TestNG.runSuitesLocally(TestNG.java:1102) ~[testng-7.0.0.jar:?]
	at org.testng.TestNG.runSuites(TestNG.java:1032) ~[testng-7.0.0.jar:?]
	at org.testng.TestNG.run(TestNG.java:1000) ~[testng-7.0.0.jar:?]
	at org.apache.maven.surefire.testng.TestNGExecutor.run(TestNGExecutor.java:324) ~[surefire-testng-3.0.0-M6.jar:3.0.0-M6]
	at org.apache.maven.surefire.testng.TestNGXmlTestSuite.execute(TestNGXmlTestSuite.java:74) ~[surefire-testng-3.0.0-M6.jar:3.0.0-M6]
	at org.apache.maven.surefire.testng.TestNGProvider.invoke(TestNGProvider.java:123) ~[surefire-testng-3.0.0-M6.jar:3.0.0-M6]
	at org.apache.maven.surefire.booter.ForkedBooter.runSuitesInProcess(ForkedBooter.java:456) ~[surefire-booter-3.0.0-M6.jar:3.0.0-M6]
	at org.apache.maven.surefire.booter.ForkedBooter.execute(ForkedBooter.java:169) ~[surefire-booter-3.0.0-M6.jar:3.0.0-M6]
	at org.apache.maven.surefire.booter.ForkedBooter.run(ForkedBooter.java:595) ~[surefire-booter-3.0.0-M6.jar:3.0.0-M6]
	at org.apache.maven.surefire.booter.ForkedBooter.main(ForkedBooter.java:581) ~[surefire-booter-3.0.0-M6.jar:3.0.0-M6]
]]></system-out>
  </testcase>
  <testcase name="testUpdatePetById" classname="com.n26.functional.pets.UpdateAndGetPetById" time="0.119">
    <system-out><![CDATA[[68][&amp#27;[1;34mINFO&amp#27;[m] ["2022-06-17 13:19:51.304"] : &amp#27;[1;34m******************************Execution of PUT - Updating existing pet started*******************************&amp#27;[m
[70][&amp#27;[1;34mINFO&amp#27;[m] ["2022-06-17 13:19:51.304"] : &amp#27;[1;34mSetting up configurations&amp#27;[m
[72][&amp#27;[1;34mINFO&amp#27;[m] ["2022-06-17 13:19:51.305"] : &amp#27;[1;34m**************************************Test case started**************************&amp#27;[m
[74][&amp#27;[1;34mINFO&amp#27;[m] ["2022-06-17 13:19:51.306"] : &amp#27;[1;34mTestCase 1 : Test case to validate to validate pet updation by Id &amp#27;[m
{"photoUrls":["url1"],"name":"Lab","id":111,"category":{"name":"Dogs","id":1},"tags":[{"name":"tag1","id":1}],"status":"available"}
[76][&amp#27;[1;34mINFO&amp#27;[m] ["2022-06-17 13:19:51.360"] : &amp#27;[1;34mResponse : {"id":111,"category":{"id":1,"name":"Dogs"},"name":"Lab","photoUrls":["url1"],"tags":[{"id":1,"name":"tag1"}],"status":"available"}&amp#27;[m
[78][&amp#27;[1;34mINFO&amp#27;[m] ["2022-06-17 13:19:51.360"] : &amp#27;[1;34mStatus Code : 200&amp#27;[m
[80][&amp#27;[1;34mINFO&amp#27;[m] ["2022-06-17 13:19:51.425"] : &amp#27;[1;34mOld name ---> Beagal and updated name-->: Lab : Pet updated succesfully for the ID : 111&amp#27;[m
[82][&amp#27;[1;34mINFO&amp#27;[m] ["2022-06-17 13:19:51.425"] : &amp#27;[1;34mtestUpdatePetById : PASSED&amp#27;[m
]]></system-out>
  </testcase>
  <testcase name="testUpdatePetByInvaidId" classname="com.n26.functional.pets.UpdateAndGetPetById" time="0.059">
    <system-out><![CDATA[[84][&amp#27;[1;34mINFO&amp#27;[m] ["2022-06-17 13:19:51.426"] : &amp#27;[1;34m**************************************Test case started**************************&amp#27;[m
[86][&amp#27;[1;34mINFO&amp#27;[m] ["2022-06-17 13:19:51.426"] : &amp#27;[1;34mTestCase 2 : Test case to validate unsuccesful Pet updation for invalid id&amp#27;[m
[88][&amp#27;[1;34mINFO&amp#27;[m] ["2022-06-17 13:19:51.462"] : &amp#27;[1;34mResponse : Pet not found&amp#27;[m
[90][&amp#27;[1;34mINFO&amp#27;[m] ["2022-06-17 13:19:51.463"] : &amp#27;[1;34mStatus Code : 404&amp#27;[m
[92][&amp#27;[1;34mINFO&amp#27;[m] ["2022-06-17 13:19:51.485"] : &amp#27;[1;34mOld name ---> Beagal and updated name-->: Beagal : Pet not updated as invalid ID Passed: &amp#27;[m
[94][&amp#27;[1;34mINFO&amp#27;[m] ["2022-06-17 13:19:51.486"] : &amp#27;[1;34mtestUpdatePetByInvaidId : PASSED&amp#27;[m
]]></system-out>
  </testcase>
  <testcase name="testCreatePetOrder" classname="com.n26.functional.store.CreateOrder" time="0.034">
    <system-out><![CDATA[[96][&amp#27;[1;34mINFO&amp#27;[m] ["2022-06-17 13:19:51.486"] : &amp#27;[1;34m******************************Execution of POST - Order creation  started*******************************&amp#27;[m
[98][&amp#27;[1;34mINFO&amp#27;[m] ["2022-06-17 13:19:51.487"] : &amp#27;[1;34mSetting up configurations&amp#27;[m
[100][&amp#27;[1;34mINFO&amp#27;[m] ["2022-06-17 13:19:51.488"] : &amp#27;[1;34m**************************************Test case started**************************&amp#27;[m
[102][&amp#27;[1;34mINFO&amp#27;[m] ["2022-06-17 13:19:51.488"] : &amp#27;[1;34mTestCase 1 : Test case toValidate pet order creation &amp#27;[m
[104][&amp#27;[1;34mINFO&amp#27;[m] ["2022-06-17 13:19:51.501"] : &amp#27;[1;34mResponse : {"id":10,"petId":198772,"quantity":7,"shipDate":"2022-06-15T07:32:26.094+00:00","status":"approved","complete":true}&amp#27;[m
[106][&amp#27;[1;34mINFO&amp#27;[m] ["2022-06-17 13:19:51.502"] : &amp#27;[1;34mStatus Code : 200&amp#27;[m
[108][&amp#27;[1;34mINFO&amp#27;[m] ["2022-06-17 13:19:51.523"] : &amp#27;[1;34mOrder created for the pet id : 198772 with quantity : 7&amp#27;[m
[110][&amp#27;[1;34mINFO&amp#27;[m] ["2022-06-17 13:19:51.523"] : &amp#27;[1;34mtestCreatePetOrder : PASSED&amp#27;[m
]]></system-out>
  </testcase>
  <testcase name="testCreatePlacedPetOrder" classname="com.n26.functional.store.CreateOrder" time="0.073">
    <system-out><![CDATA[[112][&amp#27;[1;34mINFO&amp#27;[m] ["2022-06-17 13:19:51.524"] : &amp#27;[1;34m**************************************Test case started**************************&amp#27;[m
[114][&amp#27;[1;34mINFO&amp#27;[m] ["2022-06-17 13:19:51.525"] : &amp#27;[1;34mTestCase 2 : Test case to validate order creation with placed status &amp#27;[m
[116][&amp#27;[1;34mINFO&amp#27;[m] ["2022-06-17 13:19:51.543"] : &amp#27;[1;34mResponse : {"id":10,"petId":198772,"quantity":7,"shipDate":"2022-06-15T07:32:26.094+00:00","status":"placed","complete":true}&amp#27;[m
[118][&amp#27;[1;34mINFO&amp#27;[m] ["2022-06-17 13:19:51.543"] : &amp#27;[1;34mStatus Code : 200&amp#27;[m
[120][&amp#27;[1;34mINFO&amp#27;[m] ["2022-06-17 13:19:51.568"] : &amp#27;[1;34mOrder created for the pet id : 198772 with status : placed&amp#27;[m
[122][&amp#27;[1;34mINFO&amp#27;[m] ["2022-06-17 13:19:51.594"] : &amp#27;[1;34morder succesfully created with id : 10 and with status as : placed&amp#27;[m
[124][&amp#27;[1;34mINFO&amp#27;[m] ["2022-06-17 13:19:51.595"] : &amp#27;[1;34mtestCreatePlacedPetOrder : PASSED&amp#27;[m
]]></system-out>
  </testcase>
  <testcase name="testCreateDeliveredPetOrder" classname="com.n26.functional.store.CreateOrder" time="0.082">
    <system-out><![CDATA[[126][&amp#27;[1;34mINFO&amp#27;[m] ["2022-06-17 13:19:51.597"] : &amp#27;[1;34m**************************************Test case started**************************&amp#27;[m
[128][&amp#27;[1;34mINFO&amp#27;[m] ["2022-06-17 13:19:51.598"] : &amp#27;[1;34mTestCase 3 : Test case to validate order creation with delivered status &amp#27;[m
[130][&amp#27;[1;34mINFO&amp#27;[m] ["2022-06-17 13:19:51.620"] : &amp#27;[1;34mResponse : {"id":10,"petId":198772,"quantity":7,"shipDate":"2022-06-15T07:32:26.094+00:00","status":"delivered","complete":true}&amp#27;[m
[132][&amp#27;[1;34mINFO&amp#27;[m] ["2022-06-17 13:19:51.620"] : &amp#27;[1;34mStatus Code : 200&amp#27;[m
[134][&amp#27;[1;34mINFO&amp#27;[m] ["2022-06-17 13:19:51.647"] : &amp#27;[1;34mOrder created for the pet id : 198772 with status : delivered&amp#27;[m
[136][&amp#27;[1;34mINFO&amp#27;[m] ["2022-06-17 13:19:51.679"] : &amp#27;[1;34morder succesfully created with id : 10 and with status as : delivered&amp#27;[m
[138][&amp#27;[1;34mINFO&amp#27;[m] ["2022-06-17 13:19:51.680"] : &amp#27;[1;34mtestCreateDeliveredPetOrder : PASSED&amp#27;[m
]]></system-out>
  </testcase>
  <testcase name="testCreateOrderWithInvalidStatus" classname="com.n26.functional.store.CreateOrder" time="0.013">
    <failure message="expected [true] but found [false]" type="java.lang.AssertionError"><![CDATA[java.lang.AssertionError: expected [true] but found [false]
	at org.testng.Assert.fail(Assert.java:97)
	at org.testng.Assert.assertEqualsImpl(Assert.java:136)
	at org.testng.Assert.assertEquals(Assert.java:118)
	at org.testng.Assert.assertEquals(Assert.java:751)
	at org.testng.Assert.assertEquals(Assert.java:761)
	at com.n26.functional.store.CreateOrder.testCreateOrderWithInvalidStatus(CreateOrder.java:114)
	at sun.reflect.NativeMethodAccessorImpl.invoke0(Native Method)
	at sun.reflect.NativeMethodAccessorImpl.invoke(NativeMethodAccessorImpl.java:62)
	at sun.reflect.DelegatingMethodAccessorImpl.invoke(DelegatingMethodAccessorImpl.java:43)
	at java.lang.reflect.Method.invoke(Method.java:498)
	at org.testng.internal.MethodInvocationHelper.invokeMethod(MethodInvocationHelper.java:133)
	at org.testng.internal.TestInvoker.invokeMethod(TestInvoker.java:584)
	at org.testng.internal.TestInvoker.invokeTestMethod(TestInvoker.java:172)
	at org.testng.internal.MethodRunner.runInSequence(MethodRunner.java:46)
	at org.testng.internal.TestInvoker$MethodInvocationAgent.invoke(TestInvoker.java:804)
	at org.testng.internal.TestInvoker.invokeTestMethods(TestInvoker.java:145)
	at org.testng.internal.TestMethodWorker.invokeTestMethods(TestMethodWorker.java:146)
	at org.testng.internal.TestMethodWorker.run(TestMethodWorker.java:128)
	at java.util.ArrayList.forEach(ArrayList.java:1259)
	at org.testng.TestRunner.privateRun(TestRunner.java:770)
	at org.testng.TestRunner.run(TestRunner.java:591)
	at org.testng.SuiteRunner.runTest(SuiteRunner.java:402)
	at org.testng.SuiteRunner.runSequentially(SuiteRunner.java:396)
	at org.testng.SuiteRunner.privateRun(SuiteRunner.java:355)
	at org.testng.SuiteRunner.run(SuiteRunner.java:304)
	at org.testng.SuiteRunnerWorker.runSuite(SuiteRunnerWorker.java:53)
	at org.testng.SuiteRunnerWorker.run(SuiteRunnerWorker.java:96)
	at org.testng.TestNG.runSuitesSequentially(TestNG.java:1180)
	at org.testng.TestNG.runSuitesLocally(TestNG.java:1102)
	at org.testng.TestNG.runSuites(TestNG.java:1032)
	at org.testng.TestNG.run(TestNG.java:1000)
	at org.apache.maven.surefire.testng.TestNGExecutor.run(TestNGExecutor.java:324)
	at org.apache.maven.surefire.testng.TestNGXmlTestSuite.execute(TestNGXmlTestSuite.java:74)
	at org.apache.maven.surefire.testng.TestNGProvider.invoke(TestNGProvider.java:123)
	at org.apache.maven.surefire.booter.ForkedBooter.runSuitesInProcess(ForkedBooter.java:456)
	at org.apache.maven.surefire.booter.ForkedBooter.execute(ForkedBooter.java:169)
	at org.apache.maven.surefire.booter.ForkedBooter.run(ForkedBooter.java:595)
	at org.apache.maven.surefire.booter.ForkedBooter.main(ForkedBooter.java:581)
]]></failure>
    <system-out><![CDATA[[140][&amp#27;[1;34mINFO&amp#27;[m] ["2022-06-17 13:19:51.681"] : &amp#27;[1;34m**************************************Test case started**************************&amp#27;[m
[142][&amp#27;[1;34mINFO&amp#27;[m] ["2022-06-17 13:19:51.682"] : &amp#27;[1;34mTestCase 4 : Test case to validate order creation with invalid status &amp#27;[m
[144][&amp#27;[1;34mINFO&amp#27;[m] ["2022-06-17 13:19:51.692"] : &amp#27;[1;34mResponse : {"id":10,"petId":198772,"quantity":7,"shipDate":"2022-06-15T07:32:26.094+00:00","status":"pending","complete":true}&amp#27;[m
[146][&amp#27;[1;34mINFO&amp#27;[m] ["2022-06-17 13:19:51.692"] : &amp#27;[1;34mStatus Code : 200&amp#27;[m
[148][&amp#27;[1;31mERROR&amp#27;[m] ["2022-06-17 13:19:51.693"] : &amp#27;[1;31mtestCreateOrderWithInvalidStatus : FAILED : &amp#27;[m
java.lang.AssertionError: expected [true] but found [false]
	at org.testng.Assert.fail(Assert.java:97) ~[testng-7.0.0.jar:?]
	at org.testng.Assert.assertEqualsImpl(Assert.java:136) ~[testng-7.0.0.jar:?]
	at org.testng.Assert.assertEquals(Assert.java:118) ~[testng-7.0.0.jar:?]
	at org.testng.Assert.assertEquals(Assert.java:751) ~[testng-7.0.0.jar:?]
	at org.testng.Assert.assertEquals(Assert.java:761) ~[testng-7.0.0.jar:?]
	at com.n26.functional.store.CreateOrder.testCreateOrderWithInvalidStatus(CreateOrder.java:114) ~[test-classes/:?]
	at sun.reflect.NativeMethodAccessorImpl.invoke0(Native Method) ~[?:1.8.0_312]
	at sun.reflect.NativeMethodAccessorImpl.invoke(NativeMethodAccessorImpl.java:62) ~[?:1.8.0_312]
	at sun.reflect.DelegatingMethodAccessorImpl.invoke(DelegatingMethodAccessorImpl.java:43) ~[?:1.8.0_312]
	at java.lang.reflect.Method.invoke(Method.java:498) ~[?:1.8.0_312]
	at org.testng.internal.MethodInvocationHelper.invokeMethod(MethodInvocationHelper.java:133) ~[testng-7.0.0.jar:?]
	at org.testng.internal.TestInvoker.invokeMethod(TestInvoker.java:584) ~[testng-7.0.0.jar:?]
	at org.testng.internal.TestInvoker.invokeTestMethod(TestInvoker.java:172) ~[testng-7.0.0.jar:?]
	at org.testng.internal.MethodRunner.runInSequence(MethodRunner.java:46) ~[testng-7.0.0.jar:?]
	at org.testng.internal.TestInvoker$MethodInvocationAgent.invoke(TestInvoker.java:804) ~[testng-7.0.0.jar:?]
	at org.testng.internal.TestInvoker.invokeTestMethods(TestInvoker.java:145) ~[testng-7.0.0.jar:?]
	at org.testng.internal.TestMethodWorker.invokeTestMethods(TestMethodWorker.java:146) ~[testng-7.0.0.jar:?]
	at org.testng.internal.TestMethodWorker.run(TestMethodWorker.java:128) ~[testng-7.0.0.jar:?]
	at java.util.ArrayList.forEach(ArrayList.java:1259) ~[?:1.8.0_312]
	at org.testng.TestRunner.privateRun(TestRunner.java:770) ~[testng-7.0.0.jar:?]
	at org.testng.TestRunner.run(TestRunner.java:591) ~[testng-7.0.0.jar:?]
	at org.testng.SuiteRunner.runTest(SuiteRunner.java:402) ~[testng-7.0.0.jar:?]
	at org.testng.SuiteRunner.runSequentially(SuiteRunner.java:396) ~[testng-7.0.0.jar:?]
	at org.testng.SuiteRunner.privateRun(SuiteRunner.java:355) ~[testng-7.0.0.jar:?]
	at org.testng.SuiteRunner.run(SuiteRunner.java:304) ~[testng-7.0.0.jar:?]
	at org.testng.SuiteRunnerWorker.runSuite(SuiteRunnerWorker.java:53) ~[testng-7.0.0.jar:?]
	at org.testng.SuiteRunnerWorker.run(SuiteRunnerWorker.java:96) ~[testng-7.0.0.jar:?]
	at org.testng.TestNG.runSuitesSequentially(TestNG.java:1180) ~[testng-7.0.0.jar:?]
	at org.testng.TestNG.runSuitesLocally(TestNG.java:1102) ~[testng-7.0.0.jar:?]
	at org.testng.TestNG.runSuites(TestNG.java:1032) ~[testng-7.0.0.jar:?]
	at org.testng.TestNG.run(TestNG.java:1000) ~[testng-7.0.0.jar:?]
	at org.apache.maven.surefire.testng.TestNGExecutor.run(TestNGExecutor.java:324) ~[surefire-testng-3.0.0-M6.jar:3.0.0-M6]
	at org.apache.maven.surefire.testng.TestNGXmlTestSuite.execute(TestNGXmlTestSuite.java:74) ~[surefire-testng-3.0.0-M6.jar:3.0.0-M6]
	at org.apache.maven.surefire.testng.TestNGProvider.invoke(TestNGProvider.java:123) ~[surefire-testng-3.0.0-M6.jar:3.0.0-M6]
	at org.apache.maven.surefire.booter.ForkedBooter.runSuitesInProcess(ForkedBooter.java:456) ~[surefire-booter-3.0.0-M6.jar:3.0.0-M6]
	at org.apache.maven.surefire.booter.ForkedBooter.execute(ForkedBooter.java:169) ~[surefire-booter-3.0.0-M6.jar:3.0.0-M6]
	at org.apache.maven.surefire.booter.ForkedBooter.run(ForkedBooter.java:595) ~[surefire-booter-3.0.0-M6.jar:3.0.0-M6]
	at org.apache.maven.surefire.booter.ForkedBooter.main(ForkedBooter.java:581) ~[surefire-booter-3.0.0-M6.jar:3.0.0-M6]
]]></system-out>
  </testcase>
  <testcase name="testDeleteOrderByValidId" classname="com.n26.functional.store.DeleteOrder" time="0.074">
    <system-out><![CDATA[[150][&amp#27;[1;34mINFO&amp#27;[m] ["2022-06-17 13:19:51.695"] : &amp#27;[1;34m******************************Execution of DELETE - Deleting created order  started*******************************&amp#27;[m
[152][&amp#27;[1;34mINFO&amp#27;[m] ["2022-06-17 13:19:51.696"] : &amp#27;[1;34mSetting up configurations&amp#27;[m
[154][&amp#27;[1;34mINFO&amp#27;[m] ["2022-06-17 13:19:51.698"] : &amp#27;[1;34m**************************************Test case started**************************&amp#27;[m
[156][&amp#27;[1;34mINFO&amp#27;[m] ["2022-06-17 13:19:51.699"] : &amp#27;[1;34mTestCase 1 : Test case to validate deleting order from store with valid id &amp#27;[m
[158][&amp#27;[1;34mINFO&amp#27;[m] ["2022-06-17 13:19:51.718"] : &amp#27;[1;34mPet created sucesfully with id : 10&amp#27;[m
[160][&amp#27;[1;34mINFO&amp#27;[m] ["2022-06-17 13:19:51.737"] : &amp#27;[1;34mRetrieved order succesfully for the id : 10&amp#27;[m
[162][&amp#27;[1;34mINFO&amp#27;[m] ["2022-06-17 13:19:51.758"] : &amp#27;[1;34mResponse : &amp#27;[m
[164][&amp#27;[1;34mINFO&amp#27;[m] ["2022-06-17 13:19:51.759"] : &amp#27;[1;34mStatus Code : 200&amp#27;[m
[166][&amp#27;[1;34mINFO&amp#27;[m] ["2022-06-17 13:19:51.759"] : &amp#27;[1;34mOrder deleted succesfully for the id : 10&amp#27;[m
[168][&amp#27;[1;34mINFO&amp#27;[m] ["2022-06-17 13:19:51.770"] : &amp#27;[1;34mOrder does not exist for deleted id :  10 says Order not found&amp#27;[m
[170][&amp#27;[1;34mINFO&amp#27;[m] ["2022-06-17 13:19:51.771"] : &amp#27;[1;34mtestDeleteOrderByValidId : PASSED&amp#27;[m
]]></system-out>
  </testcase>
  <testcase name="testDeleteOrderByInValidId" classname="com.n26.functional.store.DeleteOrder" time="0.031">
    <failure message="expected [true] but found [false]" type="java.lang.AssertionError"><![CDATA[java.lang.AssertionError: expected [true] but found [false]
	at org.testng.Assert.fail(Assert.java:97)
	at org.testng.Assert.assertEqualsImpl(Assert.java:136)
	at org.testng.Assert.assertEquals(Assert.java:118)
	at org.testng.Assert.assertEquals(Assert.java:751)
	at org.testng.Assert.assertEquals(Assert.java:761)
	at com.n26.functional.store.DeleteOrder.testDeleteOrderByInValidId(DeleteOrder.java:84)
	at sun.reflect.NativeMethodAccessorImpl.invoke0(Native Method)
	at sun.reflect.NativeMethodAccessorImpl.invoke(NativeMethodAccessorImpl.java:62)
	at sun.reflect.DelegatingMethodAccessorImpl.invoke(DelegatingMethodAccessorImpl.java:43)
	at java.lang.reflect.Method.invoke(Method.java:498)
	at org.testng.internal.MethodInvocationHelper.invokeMethod(MethodInvocationHelper.java:133)
	at org.testng.internal.TestInvoker.invokeMethod(TestInvoker.java:584)
	at org.testng.internal.TestInvoker.invokeTestMethod(TestInvoker.java:172)
	at org.testng.internal.MethodRunner.runInSequence(MethodRunner.java:46)
	at org.testng.internal.TestInvoker$MethodInvocationAgent.invoke(TestInvoker.java:804)
	at org.testng.internal.TestInvoker.invokeTestMethods(TestInvoker.java:145)
	at org.testng.internal.TestMethodWorker.invokeTestMethods(TestMethodWorker.java:146)
	at org.testng.internal.TestMethodWorker.run(TestMethodWorker.java:128)
	at java.util.ArrayList.forEach(ArrayList.java:1259)
	at org.testng.TestRunner.privateRun(TestRunner.java:770)
	at org.testng.TestRunner.run(TestRunner.java:591)
	at org.testng.SuiteRunner.runTest(SuiteRunner.java:402)
	at org.testng.SuiteRunner.runSequentially(SuiteRunner.java:396)
	at org.testng.SuiteRunner.privateRun(SuiteRunner.java:355)
	at org.testng.SuiteRunner.run(SuiteRunner.java:304)
	at org.testng.SuiteRunnerWorker.runSuite(SuiteRunnerWorker.java:53)
	at org.testng.SuiteRunnerWorker.run(SuiteRunnerWorker.java:96)
	at org.testng.TestNG.runSuitesSequentially(TestNG.java:1180)
	at org.testng.TestNG.runSuitesLocally(TestNG.java:1102)
	at org.testng.TestNG.runSuites(TestNG.java:1032)
	at org.testng.TestNG.run(TestNG.java:1000)
	at org.apache.maven.surefire.testng.TestNGExecutor.run(TestNGExecutor.java:324)
	at org.apache.maven.surefire.testng.TestNGXmlTestSuite.execute(TestNGXmlTestSuite.java:74)
	at org.apache.maven.surefire.testng.TestNGProvider.invoke(TestNGProvider.java:123)
	at org.apache.maven.surefire.booter.ForkedBooter.runSuitesInProcess(ForkedBooter.java:456)
	at org.apache.maven.surefire.booter.ForkedBooter.execute(ForkedBooter.java:169)
	at org.apache.maven.surefire.booter.ForkedBooter.run(ForkedBooter.java:595)
	at org.apache.maven.surefire.booter.ForkedBooter.main(ForkedBooter.java:581)
]]></failure>
    <system-out><![CDATA[[172][&amp#27;[1;34mINFO&amp#27;[m] ["2022-06-17 13:19:51.772"] : &amp#27;[1;34m**************************************Test case started**************************&amp#27;[m
[174][&amp#27;[1;34mINFO&amp#27;[m] ["2022-06-17 13:19:51.772"] : &amp#27;[1;34mTestCase 2 : Test case to validate deleting order from store with invalid id &amp#27;[m
[176][&amp#27;[1;34mINFO&amp#27;[m] ["2022-06-17 13:19:51.801"] : &amp#27;[1;34mStatus Code : 200&amp#27;[m
[178][&amp#27;[1;31mERROR&amp#27;[m] ["2022-06-17 13:19:51.803"] : &amp#27;[1;31mtestDeleteOrderByInValidId : FAILED : &amp#27;[m
java.lang.AssertionError: expected [true] but found [false]
	at org.testng.Assert.fail(Assert.java:97) ~[testng-7.0.0.jar:?]
	at org.testng.Assert.assertEqualsImpl(Assert.java:136) ~[testng-7.0.0.jar:?]
	at org.testng.Assert.assertEquals(Assert.java:118) ~[testng-7.0.0.jar:?]
	at org.testng.Assert.assertEquals(Assert.java:751) ~[testng-7.0.0.jar:?]
	at org.testng.Assert.assertEquals(Assert.java:761) ~[testng-7.0.0.jar:?]
	at com.n26.functional.store.DeleteOrder.testDeleteOrderByInValidId(DeleteOrder.java:84) ~[test-classes/:?]
	at sun.reflect.NativeMethodAccessorImpl.invoke0(Native Method) ~[?:1.8.0_312]
	at sun.reflect.NativeMethodAccessorImpl.invoke(NativeMethodAccessorImpl.java:62) ~[?:1.8.0_312]
	at sun.reflect.DelegatingMethodAccessorImpl.invoke(DelegatingMethodAccessorImpl.java:43) ~[?:1.8.0_312]
	at java.lang.reflect.Method.invoke(Method.java:498) ~[?:1.8.0_312]
	at org.testng.internal.MethodInvocationHelper.invokeMethod(MethodInvocationHelper.java:133) ~[testng-7.0.0.jar:?]
	at org.testng.internal.TestInvoker.invokeMethod(TestInvoker.java:584) ~[testng-7.0.0.jar:?]
	at org.testng.internal.TestInvoker.invokeTestMethod(TestInvoker.java:172) ~[testng-7.0.0.jar:?]
	at org.testng.internal.MethodRunner.runInSequence(MethodRunner.java:46) ~[testng-7.0.0.jar:?]
	at org.testng.internal.TestInvoker$MethodInvocationAgent.invoke(TestInvoker.java:804) ~[testng-7.0.0.jar:?]
	at org.testng.internal.TestInvoker.invokeTestMethods(TestInvoker.java:145) ~[testng-7.0.0.jar:?]
	at org.testng.internal.TestMethodWorker.invokeTestMethods(TestMethodWorker.java:146) ~[testng-7.0.0.jar:?]
	at org.testng.internal.TestMethodWorker.run(TestMethodWorker.java:128) ~[testng-7.0.0.jar:?]
	at java.util.ArrayList.forEach(ArrayList.java:1259) ~[?:1.8.0_312]
	at org.testng.TestRunner.privateRun(TestRunner.java:770) ~[testng-7.0.0.jar:?]
	at org.testng.TestRunner.run(TestRunner.java:591) ~[testng-7.0.0.jar:?]
	at org.testng.SuiteRunner.runTest(SuiteRunner.java:402) ~[testng-7.0.0.jar:?]
	at org.testng.SuiteRunner.runSequentially(SuiteRunner.java:396) ~[testng-7.0.0.jar:?]
	at org.testng.SuiteRunner.privateRun(SuiteRunner.java:355) ~[testng-7.0.0.jar:?]
	at org.testng.SuiteRunner.run(SuiteRunner.java:304) ~[testng-7.0.0.jar:?]
	at org.testng.SuiteRunnerWorker.runSuite(SuiteRunnerWorker.java:53) ~[testng-7.0.0.jar:?]
	at org.testng.SuiteRunnerWorker.run(SuiteRunnerWorker.java:96) ~[testng-7.0.0.jar:?]
	at org.testng.TestNG.runSuitesSequentially(TestNG.java:1180) ~[testng-7.0.0.jar:?]
	at org.testng.TestNG.runSuitesLocally(TestNG.java:1102) ~[testng-7.0.0.jar:?]
	at org.testng.TestNG.runSuites(TestNG.java:1032) ~[testng-7.0.0.jar:?]
	at org.testng.TestNG.run(TestNG.java:1000) ~[testng-7.0.0.jar:?]
	at org.apache.maven.surefire.testng.TestNGExecutor.run(TestNGExecutor.java:324) ~[surefire-testng-3.0.0-M6.jar:3.0.0-M6]
	at org.apache.maven.surefire.testng.TestNGXmlTestSuite.execute(TestNGXmlTestSuite.java:74) ~[surefire-testng-3.0.0-M6.jar:3.0.0-M6]
	at org.apache.maven.surefire.testng.TestNGProvider.invoke(TestNGProvider.java:123) ~[surefire-testng-3.0.0-M6.jar:3.0.0-M6]
	at org.apache.maven.surefire.booter.ForkedBooter.runSuitesInProcess(ForkedBooter.java:456) ~[surefire-booter-3.0.0-M6.jar:3.0.0-M6]
	at org.apache.maven.surefire.booter.ForkedBooter.execute(ForkedBooter.java:169) ~[surefire-booter-3.0.0-M6.jar:3.0.0-M6]
	at org.apache.maven.surefire.booter.ForkedBooter.run(ForkedBooter.java:595) ~[surefire-booter-3.0.0-M6.jar:3.0.0-M6]
	at org.apache.maven.surefire.booter.ForkedBooter.main(ForkedBooter.java:581) ~[surefire-booter-3.0.0-M6.jar:3.0.0-M6]
]]></system-out>
  </testcase>
  <testcase name="testGetOrderByInvalidId" classname="com.n26.functional.store.GetOrders" time="0.03">
    <system-out><![CDATA[[180][&amp#27;[1;34mINFO&amp#27;[m] ["2022-06-17 13:19:51.805"] : &amp#27;[1;34m******************************Execution of GET - Get order details   started*******************************&amp#27;[m
[182][&amp#27;[1;34mINFO&amp#27;[m] ["2022-06-17 13:19:51.805"] : &amp#27;[1;34mSetting up configurations&amp#27;[m
[184][&amp#27;[1;34mINFO&amp#27;[m] ["2022-06-17 13:19:51.806"] : &amp#27;[1;34m**************************************Test case started**************************&amp#27;[m
[186][&amp#27;[1;34mINFO&amp#27;[m] ["2022-06-17 13:19:51.806"] : &amp#27;[1;34mTestCase 1 : Test case to validate get order by invalid id &amp#27;[m
[188][&amp#27;[1;34mINFO&amp#27;[m] ["2022-06-17 13:19:51.827"] : &amp#27;[1;34mPet created sucesfully with id : 10&amp#27;[m
[190][&amp#27;[1;34mINFO&amp#27;[m] ["2022-06-17 13:19:51.834"] : &amp#27;[1;34mResponse : Order not found&amp#27;[m
[192][&amp#27;[1;34mINFO&amp#27;[m] ["2022-06-17 13:19:51.835"] : &amp#27;[1;34mStatus Code : 404&amp#27;[m
[194][&amp#27;[1;34mINFO&amp#27;[m] ["2022-06-17 13:19:51.835"] : &amp#27;[1;34mOrder does not exist for the id :  121 says Order not found&amp#27;[m
[196][&amp#27;[1;34mINFO&amp#27;[m] ["2022-06-17 13:19:51.835"] : &amp#27;[1;34mtestGetOrderByInvalidId : PASSED&amp#27;[m
]]></system-out>
  </testcase>
  <testcase name="testDeletePetByValidId" classname="com.n26.functional.pets.DeletePetById" time="0.03">
    <system-out><![CDATA[[198][&amp#27;[1;34mINFO&amp#27;[m] ["2022-06-17 13:19:51.836"] : &amp#27;[1;34m******************************Execution of DELETE - Deleting pet by Id started*******************************&amp#27;[m
[200][&amp#27;[1;34mINFO&amp#27;[m] ["2022-06-17 13:19:51.836"] : &amp#27;[1;34mSetting up configurations&amp#27;[m
[202][&amp#27;[1;34mINFO&amp#27;[m] ["2022-06-17 13:19:51.837"] : &amp#27;[1;34m**************************************Test case started**************************&amp#27;[m
[204][&amp#27;[1;34mINFO&amp#27;[m] ["2022-06-17 13:19:51.838"] : &amp#27;[1;34mTestCase 1 : Test case to validate pet deletion by valid id&amp#27;[m
[206][&amp#27;[1;34mINFO&amp#27;[m] ["2022-06-17 13:19:51.859"] : &amp#27;[1;34mPet delete response : Pet deleted&amp#27;[m
[208][&amp#27;[1;34mINFO&amp#27;[m] ["2022-06-17 13:19:51.866"] : &amp#27;[1;34mGet response for deleted Pet : Pet not found&amp#27;[m
[210][&amp#27;[1;34mINFO&amp#27;[m] ["2022-06-17 13:19:51.867"] : &amp#27;[1;34mtestDeletePetByValidId : PASSED&amp#27;[m
]]></system-out>
  </testcase>
  <testcase name="testDeletePetByInvalidId" classname="com.n26.functional.pets.DeletePetById" time="0.009">
    <failure message="expected [true] but found [false]" type="java.lang.AssertionError"><![CDATA[java.lang.AssertionError: expected [true] but found [false]
	at org.testng.Assert.fail(Assert.java:97)
	at org.testng.Assert.assertEqualsImpl(Assert.java:136)
	at org.testng.Assert.assertEquals(Assert.java:118)
	at org.testng.Assert.assertEquals(Assert.java:751)
	at org.testng.Assert.assertEquals(Assert.java:761)
	at com.n26.functional.pets.DeletePetById.testDeletePetByInvalidId(DeletePetById.java:71)
	at sun.reflect.NativeMethodAccessorImpl.invoke0(Native Method)
	at sun.reflect.NativeMethodAccessorImpl.invoke(NativeMethodAccessorImpl.java:62)
	at sun.reflect.DelegatingMethodAccessorImpl.invoke(DelegatingMethodAccessorImpl.java:43)
	at java.lang.reflect.Method.invoke(Method.java:498)
	at org.testng.internal.MethodInvocationHelper.invokeMethod(MethodInvocationHelper.java:133)
	at org.testng.internal.TestInvoker.invokeMethod(TestInvoker.java:584)
	at org.testng.internal.TestInvoker.invokeTestMethod(TestInvoker.java:172)
	at org.testng.internal.MethodRunner.runInSequence(MethodRunner.java:46)
	at org.testng.internal.TestInvoker$MethodInvocationAgent.invoke(TestInvoker.java:804)
	at org.testng.internal.TestInvoker.invokeTestMethods(TestInvoker.java:145)
	at org.testng.internal.TestMethodWorker.invokeTestMethods(TestMethodWorker.java:146)
	at org.testng.internal.TestMethodWorker.run(TestMethodWorker.java:128)
	at java.util.ArrayList.forEach(ArrayList.java:1259)
	at org.testng.TestRunner.privateRun(TestRunner.java:770)
	at org.testng.TestRunner.run(TestRunner.java:591)
	at org.testng.SuiteRunner.runTest(SuiteRunner.java:402)
	at org.testng.SuiteRunner.runSequentially(SuiteRunner.java:396)
	at org.testng.SuiteRunner.privateRun(SuiteRunner.java:355)
	at org.testng.SuiteRunner.run(SuiteRunner.java:304)
	at org.testng.SuiteRunnerWorker.runSuite(SuiteRunnerWorker.java:53)
	at org.testng.SuiteRunnerWorker.run(SuiteRunnerWorker.java:96)
	at org.testng.TestNG.runSuitesSequentially(TestNG.java:1180)
	at org.testng.TestNG.runSuitesLocally(TestNG.java:1102)
	at org.testng.TestNG.runSuites(TestNG.java:1032)
	at org.testng.TestNG.run(TestNG.java:1000)
	at org.apache.maven.surefire.testng.TestNGExecutor.run(TestNGExecutor.java:324)
	at org.apache.maven.surefire.testng.TestNGXmlTestSuite.execute(TestNGXmlTestSuite.java:74)
	at org.apache.maven.surefire.testng.TestNGProvider.invoke(TestNGProvider.java:123)
	at org.apache.maven.surefire.booter.ForkedBooter.runSuitesInProcess(ForkedBooter.java:456)
	at org.apache.maven.surefire.booter.ForkedBooter.execute(ForkedBooter.java:169)
	at org.apache.maven.surefire.booter.ForkedBooter.run(ForkedBooter.java:595)
	at org.apache.maven.surefire.booter.ForkedBooter.main(ForkedBooter.java:581)
]]></failure>
    <system-out><![CDATA[[212][&amp#27;[1;34mINFO&amp#27;[m] ["2022-06-17 13:19:51.868"] : &amp#27;[1;34m**************************************Test case started**************************&amp#27;[m
[214][&amp#27;[1;34mINFO&amp#27;[m] ["2022-06-17 13:19:51.875"] : &amp#27;[1;34mPet delete response : Pet deleted&amp#27;[m
[216][&amp#27;[1;31mERROR&amp#27;[m] ["2022-06-17 13:19:51.876"] : &amp#27;[1;31mtestDeletePetByInvalidId : FAILED : &amp#27;[m
java.lang.AssertionError: expected [true] but found [false]
	at org.testng.Assert.fail(Assert.java:97) ~[testng-7.0.0.jar:?]
	at org.testng.Assert.assertEqualsImpl(Assert.java:136) ~[testng-7.0.0.jar:?]
	at org.testng.Assert.assertEquals(Assert.java:118) ~[testng-7.0.0.jar:?]
	at org.testng.Assert.assertEquals(Assert.java:751) ~[testng-7.0.0.jar:?]
	at org.testng.Assert.assertEquals(Assert.java:761) ~[testng-7.0.0.jar:?]
	at com.n26.functional.pets.DeletePetById.testDeletePetByInvalidId(DeletePetById.java:71) ~[test-classes/:?]
	at sun.reflect.NativeMethodAccessorImpl.invoke0(Native Method) ~[?:1.8.0_312]
	at sun.reflect.NativeMethodAccessorImpl.invoke(NativeMethodAccessorImpl.java:62) ~[?:1.8.0_312]
	at sun.reflect.DelegatingMethodAccessorImpl.invoke(DelegatingMethodAccessorImpl.java:43) ~[?:1.8.0_312]
	at java.lang.reflect.Method.invoke(Method.java:498) ~[?:1.8.0_312]
	at org.testng.internal.MethodInvocationHelper.invokeMethod(MethodInvocationHelper.java:133) ~[testng-7.0.0.jar:?]
	at org.testng.internal.TestInvoker.invokeMethod(TestInvoker.java:584) ~[testng-7.0.0.jar:?]
	at org.testng.internal.TestInvoker.invokeTestMethod(TestInvoker.java:172) ~[testng-7.0.0.jar:?]
	at org.testng.internal.MethodRunner.runInSequence(MethodRunner.java:46) ~[testng-7.0.0.jar:?]
	at org.testng.internal.TestInvoker$MethodInvocationAgent.invoke(TestInvoker.java:804) ~[testng-7.0.0.jar:?]
	at org.testng.internal.TestInvoker.invokeTestMethods(TestInvoker.java:145) ~[testng-7.0.0.jar:?]
	at org.testng.internal.TestMethodWorker.invokeTestMethods(TestMethodWorker.java:146) ~[testng-7.0.0.jar:?]
	at org.testng.internal.TestMethodWorker.run(TestMethodWorker.java:128) ~[testng-7.0.0.jar:?]
	at java.util.ArrayList.forEach(ArrayList.java:1259) ~[?:1.8.0_312]
	at org.testng.TestRunner.privateRun(TestRunner.java:770) ~[testng-7.0.0.jar:?]
	at org.testng.TestRunner.run(TestRunner.java:591) ~[testng-7.0.0.jar:?]
	at org.testng.SuiteRunner.runTest(SuiteRunner.java:402) ~[testng-7.0.0.jar:?]
	at org.testng.SuiteRunner.runSequentially(SuiteRunner.java:396) ~[testng-7.0.0.jar:?]
	at org.testng.SuiteRunner.privateRun(SuiteRunner.java:355) ~[testng-7.0.0.jar:?]
	at org.testng.SuiteRunner.run(SuiteRunner.java:304) ~[testng-7.0.0.jar:?]
	at org.testng.SuiteRunnerWorker.runSuite(SuiteRunnerWorker.java:53) ~[testng-7.0.0.jar:?]
	at org.testng.SuiteRunnerWorker.run(SuiteRunnerWorker.java:96) ~[testng-7.0.0.jar:?]
	at org.testng.TestNG.runSuitesSequentially(TestNG.java:1180) ~[testng-7.0.0.jar:?]
	at org.testng.TestNG.runSuitesLocally(TestNG.java:1102) ~[testng-7.0.0.jar:?]
	at org.testng.TestNG.runSuites(TestNG.java:1032) ~[testng-7.0.0.jar:?]
	at org.testng.TestNG.run(TestNG.java:1000) ~[testng-7.0.0.jar:?]
	at org.apache.maven.surefire.testng.TestNGExecutor.run(TestNGExecutor.java:324) ~[surefire-testng-3.0.0-M6.jar:3.0.0-M6]
	at org.apache.maven.surefire.testng.TestNGXmlTestSuite.execute(TestNGXmlTestSuite.java:74) ~[surefire-testng-3.0.0-M6.jar:3.0.0-M6]
	at org.apache.maven.surefire.testng.TestNGProvider.invoke(TestNGProvider.java:123) ~[surefire-testng-3.0.0-M6.jar:3.0.0-M6]
	at org.apache.maven.surefire.booter.ForkedBooter.runSuitesInProcess(ForkedBooter.java:456) ~[surefire-booter-3.0.0-M6.jar:3.0.0-M6]
	at org.apache.maven.surefire.booter.ForkedBooter.execute(ForkedBooter.java:169) ~[surefire-booter-3.0.0-M6.jar:3.0.0-M6]
	at org.apache.maven.surefire.booter.ForkedBooter.run(ForkedBooter.java:595) ~[surefire-booter-3.0.0-M6.jar:3.0.0-M6]
	at org.apache.maven.surefire.booter.ForkedBooter.main(ForkedBooter.java:581) ~[surefire-booter-3.0.0-M6.jar:3.0.0-M6]
]]></system-out>
  </testcase>
  <testcase name="testGetPetByAvailableStatus" classname="com.n26.functional.pets.FindPetByStatus" time="0.05">
    <system-out><![CDATA[[218][&amp#27;[1;34mINFO&amp#27;[m] ["2022-06-17 13:19:51.877"] : &amp#27;[1;34m******************************Execution of GET - Retrieving pet by status started*******************************&amp#27;[m
[220][&amp#27;[1;34mINFO&amp#27;[m] ["2022-06-17 13:19:51.877"] : &amp#27;[1;34mSetting up configurations&amp#27;[m
[222][&amp#27;[1;34mINFO&amp#27;[m] ["2022-06-17 13:19:51.878"] : &amp#27;[1;34m**************************************Test case started**************************&amp#27;[m
[224][&amp#27;[1;34mINFO&amp#27;[m] ["2022-06-17 13:19:51.878"] : &amp#27;[1;34mTestCase 1 : Test case to retrieve valid Pet by available status&amp#27;[m
[226][&amp#27;[1;34mINFO&amp#27;[m] ["2022-06-17 13:19:51.890"] : &amp#27;[1;34mResponse : [{"id":1,"category":{"id":2,"name":"Cats"},"name":"Cat 1","photoUrls":["url1","url2"],"tags":[{"id":1,"name":"tag1"},{"id":2,"name":"tag2"}],"status":"available"},{"id":2,"category":{"id":2,"name":"Cats"},"name":"Cat 2","photoUrls":["url1","url2"],"tags":[{"id":1,"name":"tag2"},{"id":2,"name":"tag3"}],"status":"available"},{"id":4,"category":{"id":1,"name":"Dogs"},"name":"Dog 1","photoUrls":["url1","url2"],"tags":[{"id":1,"name":"tag1"},{"id":2,"name":"tag2"}],"status":"available"},{"id":7,"category":{"id":4,"name":"Lions"},"name":"Lion 1","photoUrls":["url1","url2"],"tags":[{"id":1,"name":"tag1"},{"id":2,"name":"tag2"}],"status":"available"},{"id":8,"category":{"id":4,"name":"Lions"},"name":"Lion 2","photoUrls":["url1","url2"],"tags":[{"id":1,"name":"tag2"},{"id":2,"name":"tag3"}],"status":"available"},{"id":9,"category":{"id":4,"name":"Lions"},"name":"Lion 3","photoUrls":["url1","url2"],"tags":[{"id":1,"name":"tag3"},{"id":2,"name":"tag4"}],"status":"available"},{"id":10,"category":{"id":3,"name":"Rabbits"},"name":"Rabbit 1","photoUrls":["url1","url2"],"tags":[{"id":1,"name":"tag3"},{"id":2,"name":"tag4"}],"status":"available"}]&amp#27;[m
[228][&amp#27;[1;34mINFO&amp#27;[m] ["2022-06-17 13:19:51.890"] : &amp#27;[1;34mStatus Code : 200&amp#27;[m
[230][&amp#27;[1;34mINFO&amp#27;[m] ["2022-06-17 13:19:51.927"] : &amp#27;[1;34mPet status : [available, available, available, available, available, available, available]&amp#27;[m
[232][&amp#27;[1;34mINFO&amp#27;[m] ["2022-06-17 13:19:51.928"] : &amp#27;[1;34mtestGetPetByAvailableStatus : PASSED&amp#27;[m
]]></system-out>
  </testcase>
  <testcase name="testValidPetByPendingStatus" classname="com.n26.functional.pets.FindPetByStatus" time="0.031">
    <system-out><![CDATA[[234][&amp#27;[1;34mINFO&amp#27;[m] ["2022-06-17 13:19:51.929"] : &amp#27;[1;34m**************************************Test case started**************************&amp#27;[m
[236][&amp#27;[1;34mINFO&amp#27;[m] ["2022-06-17 13:19:51.929"] : &amp#27;[1;34mTestCase 2 : Test case to retrieve valid Pet by pending status&amp#27;[m
[238][&amp#27;[1;34mINFO&amp#27;[m] ["2022-06-17 13:19:51.938"] : &amp#27;[1;34mResponse : [{"id":3,"category":{"id":2,"name":"Cats"},"name":"Cat 3","photoUrls":["url1","url2"],"tags":[{"id":1,"name":"tag3"},{"id":2,"name":"tag4"}],"status":"pending"},{"id":6,"category":{"id":1,"name":"Dogs"},"name":"Dog 3","photoUrls":["url1","url2"],"tags":[{"id":1,"name":"tag3"},{"id":2,"name":"tag4"}],"status":"pending"}]&amp#27;[m
[240][&amp#27;[1;34mINFO&amp#27;[m] ["2022-06-17 13:19:51.938"] : &amp#27;[1;34mStatus Code : 200&amp#27;[m
[242][&amp#27;[1;34mINFO&amp#27;[m] ["2022-06-17 13:19:51.960"] : &amp#27;[1;34mPet status : [pending, pending]&amp#27;[m
[244][&amp#27;[1;34mINFO&amp#27;[m] ["2022-06-17 13:19:51.960"] : &amp#27;[1;34mtestValidPetByPendingStatus : PASSED&amp#27;[m
]]></system-out>
  </testcase>
  <testcase name="testValidPetBySoldStatus" classname="com.n26.functional.pets.FindPetByStatus" time="0.028">
    <system-out><![CDATA[[246][&amp#27;[1;34mINFO&amp#27;[m] ["2022-06-17 13:19:51.960"] : &amp#27;[1;34m**************************************Test case started**************************&amp#27;[m
[248][&amp#27;[1;34mINFO&amp#27;[m] ["2022-06-17 13:19:51.961"] : &amp#27;[1;34mTestCase 1 : Test case to retrieve valid Pet by sold status&amp#27;[m
[250][&amp#27;[1;34mINFO&amp#27;[m] ["2022-06-17 13:19:51.966"] : &amp#27;[1;34mResponse : [{"id":5,"category":{"id":1,"name":"Dogs"},"name":"Dog 2","photoUrls":["url1","url2"],"tags":[{"id":1,"name":"tag2"},{"id":2,"name":"tag3"}],"status":"sold"}]&amp#27;[m
[252][&amp#27;[1;34mINFO&amp#27;[m] ["2022-06-17 13:19:51.966"] : &amp#27;[1;34mStatus Code : 200&amp#27;[m
[254][&amp#27;[1;34mINFO&amp#27;[m] ["2022-06-17 13:19:51.988"] : &amp#27;[1;34mPet status : [sold]&amp#27;[m
[256][&amp#27;[1;34mINFO&amp#27;[m] ["2022-06-17 13:19:51.989"] : &amp#27;[1;34mtestValidPetBySoldStatus : PASSED&amp#27;[m
]]></system-out>
  </testcase>
  <testcase name="testGetPetByInvalidStatus" classname="com.n26.functional.pets.FindPetByStatus" time="0.016">
    <system-out><![CDATA[[258][&amp#27;[1;34mINFO&amp#27;[m] ["2022-06-17 13:19:51.990"] : &amp#27;[1;34m**************************************Test case started**************************&amp#27;[m
[260][&amp#27;[1;34mINFO&amp#27;[m] ["2022-06-17 13:19:51.990"] : &amp#27;[1;34mTestCase 1 : Test case to validate find pet by invalid status&amp#27;[m
[262][&amp#27;[1;34mINFO&amp#27;[m] ["2022-06-17 13:19:52.001"] : &amp#27;[1;34mResponse : {"code":400,"message":"Input error: query parameter `status value `Deleted` is not in the allowable values `[available, pending, sold]`"}&amp#27;[m
[264][&amp#27;[1;34mINFO&amp#27;[m] ["2022-06-17 13:19:52.001"] : &amp#27;[1;34mStatus Code : 400&amp#27;[m
[266][&amp#27;[1;34mINFO&amp#27;[m] ["2022-06-17 13:19:52.007"] : &amp#27;[1;34mInavlid status value : Input error: query parameter `status value `Deleted` is not in the allowable values `[available, pending, sold]`&amp#27;[m
[268][&amp#27;[1;34mINFO&amp#27;[m] ["2022-06-17 13:19:52.007"] : &amp#27;[1;34mtestGetPetByInvalidStatus : PASSED&amp#27;[m
]]></system-out>
  </testcase>
  <testcase name="testDeleteUserWithValidName" classname="com.n26.functional.user.DeleteUser" time="0.032">
    <system-out><![CDATA[[270][&amp#27;[1;34mINFO&amp#27;[m] ["2022-06-17 13:19:52.007"] : &amp#27;[1;34m******************************Execution of DELETE - User deletion  started*******************************&amp#27;[m
[272][&amp#27;[1;34mINFO&amp#27;[m] ["2022-06-17 13:19:52.008"] : &amp#27;[1;34mSetting up configurations&amp#27;[m
[274][&amp#27;[1;34mINFO&amp#27;[m] ["2022-06-17 13:19:52.048"] : &amp#27;[1;34mUser succesfully logged in&amp#27;[m
[276][&amp#27;[1;34mINFO&amp#27;[m] ["2022-06-17 13:19:52.049"] : &amp#27;[1;34m**************************************Test case started**************************&amp#27;[m
[278][&amp#27;[1;34mINFO&amp#27;[m] ["2022-06-17 13:19:52.049"] : &amp#27;[1;34mTestCase 1 : Test case to validate  user deletion with valid name&amp#27;[m
[280][&amp#27;[1;34mINFO&amp#27;[m] ["2022-06-17 13:19:52.073"] : &amp#27;[1;34mSuccesfully retrieved user details&amp#27;[m
[282][&amp#27;[1;34mINFO&amp#27;[m] ["2022-06-17 13:19:52.080"] : &amp#27;[1;34mSuccesfully deleted the user with status code : 200&amp#27;[m
[284][&amp#27;[1;34mINFO&amp#27;[m] ["2022-06-17 13:19:52.081"] : &amp#27;[1;34mUser John deleted succesfully with message : &amp#27;[m
[286][&amp#27;[1;34mINFO&amp#27;[m] ["2022-06-17 13:19:52.081"] : &amp#27;[1;34mtestDeleteUserWithValidName : PASSED&amp#27;[m
]]></system-out>
  </testcase>
  <testcase name="testDeleteUserWithInValidName" classname="com.n26.functional.user.DeleteUser" time="0.009">
    <failure message="expected [true] but found [false]" type="java.lang.AssertionError"><![CDATA[java.lang.AssertionError: expected [true] but found [false]
	at org.testng.Assert.fail(Assert.java:97)
	at org.testng.Assert.assertEqualsImpl(Assert.java:136)
	at org.testng.Assert.assertEquals(Assert.java:118)
	at org.testng.Assert.assertEquals(Assert.java:751)
	at org.testng.Assert.assertEquals(Assert.java:761)
	at com.n26.functional.user.DeleteUser.testDeleteUserWithInValidName(DeleteUser.java:79)
	at sun.reflect.NativeMethodAccessorImpl.invoke0(Native Method)
	at sun.reflect.NativeMethodAccessorImpl.invoke(NativeMethodAccessorImpl.java:62)
	at sun.reflect.DelegatingMethodAccessorImpl.invoke(DelegatingMethodAccessorImpl.java:43)
	at java.lang.reflect.Method.invoke(Method.java:498)
	at org.testng.internal.MethodInvocationHelper.invokeMethod(MethodInvocationHelper.java:133)
	at org.testng.internal.TestInvoker.invokeMethod(TestInvoker.java:584)
	at org.testng.internal.TestInvoker.invokeTestMethod(TestInvoker.java:172)
	at org.testng.internal.MethodRunner.runInSequence(MethodRunner.java:46)
	at org.testng.internal.TestInvoker$MethodInvocationAgent.invoke(TestInvoker.java:804)
	at org.testng.internal.TestInvoker.invokeTestMethods(TestInvoker.java:145)
	at org.testng.internal.TestMethodWorker.invokeTestMethods(TestMethodWorker.java:146)
	at org.testng.internal.TestMethodWorker.run(TestMethodWorker.java:128)
	at java.util.ArrayList.forEach(ArrayList.java:1259)
	at org.testng.TestRunner.privateRun(TestRunner.java:770)
	at org.testng.TestRunner.run(TestRunner.java:591)
	at org.testng.SuiteRunner.runTest(SuiteRunner.java:402)
	at org.testng.SuiteRunner.runSequentially(SuiteRunner.java:396)
	at org.testng.SuiteRunner.privateRun(SuiteRunner.java:355)
	at org.testng.SuiteRunner.run(SuiteRunner.java:304)
	at org.testng.SuiteRunnerWorker.runSuite(SuiteRunnerWorker.java:53)
	at org.testng.SuiteRunnerWorker.run(SuiteRunnerWorker.java:96)
	at org.testng.TestNG.runSuitesSequentially(TestNG.java:1180)
	at org.testng.TestNG.runSuitesLocally(TestNG.java:1102)
	at org.testng.TestNG.runSuites(TestNG.java:1032)
	at org.testng.TestNG.run(TestNG.java:1000)
	at org.apache.maven.surefire.testng.TestNGExecutor.run(TestNGExecutor.java:324)
	at org.apache.maven.surefire.testng.TestNGXmlTestSuite.execute(TestNGXmlTestSuite.java:74)
	at org.apache.maven.surefire.testng.TestNGProvider.invoke(TestNGProvider.java:123)
	at org.apache.maven.surefire.booter.ForkedBooter.runSuitesInProcess(ForkedBooter.java:456)
	at org.apache.maven.surefire.booter.ForkedBooter.execute(ForkedBooter.java:169)
	at org.apache.maven.surefire.booter.ForkedBooter.run(ForkedBooter.java:595)
	at org.apache.maven.surefire.booter.ForkedBooter.main(ForkedBooter.java:581)
]]></failure>
    <system-out><![CDATA[[288][&amp#27;[1;34mINFO&amp#27;[m] ["2022-06-17 13:19:52.082"] : &amp#27;[1;34m**************************************Test case started**************************&amp#27;[m
[290][&amp#27;[1;34mINFO&amp#27;[m] ["2022-06-17 13:19:52.082"] : &amp#27;[1;34mTestCase 2 : Test case to validate user deletion with invalid name&amp#27;[m
[292][&amp#27;[1;31mERROR&amp#27;[m] ["2022-06-17 13:19:52.090"] : &amp#27;[1;31mtestDeleteUserWithInValidName : FAILED : &amp#27;[m
java.lang.AssertionError: expected [true] but found [false]
	at org.testng.Assert.fail(Assert.java:97) ~[testng-7.0.0.jar:?]
	at org.testng.Assert.assertEqualsImpl(Assert.java:136) ~[testng-7.0.0.jar:?]
	at org.testng.Assert.assertEquals(Assert.java:118) ~[testng-7.0.0.jar:?]
	at org.testng.Assert.assertEquals(Assert.java:751) ~[testng-7.0.0.jar:?]
	at org.testng.Assert.assertEquals(Assert.java:761) ~[testng-7.0.0.jar:?]
	at com.n26.functional.user.DeleteUser.testDeleteUserWithInValidName(DeleteUser.java:79) ~[test-classes/:?]
	at sun.reflect.NativeMethodAccessorImpl.invoke0(Native Method) ~[?:1.8.0_312]
	at sun.reflect.NativeMethodAccessorImpl.invoke(NativeMethodAccessorImpl.java:62) ~[?:1.8.0_312]
	at sun.reflect.DelegatingMethodAccessorImpl.invoke(DelegatingMethodAccessorImpl.java:43) ~[?:1.8.0_312]
	at java.lang.reflect.Method.invoke(Method.java:498) ~[?:1.8.0_312]
	at org.testng.internal.MethodInvocationHelper.invokeMethod(MethodInvocationHelper.java:133) ~[testng-7.0.0.jar:?]
	at org.testng.internal.TestInvoker.invokeMethod(TestInvoker.java:584) ~[testng-7.0.0.jar:?]
	at org.testng.internal.TestInvoker.invokeTestMethod(TestInvoker.java:172) ~[testng-7.0.0.jar:?]
	at org.testng.internal.MethodRunner.runInSequence(MethodRunner.java:46) ~[testng-7.0.0.jar:?]
	at org.testng.internal.TestInvoker$MethodInvocationAgent.invoke(TestInvoker.java:804) ~[testng-7.0.0.jar:?]
	at org.testng.internal.TestInvoker.invokeTestMethods(TestInvoker.java:145) ~[testng-7.0.0.jar:?]
	at org.testng.internal.TestMethodWorker.invokeTestMethods(TestMethodWorker.java:146) ~[testng-7.0.0.jar:?]
	at org.testng.internal.TestMethodWorker.run(TestMethodWorker.java:128) ~[testng-7.0.0.jar:?]
	at java.util.ArrayList.forEach(ArrayList.java:1259) ~[?:1.8.0_312]
	at org.testng.TestRunner.privateRun(TestRunner.java:770) ~[testng-7.0.0.jar:?]
	at org.testng.TestRunner.run(TestRunner.java:591) ~[testng-7.0.0.jar:?]
	at org.testng.SuiteRunner.runTest(SuiteRunner.java:402) ~[testng-7.0.0.jar:?]
	at org.testng.SuiteRunner.runSequentially(SuiteRunner.java:396) ~[testng-7.0.0.jar:?]
	at org.testng.SuiteRunner.privateRun(SuiteRunner.java:355) ~[testng-7.0.0.jar:?]
	at org.testng.SuiteRunner.run(SuiteRunner.java:304) ~[testng-7.0.0.jar:?]
	at org.testng.SuiteRunnerWorker.runSuite(SuiteRunnerWorker.java:53) ~[testng-7.0.0.jar:?]
	at org.testng.SuiteRunnerWorker.run(SuiteRunnerWorker.java:96) ~[testng-7.0.0.jar:?]
	at org.testng.TestNG.runSuitesSequentially(TestNG.java:1180) ~[testng-7.0.0.jar:?]
	at org.testng.TestNG.runSuitesLocally(TestNG.java:1102) ~[testng-7.0.0.jar:?]
	at org.testng.TestNG.runSuites(TestNG.java:1032) ~[testng-7.0.0.jar:?]
	at org.testng.TestNG.run(TestNG.java:1000) ~[testng-7.0.0.jar:?]
	at org.apache.maven.surefire.testng.TestNGExecutor.run(TestNGExecutor.java:324) ~[surefire-testng-3.0.0-M6.jar:3.0.0-M6]
	at org.apache.maven.surefire.testng.TestNGXmlTestSuite.execute(TestNGXmlTestSuite.java:74) ~[surefire-testng-3.0.0-M6.jar:3.0.0-M6]
	at org.apache.maven.surefire.testng.TestNGProvider.invoke(TestNGProvider.java:123) ~[surefire-testng-3.0.0-M6.jar:3.0.0-M6]
	at org.apache.maven.surefire.booter.ForkedBooter.runSuitesInProcess(ForkedBooter.java:456) ~[surefire-booter-3.0.0-M6.jar:3.0.0-M6]
	at org.apache.maven.surefire.booter.ForkedBooter.execute(ForkedBooter.java:169) ~[surefire-booter-3.0.0-M6.jar:3.0.0-M6]
	at org.apache.maven.surefire.booter.ForkedBooter.run(ForkedBooter.java:595) ~[surefire-booter-3.0.0-M6.jar:3.0.0-M6]
	at org.apache.maven.surefire.booter.ForkedBooter.main(ForkedBooter.java:581) ~[surefire-booter-3.0.0-M6.jar:3.0.0-M6]
]]></system-out>
  </testcase>
  <testcase name="testUserLogin" classname="com.n26.functional.user.LoginLogout" time="0.038">
    <system-out><![CDATA[[294][&amp#27;[1;34mINFO&amp#27;[m] ["2022-06-17 13:19:52.092"] : &amp#27;[1;34m******************************Execution of GET - User login-logout  started*******************************&amp#27;[m
[296][&amp#27;[1;34mINFO&amp#27;[m] ["2022-06-17 13:19:52.093"] : &amp#27;[1;34mSetting up configurations&amp#27;[m
[298][&amp#27;[1;34mINFO&amp#27;[m] ["2022-06-17 13:19:52.094"] : &amp#27;[1;34m**************************************Test case started**************************&amp#27;[m
[300][&amp#27;[1;34mINFO&amp#27;[m] ["2022-06-17 13:19:52.094"] : &amp#27;[1;34mTestCase 1 : Test case to Validate user login &amp#27;[m
[302][&amp#27;[1;34mINFO&amp#27;[m] ["2022-06-17 13:19:52.131"] : &amp#27;[1;34mUser succesfully logged in&amp#27;[m
[304][&amp#27;[1;34mINFO&amp#27;[m] ["2022-06-17 13:19:52.132"] : &amp#27;[1;34mResponse : Logged in user session: 2864624959924472832&amp#27;[m
[306][&amp#27;[1;34mINFO&amp#27;[m] ["2022-06-17 13:19:52.132"] : &amp#27;[1;34mStatus Code : 200&amp#27;[m
[308][&amp#27;[1;34mINFO&amp#27;[m] ["2022-06-17 13:19:52.132"] : &amp#27;[1;34mtestUserLogin : PASSED&amp#27;[m
]]></system-out>
  </testcase>
  <testcase name="testUserLoginwithOnlyUserName" classname="com.n26.functional.user.LoginLogout" time="0.059">
    <failure message="expected [true] but found [false]" type="java.lang.AssertionError"><![CDATA[java.lang.AssertionError: expected [true] but found [false]
	at org.testng.Assert.fail(Assert.java:97)
	at org.testng.Assert.assertEqualsImpl(Assert.java:136)
	at org.testng.Assert.assertEquals(Assert.java:118)
	at org.testng.Assert.assertEquals(Assert.java:751)
	at org.testng.Assert.assertEquals(Assert.java:761)
	at com.n26.functional.user.LoginLogout.testUserLoginwithOnlyUserName(LoginLogout.java:59)
	at sun.reflect.NativeMethodAccessorImpl.invoke0(Native Method)
	at sun.reflect.NativeMethodAccessorImpl.invoke(NativeMethodAccessorImpl.java:62)
	at sun.reflect.DelegatingMethodAccessorImpl.invoke(DelegatingMethodAccessorImpl.java:43)
	at java.lang.reflect.Method.invoke(Method.java:498)
	at org.testng.internal.MethodInvocationHelper.invokeMethod(MethodInvocationHelper.java:133)
	at org.testng.internal.TestInvoker.invokeMethod(TestInvoker.java:584)
	at org.testng.internal.TestInvoker.invokeTestMethod(TestInvoker.java:172)
	at org.testng.internal.MethodRunner.runInSequence(MethodRunner.java:46)
	at org.testng.internal.TestInvoker$MethodInvocationAgent.invoke(TestInvoker.java:804)
	at org.testng.internal.TestInvoker.invokeTestMethods(TestInvoker.java:145)
	at org.testng.internal.TestMethodWorker.invokeTestMethods(TestMethodWorker.java:146)
	at org.testng.internal.TestMethodWorker.run(TestMethodWorker.java:128)
	at java.util.ArrayList.forEach(ArrayList.java:1259)
	at org.testng.TestRunner.privateRun(TestRunner.java:770)
	at org.testng.TestRunner.run(TestRunner.java:591)
	at org.testng.SuiteRunner.runTest(SuiteRunner.java:402)
	at org.testng.SuiteRunner.runSequentially(SuiteRunner.java:396)
	at org.testng.SuiteRunner.privateRun(SuiteRunner.java:355)
	at org.testng.SuiteRunner.run(SuiteRunner.java:304)
	at org.testng.SuiteRunnerWorker.runSuite(SuiteRunnerWorker.java:53)
	at org.testng.SuiteRunnerWorker.run(SuiteRunnerWorker.java:96)
	at org.testng.TestNG.runSuitesSequentially(TestNG.java:1180)
	at org.testng.TestNG.runSuitesLocally(TestNG.java:1102)
	at org.testng.TestNG.runSuites(TestNG.java:1032)
	at org.testng.TestNG.run(TestNG.java:1000)
	at org.apache.maven.surefire.testng.TestNGExecutor.run(TestNGExecutor.java:324)
	at org.apache.maven.surefire.testng.TestNGXmlTestSuite.execute(TestNGXmlTestSuite.java:74)
	at org.apache.maven.surefire.testng.TestNGProvider.invoke(TestNGProvider.java:123)
	at org.apache.maven.surefire.booter.ForkedBooter.runSuitesInProcess(ForkedBooter.java:456)
	at org.apache.maven.surefire.booter.ForkedBooter.execute(ForkedBooter.java:169)
	at org.apache.maven.surefire.booter.ForkedBooter.run(ForkedBooter.java:595)
	at org.apache.maven.surefire.booter.ForkedBooter.main(ForkedBooter.java:581)
]]></failure>
    <system-out><![CDATA[[310][&amp#27;[1;34mINFO&amp#27;[m] ["2022-06-17 13:19:52.135"] : &amp#27;[1;34m**************************************Test case started**************************&amp#27;[m
[312][&amp#27;[1;34mINFO&amp#27;[m] ["2022-06-17 13:19:52.135"] : &amp#27;[1;34mTestCase 2 : Test case to Validate error message when only user name is passed&amp#27;[m
[314][&amp#27;[1;34mINFO&amp#27;[m] ["2022-06-17 13:19:52.191"] : &amp#27;[1;34mUser succesfully logged in&amp#27;[m
[316][&amp#27;[1;31mERROR&amp#27;[m] ["2022-06-17 13:19:52.192"] : &amp#27;[1;31mtestUserLoginwithOnlyUserName : FAILED : &amp#27;[m
java.lang.AssertionError: expected [true] but found [false]
	at org.testng.Assert.fail(Assert.java:97) ~[testng-7.0.0.jar:?]
	at org.testng.Assert.assertEqualsImpl(Assert.java:136) ~[testng-7.0.0.jar:?]
	at org.testng.Assert.assertEquals(Assert.java:118) ~[testng-7.0.0.jar:?]
	at org.testng.Assert.assertEquals(Assert.java:751) ~[testng-7.0.0.jar:?]
	at org.testng.Assert.assertEquals(Assert.java:761) ~[testng-7.0.0.jar:?]
	at com.n26.functional.user.LoginLogout.testUserLoginwithOnlyUserName(LoginLogout.java:59) ~[test-classes/:?]
	at sun.reflect.NativeMethodAccessorImpl.invoke0(Native Method) ~[?:1.8.0_312]
	at sun.reflect.NativeMethodAccessorImpl.invoke(NativeMethodAccessorImpl.java:62) ~[?:1.8.0_312]
	at sun.reflect.DelegatingMethodAccessorImpl.invoke(DelegatingMethodAccessorImpl.java:43) ~[?:1.8.0_312]
	at java.lang.reflect.Method.invoke(Method.java:498) ~[?:1.8.0_312]
	at org.testng.internal.MethodInvocationHelper.invokeMethod(MethodInvocationHelper.java:133) ~[testng-7.0.0.jar:?]
	at org.testng.internal.TestInvoker.invokeMethod(TestInvoker.java:584) ~[testng-7.0.0.jar:?]
	at org.testng.internal.TestInvoker.invokeTestMethod(TestInvoker.java:172) ~[testng-7.0.0.jar:?]
	at org.testng.internal.MethodRunner.runInSequence(MethodRunner.java:46) ~[testng-7.0.0.jar:?]
	at org.testng.internal.TestInvoker$MethodInvocationAgent.invoke(TestInvoker.java:804) ~[testng-7.0.0.jar:?]
	at org.testng.internal.TestInvoker.invokeTestMethods(TestInvoker.java:145) ~[testng-7.0.0.jar:?]
	at org.testng.internal.TestMethodWorker.invokeTestMethods(TestMethodWorker.java:146) ~[testng-7.0.0.jar:?]
	at org.testng.internal.TestMethodWorker.run(TestMethodWorker.java:128) ~[testng-7.0.0.jar:?]
	at java.util.ArrayList.forEach(ArrayList.java:1259) ~[?:1.8.0_312]
	at org.testng.TestRunner.privateRun(TestRunner.java:770) ~[testng-7.0.0.jar:?]
	at org.testng.TestRunner.run(TestRunner.java:591) ~[testng-7.0.0.jar:?]
	at org.testng.SuiteRunner.runTest(SuiteRunner.java:402) ~[testng-7.0.0.jar:?]
	at org.testng.SuiteRunner.runSequentially(SuiteRunner.java:396) ~[testng-7.0.0.jar:?]
	at org.testng.SuiteRunner.privateRun(SuiteRunner.java:355) ~[testng-7.0.0.jar:?]
	at org.testng.SuiteRunner.run(SuiteRunner.java:304) ~[testng-7.0.0.jar:?]
	at org.testng.SuiteRunnerWorker.runSuite(SuiteRunnerWorker.java:53) ~[testng-7.0.0.jar:?]
	at org.testng.SuiteRunnerWorker.run(SuiteRunnerWorker.java:96) ~[testng-7.0.0.jar:?]
	at org.testng.TestNG.runSuitesSequentially(TestNG.java:1180) ~[testng-7.0.0.jar:?]
	at org.testng.TestNG.runSuitesLocally(TestNG.java:1102) ~[testng-7.0.0.jar:?]
	at org.testng.TestNG.runSuites(TestNG.java:1032) ~[testng-7.0.0.jar:?]
	at org.testng.TestNG.run(TestNG.java:1000) ~[testng-7.0.0.jar:?]
	at org.apache.maven.surefire.testng.TestNGExecutor.run(TestNGExecutor.java:324) ~[surefire-testng-3.0.0-M6.jar:3.0.0-M6]
	at org.apache.maven.surefire.testng.TestNGXmlTestSuite.execute(TestNGXmlTestSuite.java:74) ~[surefire-testng-3.0.0-M6.jar:3.0.0-M6]
	at org.apache.maven.surefire.testng.TestNGProvider.invoke(TestNGProvider.java:123) ~[surefire-testng-3.0.0-M6.jar:3.0.0-M6]
	at org.apache.maven.surefire.booter.ForkedBooter.runSuitesInProcess(ForkedBooter.java:456) ~[surefire-booter-3.0.0-M6.jar:3.0.0-M6]
	at org.apache.maven.surefire.booter.ForkedBooter.execute(ForkedBooter.java:169) ~[surefire-booter-3.0.0-M6.jar:3.0.0-M6]
	at org.apache.maven.surefire.booter.ForkedBooter.run(ForkedBooter.java:595) ~[surefire-booter-3.0.0-M6.jar:3.0.0-M6]
	at org.apache.maven.surefire.booter.ForkedBooter.main(ForkedBooter.java:581) ~[surefire-booter-3.0.0-M6.jar:3.0.0-M6]
]]></system-out>
  </testcase>
  <testcase name="testUserLoginwithOnlyPassword" classname="com.n26.functional.user.LoginLogout" time="0.031">
    <failure message="expected [true] but found [false]" type="java.lang.AssertionError"><![CDATA[java.lang.AssertionError: expected [true] but found [false]
	at org.testng.Assert.fail(Assert.java:97)
	at org.testng.Assert.assertEqualsImpl(Assert.java:136)
	at org.testng.Assert.assertEquals(Assert.java:118)
	at org.testng.Assert.assertEquals(Assert.java:751)
	at org.testng.Assert.assertEquals(Assert.java:761)
	at com.n26.functional.user.LoginLogout.testUserLoginwithOnlyPassword(LoginLogout.java:72)
	at sun.reflect.NativeMethodAccessorImpl.invoke0(Native Method)
	at sun.reflect.NativeMethodAccessorImpl.invoke(NativeMethodAccessorImpl.java:62)
	at sun.reflect.DelegatingMethodAccessorImpl.invoke(DelegatingMethodAccessorImpl.java:43)
	at java.lang.reflect.Method.invoke(Method.java:498)
	at org.testng.internal.MethodInvocationHelper.invokeMethod(MethodInvocationHelper.java:133)
	at org.testng.internal.TestInvoker.invokeMethod(TestInvoker.java:584)
	at org.testng.internal.TestInvoker.invokeTestMethod(TestInvoker.java:172)
	at org.testng.internal.MethodRunner.runInSequence(MethodRunner.java:46)
	at org.testng.internal.TestInvoker$MethodInvocationAgent.invoke(TestInvoker.java:804)
	at org.testng.internal.TestInvoker.invokeTestMethods(TestInvoker.java:145)
	at org.testng.internal.TestMethodWorker.invokeTestMethods(TestMethodWorker.java:146)
	at org.testng.internal.TestMethodWorker.run(TestMethodWorker.java:128)
	at java.util.ArrayList.forEach(ArrayList.java:1259)
	at org.testng.TestRunner.privateRun(TestRunner.java:770)
	at org.testng.TestRunner.run(TestRunner.java:591)
	at org.testng.SuiteRunner.runTest(SuiteRunner.java:402)
	at org.testng.SuiteRunner.runSequentially(SuiteRunner.java:396)
	at org.testng.SuiteRunner.privateRun(SuiteRunner.java:355)
	at org.testng.SuiteRunner.run(SuiteRunner.java:304)
	at org.testng.SuiteRunnerWorker.runSuite(SuiteRunnerWorker.java:53)
	at org.testng.SuiteRunnerWorker.run(SuiteRunnerWorker.java:96)
	at org.testng.TestNG.runSuitesSequentially(TestNG.java:1180)
	at org.testng.TestNG.runSuitesLocally(TestNG.java:1102)
	at org.testng.TestNG.runSuites(TestNG.java:1032)
	at org.testng.TestNG.run(TestNG.java:1000)
	at org.apache.maven.surefire.testng.TestNGExecutor.run(TestNGExecutor.java:324)
	at org.apache.maven.surefire.testng.TestNGXmlTestSuite.execute(TestNGXmlTestSuite.java:74)
	at org.apache.maven.surefire.testng.TestNGProvider.invoke(TestNGProvider.java:123)
	at org.apache.maven.surefire.booter.ForkedBooter.runSuitesInProcess(ForkedBooter.java:456)
	at org.apache.maven.surefire.booter.ForkedBooter.execute(ForkedBooter.java:169)
	at org.apache.maven.surefire.booter.ForkedBooter.run(ForkedBooter.java:595)
	at org.apache.maven.surefire.booter.ForkedBooter.main(ForkedBooter.java:581)
]]></failure>
    <system-out><![CDATA[[318][&amp#27;[1;34mINFO&amp#27;[m] ["2022-06-17 13:19:52.195"] : &amp#27;[1;34m**************************************Test case started**************************&amp#27;[m
[320][&amp#27;[1;34mINFO&amp#27;[m] ["2022-06-17 13:19:52.200"] : &amp#27;[1;34mTestCase 3 : Test case to Validate error message when only password is passed&amp#27;[m
[322][&amp#27;[1;34mINFO&amp#27;[m] ["2022-06-17 13:19:52.228"] : &amp#27;[1;34mUser succesfully logged in&amp#27;[m
[324][&amp#27;[1;31mERROR&amp#27;[m] ["2022-06-17 13:19:52.228"] : &amp#27;[1;31mtestUserLoginwithOnlyPassword : FAILED : &amp#27;[m
java.lang.AssertionError: expected [true] but found [false]
	at org.testng.Assert.fail(Assert.java:97) ~[testng-7.0.0.jar:?]
	at org.testng.Assert.assertEqualsImpl(Assert.java:136) ~[testng-7.0.0.jar:?]
	at org.testng.Assert.assertEquals(Assert.java:118) ~[testng-7.0.0.jar:?]
	at org.testng.Assert.assertEquals(Assert.java:751) ~[testng-7.0.0.jar:?]
	at org.testng.Assert.assertEquals(Assert.java:761) ~[testng-7.0.0.jar:?]
	at com.n26.functional.user.LoginLogout.testUserLoginwithOnlyPassword(LoginLogout.java:72) ~[test-classes/:?]
	at sun.reflect.NativeMethodAccessorImpl.invoke0(Native Method) ~[?:1.8.0_312]
	at sun.reflect.NativeMethodAccessorImpl.invoke(NativeMethodAccessorImpl.java:62) ~[?:1.8.0_312]
	at sun.reflect.DelegatingMethodAccessorImpl.invoke(DelegatingMethodAccessorImpl.java:43) ~[?:1.8.0_312]
	at java.lang.reflect.Method.invoke(Method.java:498) ~[?:1.8.0_312]
	at org.testng.internal.MethodInvocationHelper.invokeMethod(MethodInvocationHelper.java:133) ~[testng-7.0.0.jar:?]
	at org.testng.internal.TestInvoker.invokeMethod(TestInvoker.java:584) ~[testng-7.0.0.jar:?]
	at org.testng.internal.TestInvoker.invokeTestMethod(TestInvoker.java:172) ~[testng-7.0.0.jar:?]
	at org.testng.internal.MethodRunner.runInSequence(MethodRunner.java:46) ~[testng-7.0.0.jar:?]
	at org.testng.internal.TestInvoker$MethodInvocationAgent.invoke(TestInvoker.java:804) ~[testng-7.0.0.jar:?]
	at org.testng.internal.TestInvoker.invokeTestMethods(TestInvoker.java:145) ~[testng-7.0.0.jar:?]
	at org.testng.internal.TestMethodWorker.invokeTestMethods(TestMethodWorker.java:146) ~[testng-7.0.0.jar:?]
	at org.testng.internal.TestMethodWorker.run(TestMethodWorker.java:128) ~[testng-7.0.0.jar:?]
	at java.util.ArrayList.forEach(ArrayList.java:1259) ~[?:1.8.0_312]
	at org.testng.TestRunner.privateRun(TestRunner.java:770) ~[testng-7.0.0.jar:?]
	at org.testng.TestRunner.run(TestRunner.java:591) ~[testng-7.0.0.jar:?]
	at org.testng.SuiteRunner.runTest(SuiteRunner.java:402) ~[testng-7.0.0.jar:?]
	at org.testng.SuiteRunner.runSequentially(SuiteRunner.java:396) ~[testng-7.0.0.jar:?]
	at org.testng.SuiteRunner.privateRun(SuiteRunner.java:355) ~[testng-7.0.0.jar:?]
	at org.testng.SuiteRunner.run(SuiteRunner.java:304) ~[testng-7.0.0.jar:?]
	at org.testng.SuiteRunnerWorker.runSuite(SuiteRunnerWorker.java:53) ~[testng-7.0.0.jar:?]
	at org.testng.SuiteRunnerWorker.run(SuiteRunnerWorker.java:96) ~[testng-7.0.0.jar:?]
	at org.testng.TestNG.runSuitesSequentially(TestNG.java:1180) ~[testng-7.0.0.jar:?]
	at org.testng.TestNG.runSuitesLocally(TestNG.java:1102) ~[testng-7.0.0.jar:?]
	at org.testng.TestNG.runSuites(TestNG.java:1032) ~[testng-7.0.0.jar:?]
	at org.testng.TestNG.run(TestNG.java:1000) ~[testng-7.0.0.jar:?]
	at org.apache.maven.surefire.testng.TestNGExecutor.run(TestNGExecutor.java:324) ~[surefire-testng-3.0.0-M6.jar:3.0.0-M6]
	at org.apache.maven.surefire.testng.TestNGXmlTestSuite.execute(TestNGXmlTestSuite.java:74) ~[surefire-testng-3.0.0-M6.jar:3.0.0-M6]
	at org.apache.maven.surefire.testng.TestNGProvider.invoke(TestNGProvider.java:123) ~[surefire-testng-3.0.0-M6.jar:3.0.0-M6]
	at org.apache.maven.surefire.booter.ForkedBooter.runSuitesInProcess(ForkedBooter.java:456) ~[surefire-booter-3.0.0-M6.jar:3.0.0-M6]
	at org.apache.maven.surefire.booter.ForkedBooter.execute(ForkedBooter.java:169) ~[surefire-booter-3.0.0-M6.jar:3.0.0-M6]
	at org.apache.maven.surefire.booter.ForkedBooter.run(ForkedBooter.java:595) ~[surefire-booter-3.0.0-M6.jar:3.0.0-M6]
	at org.apache.maven.surefire.booter.ForkedBooter.main(ForkedBooter.java:581) ~[surefire-booter-3.0.0-M6.jar:3.0.0-M6]
]]></system-out>
  </testcase>
  <testcase name="testUserLogout" classname="com.n26.functional.user.LoginLogout" time="0.008">
    <system-out><![CDATA[[326][&amp#27;[1;34mINFO&amp#27;[m] ["2022-06-17 13:19:52.229"] : &amp#27;[1;34m**************************************Test case started**************************&amp#27;[m
[328][&amp#27;[1;34mINFO&amp#27;[m] ["2022-06-17 13:19:52.230"] : &amp#27;[1;34mTestCase 4 : Test case to Validate succesfull logout&amp#27;[m
[330][&amp#27;[1;34mINFO&amp#27;[m] ["2022-06-17 13:19:52.240"] : &amp#27;[1;34mUser succesfully logged out&amp#27;[m
[332][&amp#27;[1;34mINFO&amp#27;[m] ["2022-06-17 13:19:52.240"] : &amp#27;[1;34mResponse : User logged out&amp#27;[m
[334][&amp#27;[1;34mINFO&amp#27;[m] ["2022-06-17 13:19:52.240"] : &amp#27;[1;34mStatus Code : 200&amp#27;[m
[336][&amp#27;[1;34mINFO&amp#27;[m] ["2022-06-17 13:19:52.241"] : &amp#27;[1;34mtestUserLogout : PASSED&amp#27;[m
]]></system-out>
  </testcase>
  <testcase name="testUpdateUserWithValidName" classname="com.n26.functional.user.UpdateUser" time="0.095">
    <system-out><![CDATA[[338][&amp#27;[1;34mINFO&amp#27;[m] ["2022-06-17 13:19:52.241"] : &amp#27;[1;34m******************************Execution of PUT - User update started*******************************&amp#27;[m
[340][&amp#27;[1;34mINFO&amp#27;[m] ["2022-06-17 13:19:52.242"] : &amp#27;[1;34mSetting up configurations&amp#27;[m
[342][&amp#27;[1;34mINFO&amp#27;[m] ["2022-06-17 13:19:52.273"] : &amp#27;[1;34mUser succesfully logged in&amp#27;[m
[344][&amp#27;[1;34mINFO&amp#27;[m] ["2022-06-17 13:19:52.274"] : &amp#27;[1;34m**************************************Test case started**************************&amp#27;[m
[346][&amp#27;[1;34mINFO&amp#27;[m] ["2022-06-17 13:19:52.274"] : &amp#27;[1;34mTestCase 1 : Test case to validate update user with valid name&amp#27;[m
[348][&amp#27;[1;34mINFO&amp#27;[m] ["2022-06-17 13:19:52.356"] : &amp#27;[1;34mGet user response : {"id":22,"username":"John","firstName":"Tom","lastName":"bel","email":"tom@gmail.com","password":"test1","phone":"123456789","userStatus":1}&amp#27;[m
[350][&amp#27;[1;34mINFO&amp#27;[m] ["2022-06-17 13:19:52.369"] : &amp#27;[1;34mGet user response : {"id":22,"username":"John","firstName":"Tom","lastName":"bel","email":"tom@gmail.com","password":"test1","phone":"123456789","userStatus":1}&amp#27;[m
[352][&amp#27;[1;34mINFO&amp#27;[m] ["2022-06-17 13:19:52.369"] : &amp#27;[1;34mSuccesfully retrieved user details&amp#27;[m
[354][&amp#27;[1;34mINFO&amp#27;[m] ["2022-06-17 13:19:52.370"] : &amp#27;[1;34mtestUpdateUserWithValidName : PASSED&amp#27;[m
]]></system-out>
  </testcase>
  <testcase name="testUpdateUserWIthInvalidUserName" classname="com.n26.functional.user.UpdateUser" time="0.007">
    <system-out><![CDATA[[356][&amp#27;[1;34mINFO&amp#27;[m] ["2022-06-17 13:19:52.370"] : &amp#27;[1;34m**************************************Test case started**************************&amp#27;[m
[358][&amp#27;[1;34mINFO&amp#27;[m] ["2022-06-17 13:19:52.370"] : &amp#27;[1;34mTestCase 2 : Test case to valdiate update user with invalid user name&amp#27;[m
[360][&amp#27;[1;34mINFO&amp#27;[m] ["2022-06-17 13:19:52.378"] : &amp#27;[1;34mresponse : User not found&amp#27;[m
[362][&amp#27;[1;34mINFO&amp#27;[m] ["2022-06-17 13:19:52.379"] : &amp#27;[1;34mtestUpdateUserWIthInvalidUserName : PASSED&amp#27;[m
]]></system-out>
  </testcase>
  <testcase name="testSingleUserCreation" classname="com.n26.functional.user.UserCreation" time="0.037">
    <system-out><![CDATA[[364][&amp#27;[1;34mINFO&amp#27;[m] ["2022-06-17 13:19:52.379"] : &amp#27;[1;34m******************************Execution of POST - User creation  started*******************************&amp#27;[m
[366][&amp#27;[1;34mINFO&amp#27;[m] ["2022-06-17 13:19:52.380"] : &amp#27;[1;34mSetting up configurations&amp#27;[m
[368][&amp#27;[1;34mINFO&amp#27;[m] ["2022-06-17 13:19:52.412"] : &amp#27;[1;34mUser succesfully logged in&amp#27;[m
[370][&amp#27;[1;34mINFO&amp#27;[m] ["2022-06-17 13:19:52.412"] : &amp#27;[1;34m**************************************Test case started**************************&amp#27;[m
[372][&amp#27;[1;34mINFO&amp#27;[m] ["2022-06-17 13:19:52.413"] : &amp#27;[1;34mTestCase 1 : Test case to validate single user creation&amp#27;[m
[374][&amp#27;[1;34mINFO&amp#27;[m] ["2022-06-17 13:19:52.422"] : &amp#27;[1;34mCreated user response : {"id":10,"username":"John","firstName":"John","lastName":"James","email":"john@email.com","password":"12345","phone":"12345","userStatus":1}&amp#27;[m
[376][&amp#27;[1;34mINFO&amp#27;[m] ["2022-06-17 13:19:52.423"] : &amp#27;[1;34mUser succesfully created with status code : 200&amp#27;[m
[378][&amp#27;[1;34mINFO&amp#27;[m] ["2022-06-17 13:19:52.423"] : &amp#27;[1;34mCreated user response : {"id":10,"username":"John","firstName":"John","lastName":"James","email":"john@email.com","password":"12345","phone":"12345","userStatus":1}&amp#27;[m
[380][&amp#27;[1;34mINFO&amp#27;[m] ["2022-06-17 13:19:52.432"] : &amp#27;[1;34musername : John&amp#27;[m
[382][&amp#27;[1;34mINFO&amp#27;[m] ["2022-06-17 13:19:52.449"] : &amp#27;[1;34mGet user response : {"id":10,"username":"John","firstName":"John","lastName":"James","email":"john@email.com","password":"12345","phone":"12345","userStatus":1}&amp#27;[m
[384][&amp#27;[1;34mINFO&amp#27;[m] ["2022-06-17 13:19:52.450"] : &amp#27;[1;34mSuccesfully retrieved user details&amp#27;[m
[386][&amp#27;[1;34mINFO&amp#27;[m] ["2022-06-17 13:19:52.451"] : &amp#27;[1;34mtestSingleUserCreation : PASSED&amp#27;[m
]]></system-out>
  </testcase>
  <testcase name="testMultipleUserCreation" classname="com.n26.functional.user.UserCreation" time="0.057">
    <system-out><![CDATA[[388][&amp#27;[1;34mINFO&amp#27;[m] ["2022-06-17 13:19:52.452"] : &amp#27;[1;34m**************************************Test case started**************************&amp#27;[m
[390][&amp#27;[1;34mINFO&amp#27;[m] ["2022-06-17 13:19:52.452"] : &amp#27;[1;34mTestCase 2 : Test case to validate multiple user creation&amp#27;[m
[392][&amp#27;[1;34mINFO&amp#27;[m] ["2022-06-17 13:19:52.508"] : &amp#27;[1;34mCreated list of users  : [{"id":10,"username":"John","firstName":"John","lastName":"James","email":"john@email.com","password":"12345","phone":"12345","userStatus":1},{"id":10,"username":"John","firstName":"John","lastName":"James","email":"john@email.com","password":"12345","phone":"12345","userStatus":1}]&amp#27;[m
[394][&amp#27;[1;34mINFO&amp#27;[m] ["2022-06-17 13:19:52.508"] : &amp#27;[1;34mUser succesfully created with status code : 200&amp#27;[m
[396][&amp#27;[1;34mINFO&amp#27;[m] ["2022-06-17 13:19:52.508"] : &amp#27;[1;34mtestMultipleUserCreation : PASSED&amp#27;[m
]]></system-out>
  </testcase>
  <testcase name="testGetPetByValidTag" classname="com.n26.functional.pets.FindByTags" time="0.09">
    <system-out><![CDATA[[398][&amp#27;[1;34mINFO&amp#27;[m] ["2022-06-17 13:19:52.509"] : &amp#27;[1;34m******************************Execution of GET - Retrieving pet by tags started*******************************&amp#27;[m
[400][&amp#27;[1;34mINFO&amp#27;[m] ["2022-06-17 13:19:52.509"] : &amp#27;[1;34mSetting up configurations&amp#27;[m
[402][&amp#27;[1;34mINFO&amp#27;[m] ["2022-06-17 13:19:52.510"] : &amp#27;[1;34m**************************************Test case started**************************&amp#27;[m
[404][&amp#27;[1;34mINFO&amp#27;[m] ["2022-06-17 13:19:52.510"] : &amp#27;[1;34mTestCase 1 : Test case to retrieve valid Pet by tags&amp#27;[m
[406][&amp#27;[1;34mINFO&amp#27;[m] ["2022-06-17 13:19:52.581"] : &amp#27;[1;34mStatus Code : 200&amp#27;[m
[408][&amp#27;[1;34mINFO&amp#27;[m] ["2022-06-17 13:19:52.590"] : &amp#27;[1;34mPet tags : [[own]]&amp#27;[m
[410][&amp#27;[1;34mINFO&amp#27;[m] ["2022-06-17 13:19:52.600"] : &amp#27;[1;34mExpected filered tags pet are displaying : [{"id":111,"category":{"id":1,"name":"Dogs"},"name":"Beagal","photoUrls":["url1"],"tags":[{"id":111,"name":"own"}],"status":"available"}]&amp#27;[m
[412][&amp#27;[1;34mINFO&amp#27;[m] ["2022-06-17 13:19:52.601"] : &amp#27;[1;34mtestGetPetByValidTag : PASSED&amp#27;[m
]]></system-out>
  </testcase>
  <testcase name="tesGetPetByInvalidTags" classname="com.n26.functional.pets.FindByTags" time="0.052">
    <system-out><![CDATA[[414][&amp#27;[1;34mINFO&amp#27;[m] ["2022-06-17 13:19:52.602"] : &amp#27;[1;34m**************************************Test case started**************************&amp#27;[m
[416][&amp#27;[1;34mINFO&amp#27;[m] ["2022-06-17 13:19:52.602"] : &amp#27;[1;34mTestCase 2 : Test case to retrieve invalid Pet by tags&amp#27;[m
[418][&amp#27;[1;34mINFO&amp#27;[m] ["2022-06-17 13:19:52.652"] : &amp#27;[1;34mStatus Code : 200&amp#27;[m
[420][&amp#27;[1;34mINFO&amp#27;[m] ["2022-06-17 13:19:52.653"] : &amp#27;[1;34mThere is no pet available for the tag : true&amp#27;[m
[422][&amp#27;[1;34mINFO&amp#27;[m] ["2022-06-17 13:19:52.653"] : &amp#27;[1;34mExpected empty tag array is displaying : []&amp#27;[m
[424][&amp#27;[1;34mINFO&amp#27;[m] ["2022-06-17 13:19:52.653"] : &amp#27;[1;34mtesGetPetByInvalidTags : PASSED&amp#27;[m
]]></system-out>
  </testcase>
  <testcase name="testValidPetUpdateWithNameStatus" classname="com.n26.functional.pets.UpdatePetById" time="0.193">
    <system-out><![CDATA[[426][&amp#27;[1;34mINFO&amp#27;[m] ["2022-06-17 13:19:52.654"] : &amp#27;[1;34m******************************Execution of POST - Update pet by ID started*******************************&amp#27;[m
[428][&amp#27;[1;34mINFO&amp#27;[m] ["2022-06-17 13:19:52.654"] : &amp#27;[1;34mSetting up configurations&amp#27;[m
[430][&amp#27;[1;34mINFO&amp#27;[m] ["2022-06-17 13:19:52.655"] : &amp#27;[1;34m**************************************Test case started**************************&amp#27;[m
[432][&amp#27;[1;34mINFO&amp#27;[m] ["2022-06-17 13:19:52.655"] : &amp#27;[1;34mTestCase 1 : Test case to validate updating pet with valid name and status&amp#27;[m
[434][&amp#27;[1;34mINFO&amp#27;[m] ["2022-06-17 13:19:52.675"] : &amp#27;[1;34mResponse : {"id":111,"category":{"id":1,"name":"Dogs"},"name":"Retriever","photoUrls":["url1"],"tags":[{"id":1,"name":"tag1"}],"status":"sold"}&amp#27;[m
[436][&amp#27;[1;34mINFO&amp#27;[m] ["2022-06-17 13:19:52.675"] : &amp#27;[1;34mStatus Code : 200&amp#27;[m
[438][&amp#27;[1;34mINFO&amp#27;[m] ["2022-06-17 13:19:52.716"] : &amp#27;[1;34mold pet name Beagal is successfully updated with new name as : Retriever&amp#27;[m
[440][&amp#27;[1;34mINFO&amp#27;[m] ["2022-06-17 13:19:52.741"] : &amp#27;[1;34mold pet status available is successfully updated with new status as : sold&amp#27;[m
[442][&amp#27;[1;34mINFO&amp#27;[m] ["2022-06-17 13:19:52.754"] : &amp#27;[1;34mBeagal : Pet upated with new name&amp#27;[m
[444][&amp#27;[1;34mINFO&amp#27;[m] ["2022-06-17 13:19:52.768"] : &amp#27;[1;34mavailable : Pet upated with new status&amp#27;[m
[446][&amp#27;[1;34mINFO&amp#27;[m] ["2022-06-17 13:19:52.847"] : &amp#27;[1;34mtestValidPetUpdateWithNameStatus : PASSED&amp#27;[m
]]></system-out>
  </testcase>
  <testcase name="testInavlidPetUpdate" classname="com.n26.functional.pets.UpdatePetById" time="0.01">
    <system-out><![CDATA[[448][&amp#27;[1;34mINFO&amp#27;[m] ["2022-06-17 13:19:52.848"] : &amp#27;[1;34m**************************************Test case started**************************&amp#27;[m
[450][&amp#27;[1;34mINFO&amp#27;[m] ["2022-06-17 13:19:52.849"] : &amp#27;[1;34mTestCase 2 : Test case to udpate invalid pet with name and status &amp#27;[m
[452][&amp#27;[1;34mINFO&amp#27;[m] ["2022-06-17 13:19:52.858"] : &amp#27;[1;34mResponse : Pet not found&amp#27;[m
[454][&amp#27;[1;34mINFO&amp#27;[m] ["2022-06-17 13:19:52.858"] : &amp#27;[1;34mStatus Code : 404&amp#27;[m
[456][&amp#27;[1;34mINFO&amp#27;[m] ["2022-06-17 13:19:52.859"] : &amp#27;[1;34mtestInavlidPetUpdate : PASSED&amp#27;[m
]]></system-out>
  </testcase>
  <testcase name="testUploadingPetImage" classname="com.n26.functional.pets.UplodPetImage" time="0.032">
    <failure message="expected [true] but found [false]" type="java.lang.AssertionError"><![CDATA[java.lang.AssertionError: expected [true] but found [false]
	at org.testng.Assert.fail(Assert.java:97)
	at org.testng.Assert.assertEqualsImpl(Assert.java:136)
	at org.testng.Assert.assertEquals(Assert.java:118)
	at org.testng.Assert.assertEquals(Assert.java:751)
	at org.testng.Assert.assertEquals(Assert.java:761)
	at com.n26.functional.pets.UplodPetImage.testUploadingPetImage(UplodPetImage.java:58)
	at sun.reflect.NativeMethodAccessorImpl.invoke0(Native Method)
	at sun.reflect.NativeMethodAccessorImpl.invoke(NativeMethodAccessorImpl.java:62)
	at sun.reflect.DelegatingMethodAccessorImpl.invoke(DelegatingMethodAccessorImpl.java:43)
	at java.lang.reflect.Method.invoke(Method.java:498)
	at org.testng.internal.MethodInvocationHelper.invokeMethod(MethodInvocationHelper.java:133)
	at org.testng.internal.TestInvoker.invokeMethod(TestInvoker.java:584)
	at org.testng.internal.TestInvoker.invokeTestMethod(TestInvoker.java:172)
	at org.testng.internal.MethodRunner.runInSequence(MethodRunner.java:46)
	at org.testng.internal.TestInvoker$MethodInvocationAgent.invoke(TestInvoker.java:804)
	at org.testng.internal.TestInvoker.invokeTestMethods(TestInvoker.java:145)
	at org.testng.internal.TestMethodWorker.invokeTestMethods(TestMethodWorker.java:146)
	at org.testng.internal.TestMethodWorker.run(TestMethodWorker.java:128)
	at java.util.ArrayList.forEach(ArrayList.java:1259)
	at org.testng.TestRunner.privateRun(TestRunner.java:770)
	at org.testng.TestRunner.run(TestRunner.java:591)
	at org.testng.SuiteRunner.runTest(SuiteRunner.java:402)
	at org.testng.SuiteRunner.runSequentially(SuiteRunner.java:396)
	at org.testng.SuiteRunner.privateRun(SuiteRunner.java:355)
	at org.testng.SuiteRunner.run(SuiteRunner.java:304)
	at org.testng.SuiteRunnerWorker.runSuite(SuiteRunnerWorker.java:53)
	at org.testng.SuiteRunnerWorker.run(SuiteRunnerWorker.java:96)
	at org.testng.TestNG.runSuitesSequentially(TestNG.java:1180)
	at org.testng.TestNG.runSuitesLocally(TestNG.java:1102)
	at org.testng.TestNG.runSuites(TestNG.java:1032)
	at org.testng.TestNG.run(TestNG.java:1000)
	at org.apache.maven.surefire.testng.TestNGExecutor.run(TestNGExecutor.java:324)
	at org.apache.maven.surefire.testng.TestNGXmlTestSuite.execute(TestNGXmlTestSuite.java:74)
	at org.apache.maven.surefire.testng.TestNGProvider.invoke(TestNGProvider.java:123)
	at org.apache.maven.surefire.booter.ForkedBooter.runSuitesInProcess(ForkedBooter.java:456)
	at org.apache.maven.surefire.booter.ForkedBooter.execute(ForkedBooter.java:169)
	at org.apache.maven.surefire.booter.ForkedBooter.run(ForkedBooter.java:595)
	at org.apache.maven.surefire.booter.ForkedBooter.main(ForkedBooter.java:581)
]]></failure>
    <system-out><![CDATA[[458][&amp#27;[1;34mINFO&amp#27;[m] ["2022-06-17 13:19:52.860"] : &amp#27;[1;34m******************************Execution of POST - Upload pet image started*******************************&amp#27;[m
[460][&amp#27;[1;34mINFO&amp#27;[m] ["2022-06-17 13:19:52.861"] : &amp#27;[1;34mSetting up configurations&amp#27;[m
[462][&amp#27;[1;34mINFO&amp#27;[m] ["2022-06-17 13:19:52.862"] : &amp#27;[1;34m**************************************Test case started**************************&amp#27;[m
[464][&amp#27;[1;34mINFO&amp#27;[m] ["2022-06-17 13:19:52.862"] : &amp#27;[1;34mTestCase 1 : Test case to validate pet image uploading&amp#27;[m
[466][&amp#27;[1;34mINFO&amp#27;[m] ["2022-06-17 13:19:52.893"] : &amp#27;[1;34mResponse : {"code":500,"message":"There was an error processing your request. It has been logged (ID: a76280079a228b39)"}&amp#27;[m
[468][&amp#27;[1;31mERROR&amp#27;[m] ["2022-06-17 13:19:52.894"] : &amp#27;[1;31mtestUploadingPetImage : FAILED : &amp#27;[m
java.lang.AssertionError: expected [true] but found [false]
	at org.testng.Assert.fail(Assert.java:97) ~[testng-7.0.0.jar:?]
	at org.testng.Assert.assertEqualsImpl(Assert.java:136) ~[testng-7.0.0.jar:?]
	at org.testng.Assert.assertEquals(Assert.java:118) ~[testng-7.0.0.jar:?]
	at org.testng.Assert.assertEquals(Assert.java:751) ~[testng-7.0.0.jar:?]
	at org.testng.Assert.assertEquals(Assert.java:761) ~[testng-7.0.0.jar:?]
	at com.n26.functional.pets.UplodPetImage.testUploadingPetImage(UplodPetImage.java:58) ~[test-classes/:?]
	at sun.reflect.NativeMethodAccessorImpl.invoke0(Native Method) ~[?:1.8.0_312]
	at sun.reflect.NativeMethodAccessorImpl.invoke(NativeMethodAccessorImpl.java:62) ~[?:1.8.0_312]
	at sun.reflect.DelegatingMethodAccessorImpl.invoke(DelegatingMethodAccessorImpl.java:43) ~[?:1.8.0_312]
	at java.lang.reflect.Method.invoke(Method.java:498) ~[?:1.8.0_312]
	at org.testng.internal.MethodInvocationHelper.invokeMethod(MethodInvocationHelper.java:133) ~[testng-7.0.0.jar:?]
	at org.testng.internal.TestInvoker.invokeMethod(TestInvoker.java:584) ~[testng-7.0.0.jar:?]
	at org.testng.internal.TestInvoker.invokeTestMethod(TestInvoker.java:172) ~[testng-7.0.0.jar:?]
	at org.testng.internal.MethodRunner.runInSequence(MethodRunner.java:46) ~[testng-7.0.0.jar:?]
	at org.testng.internal.TestInvoker$MethodInvocationAgent.invoke(TestInvoker.java:804) ~[testng-7.0.0.jar:?]
	at org.testng.internal.TestInvoker.invokeTestMethods(TestInvoker.java:145) ~[testng-7.0.0.jar:?]
	at org.testng.internal.TestMethodWorker.invokeTestMethods(TestMethodWorker.java:146) ~[testng-7.0.0.jar:?]
	at org.testng.internal.TestMethodWorker.run(TestMethodWorker.java:128) ~[testng-7.0.0.jar:?]
	at java.util.ArrayList.forEach(ArrayList.java:1259) ~[?:1.8.0_312]
	at org.testng.TestRunner.privateRun(TestRunner.java:770) ~[testng-7.0.0.jar:?]
	at org.testng.TestRunner.run(TestRunner.java:591) ~[testng-7.0.0.jar:?]
	at org.testng.SuiteRunner.runTest(SuiteRunner.java:402) ~[testng-7.0.0.jar:?]
	at org.testng.SuiteRunner.runSequentially(SuiteRunner.java:396) ~[testng-7.0.0.jar:?]
	at org.testng.SuiteRunner.privateRun(SuiteRunner.java:355) ~[testng-7.0.0.jar:?]
	at org.testng.SuiteRunner.run(SuiteRunner.java:304) ~[testng-7.0.0.jar:?]
	at org.testng.SuiteRunnerWorker.runSuite(SuiteRunnerWorker.java:53) ~[testng-7.0.0.jar:?]
	at org.testng.SuiteRunnerWorker.run(SuiteRunnerWorker.java:96) ~[testng-7.0.0.jar:?]
	at org.testng.TestNG.runSuitesSequentially(TestNG.java:1180) ~[testng-7.0.0.jar:?]
	at org.testng.TestNG.runSuitesLocally(TestNG.java:1102) ~[testng-7.0.0.jar:?]
	at org.testng.TestNG.runSuites(TestNG.java:1032) ~[testng-7.0.0.jar:?]
	at org.testng.TestNG.run(TestNG.java:1000) ~[testng-7.0.0.jar:?]
	at org.apache.maven.surefire.testng.TestNGExecutor.run(TestNGExecutor.java:324) ~[surefire-testng-3.0.0-M6.jar:3.0.0-M6]
	at org.apache.maven.surefire.testng.TestNGXmlTestSuite.execute(TestNGXmlTestSuite.java:74) ~[surefire-testng-3.0.0-M6.jar:3.0.0-M6]
	at org.apache.maven.surefire.testng.TestNGProvider.invoke(TestNGProvider.java:123) ~[surefire-testng-3.0.0-M6.jar:3.0.0-M6]
	at org.apache.maven.surefire.booter.ForkedBooter.runSuitesInProcess(ForkedBooter.java:456) ~[surefire-booter-3.0.0-M6.jar:3.0.0-M6]
	at org.apache.maven.surefire.booter.ForkedBooter.execute(ForkedBooter.java:169) ~[surefire-booter-3.0.0-M6.jar:3.0.0-M6]
	at org.apache.maven.surefire.booter.ForkedBooter.run(ForkedBooter.java:595) ~[surefire-booter-3.0.0-M6.jar:3.0.0-M6]
	at org.apache.maven.surefire.booter.ForkedBooter.main(ForkedBooter.java:581) ~[surefire-booter-3.0.0-M6.jar:3.0.0-M6]
]]></system-out>
  </testcase>
</testsuite>