[1][INFO ] 2022-06-13 19:03:24.503 : Project Name        : PetStore
[3][INFO ] 2022-06-13 19:03:24.583 : Test Environment    : http://localhost:8080/api/v3
[5][INFO ] 2022-06-13 19:03:24.583 : Executed on OS      : Linux
[7][INFO ] 2022-06-13 19:03:24.583 : Executed By         : likhithanr
[9][INFO ] 2022-06-13 19:03:24.583 : ******************************Execution of POST - Pet creation started*******************************
[11][INFO ] 2022-06-13 19:03:24.593 : Setting up configurations
[13][INFO ] 2022-06-13 19:03:24.976 : TestCase 1 : Test case to validate successful pet creation 
[15][INFO ] 2022-06-13 19:03:24.976 : TestCase 1 : Test case to validate successful pet creation 
[17][INFO ] 2022-06-13 19:03:25.542 : Response : {"id":111,"category":{"id":1,"name":"Dogs"},"name":"Beagal","photoUrls":["url1"],"tags":[{"id":1,"name":"tag1"}],"status":"available"}
[19][INFO ] 2022-06-13 19:03:25.543 : Response : {"id":111,"category":{"id":1,"name":"Dogs"},"name":"Beagal","photoUrls":["url1"],"tags":[{"id":1,"name":"tag1"}],"status":"available"}
[21][INFO ] 2022-06-13 19:03:25.543 : Status Code : 200
[23][INFO ] 2022-06-13 19:03:25.543 : Status Code : 200
[25][INFO ] 2022-06-13 19:03:25.962 : Beagal : Pet created
[27][INFO ] 2022-06-13 19:03:25.963 : Beagal : Pet created
[29][INFO ] 2022-06-13 19:03:25.964 : testCreatePet : PASSED
[31][INFO ] 2022-06-13 19:03:25.966 : TestCase 2: Test case to validate bad request when request sent without mandatory field
[33][INFO ] 2022-06-13 19:03:25.966 : TestCase 2: Test case to validate bad request when request sent without mandatory field
[35][ERROR] 2022-06-13 19:03:26.593 : testCreatePetwWithoutMandatoryParams : FAILED : 
java.lang.AssertionError: expected [true] but found [false]
	at org.testng.Assert.fail(Assert.java:97) ~[testng-7.0.0.jar:?]
	at org.testng.Assert.assertEqualsImpl(Assert.java:136) ~[testng-7.0.0.jar:?]
	at org.testng.Assert.assertEquals(Assert.java:118) ~[testng-7.0.0.jar:?]
	at org.testng.Assert.assertEquals(Assert.java:751) ~[testng-7.0.0.jar:?]
	at org.testng.Assert.assertEquals(Assert.java:761) ~[testng-7.0.0.jar:?]
	at com.n26.functional.pets.CreatePet_POST.testCreatePetwWithoutMandatoryParams(CreatePet_POST.java:69) ~[test-classes/:?]
	at sun.reflect.NativeMethodAccessorImpl.invoke0(Native Method) ~[?:1.8.0_312]
	at sun.reflect.NativeMethodAccessorImpl.invoke(NativeMethodAccessorImpl.java:62) ~[?:1.8.0_312]
	at sun.reflect.DelegatingMethodAccessorImpl.invoke(DelegatingMethodAccessorImpl.java:43) ~[?:1.8.0_312]
	at java.lang.reflect.Method.invoke(Method.java:498) ~[?:1.8.0_312]
	at org.testng.internal.MethodInvocationHelper.invokeMethod(MethodInvocationHelper.java:133) ~[testng-7.0.0.jar:?]
	at org.testng.internal.TestInvoker.invokeMethod(TestInvoker.java:584) ~[testng-7.0.0.jar:?]
	at org.testng.internal.TestInvoker.invokeTestMethod(TestInvoker.java:172) ~[testng-7.0.0.jar:?]
	at org.testng.internal.MethodRunner.runInSequence(MethodRunner.java:46) ~[testng-7.0.0.jar:?]
	at org.testng.internal.TestInvoker$MethodInvocationAgent.invoke(TestInvoker.java:804) ~[testng-7.0.0.jar:?]
	at org.testng.internal.TestInvoker.invokeTestMethods(TestInvoker.java:145) ~[testng-7.0.0.jar:?]
	at org.testng.internal.TestMethodWorker.invokeTestMethods(TestMethodWorker.java:146) ~[testng-7.0.0.jar:?]
	at org.testng.internal.TestMethodWorker.run(TestMethodWorker.java:128) ~[testng-7.0.0.jar:?]
	at java.util.ArrayList.forEach(ArrayList.java:1259) ~[?:1.8.0_312]
	at org.testng.TestRunner.privateRun(TestRunner.java:770) ~[testng-7.0.0.jar:?]
	at org.testng.TestRunner.run(TestRunner.java:591) ~[testng-7.0.0.jar:?]
	at org.testng.SuiteRunner.runTest(SuiteRunner.java:402) ~[testng-7.0.0.jar:?]
	at org.testng.SuiteRunner.runSequentially(SuiteRunner.java:396) ~[testng-7.0.0.jar:?]
	at org.testng.SuiteRunner.privateRun(SuiteRunner.java:355) ~[testng-7.0.0.jar:?]
	at org.testng.SuiteRunner.run(SuiteRunner.java:304) ~[testng-7.0.0.jar:?]
	at org.testng.SuiteRunnerWorker.runSuite(SuiteRunnerWorker.java:53) ~[testng-7.0.0.jar:?]
	at org.testng.SuiteRunnerWorker.run(SuiteRunnerWorker.java:96) ~[testng-7.0.0.jar:?]
	at org.testng.TestNG.runSuitesSequentially(TestNG.java:1180) ~[testng-7.0.0.jar:?]
	at org.testng.TestNG.runSuitesLocally(TestNG.java:1102) ~[testng-7.0.0.jar:?]
	at org.testng.TestNG.runSuites(TestNG.java:1032) ~[testng-7.0.0.jar:?]
	at org.testng.TestNG.run(TestNG.java:1000) ~[testng-7.0.0.jar:?]
	at org.apache.maven.surefire.testng.TestNGExecutor.run(TestNGExecutor.java:324) ~[surefire-testng-3.0.0-M6.jar:3.0.0-M6]
	at org.apache.maven.surefire.testng.TestNGXmlTestSuite.execute(TestNGXmlTestSuite.java:74) ~[surefire-testng-3.0.0-M6.jar:3.0.0-M6]
	at org.apache.maven.surefire.testng.TestNGProvider.invoke(TestNGProvider.java:123) ~[surefire-testng-3.0.0-M6.jar:3.0.0-M6]
	at org.apache.maven.surefire.booter.ForkedBooter.runSuitesInProcess(ForkedBooter.java:456) ~[surefire-booter-3.0.0-M6.jar:3.0.0-M6]
	at org.apache.maven.surefire.booter.ForkedBooter.execute(ForkedBooter.java:169) ~[surefire-booter-3.0.0-M6.jar:3.0.0-M6]
	at org.apache.maven.surefire.booter.ForkedBooter.run(ForkedBooter.java:595) ~[surefire-booter-3.0.0-M6.jar:3.0.0-M6]
	at org.apache.maven.surefire.booter.ForkedBooter.main(ForkedBooter.java:581) ~[surefire-booter-3.0.0-M6.jar:3.0.0-M6]
[37][INFO ] 2022-06-13 19:03:26.598 : TestCase 3: Test case to validate 405 bad request
[39][INFO ] 2022-06-13 19:03:26.598 : TestCase 3: Test case to validate 405 bad request
[41][INFO ] 2022-06-13 19:03:26.619 : Response : {"code":405,"message":"HTTP 405 Method Not Allowed"}
[43][INFO ] 2022-06-13 19:03:26.619 : Response : {"code":405,"message":"HTTP 405 Method Not Allowed"}
[45][INFO ] 2022-06-13 19:03:26.619 : Status Code : 405
[47][INFO ] 2022-06-13 19:03:26.619 : Status Code : 405
[49][INFO ] 2022-06-13 19:03:26.628 : 405 : Bad Request status code
[51][INFO ] 2022-06-13 19:03:26.628 : 405 : Bad Request status code
[53][INFO ] 2022-06-13 19:03:26.639 : HTTP 405 Method Not Allowed : Invalid Value
[55][INFO ] 2022-06-13 19:03:26.639 : HTTP 405 Method Not Allowed : Invalid Value
[57][INFO ] 2022-06-13 19:03:26.640 : testCreatePetWithInvalidRequestMethod : PASSED
[59][INFO ] 2022-06-13 19:03:26.641 : TestCase 4: Test case to validate ID param with Inavalid data types
[61][INFO ] 2022-06-13 19:03:26.641 : TestCase 4: Test case to validate ID param with Inavalid data types
[63][INFO ] 2022-06-13 19:03:26.690 : {"photoUrls":["url1"],"name":"Beagal","id":"abc","category":{"name":"Dogs","id":1},"tags":[{"name":"tag1","id":1}],"status":"available"}
[65][INFO ] 2022-06-13 19:03:26.690 : {"photoUrls":["url1"],"name":"Beagal","id":"abc","category":{"name":"Dogs","id":1},"tags":[{"name":"tag1","id":1}],"status":"available"}
[67][INFO ] 2022-06-13 19:03:26.707 : Response : {"code":400,"message":"Input error: unable to convert input to io.swagger.petstore.model.Pet"}
[69][INFO ] 2022-06-13 19:03:26.707 : Response : {"code":400,"message":"Input error: unable to convert input to io.swagger.petstore.model.Pet"}
[71][INFO ] 2022-06-13 19:03:26.708 : Status Code : 400
[73][INFO ] 2022-06-13 19:03:26.708 : Status Code : 400
[75][INFO ] 2022-06-13 19:03:26.717 : 400 : Bad Request status code
[77][INFO ] 2022-06-13 19:03:26.717 : 400 : Bad Request status code
[79][INFO ] 2022-06-13 19:03:26.726 : Input error: unable to convert input to io.swagger.petstore.model.Pet : Invalid Value
[81][INFO ] 2022-06-13 19:03:26.727 : Input error: unable to convert input to io.swagger.petstore.model.Pet : Invalid Value
[83][INFO ] 2022-06-13 19:03:26.727 : testCreatePetWithInvalidDataType_Id : PASSED
[85][INFO ] 2022-06-13 19:03:26.728 : TestCase 5: Test case to validate Name param with Inavalid data types
[87][INFO ] 2022-06-13 19:03:26.728 : TestCase 5: Test case to validate Name param with Inavalid data types
[89][INFO ] 2022-06-13 19:03:26.769 : {"photoUrls":["url1"],"name":"123","id":111,"category":{"name":"Dogs","id":1},"tags":[{"name":"tag1","id":1}],"status":"available"}
[91][INFO ] 2022-06-13 19:03:26.769 : {"photoUrls":["url1"],"name":"123","id":111,"category":{"name":"Dogs","id":1},"tags":[{"name":"tag1","id":1}],"status":"available"}
[93][ERROR] 2022-06-13 19:03:26.786 : testCreatePetWithInvalidDataType_name : FAILED : 
java.lang.AssertionError: expected [true] but found [false]
	at org.testng.Assert.fail(Assert.java:97) ~[testng-7.0.0.jar:?]
	at org.testng.Assert.assertEqualsImpl(Assert.java:136) ~[testng-7.0.0.jar:?]
	at org.testng.Assert.assertEquals(Assert.java:118) ~[testng-7.0.0.jar:?]
	at org.testng.Assert.assertEquals(Assert.java:751) ~[testng-7.0.0.jar:?]
	at org.testng.Assert.assertEquals(Assert.java:761) ~[testng-7.0.0.jar:?]
	at com.n26.functional.pets.CreatePet_POST.testCreatePetWithInvalidDataType_name(CreatePet_POST.java:116) ~[test-classes/:?]
	at sun.reflect.NativeMethodAccessorImpl.invoke0(Native Method) ~[?:1.8.0_312]
	at sun.reflect.NativeMethodAccessorImpl.invoke(NativeMethodAccessorImpl.java:62) ~[?:1.8.0_312]
	at sun.reflect.DelegatingMethodAccessorImpl.invoke(DelegatingMethodAccessorImpl.java:43) ~[?:1.8.0_312]
	at java.lang.reflect.Method.invoke(Method.java:498) ~[?:1.8.0_312]
	at org.testng.internal.MethodInvocationHelper.invokeMethod(MethodInvocationHelper.java:133) ~[testng-7.0.0.jar:?]
	at org.testng.internal.TestInvoker.invokeMethod(TestInvoker.java:584) ~[testng-7.0.0.jar:?]
	at org.testng.internal.TestInvoker.invokeTestMethod(TestInvoker.java:172) ~[testng-7.0.0.jar:?]
	at org.testng.internal.MethodRunner.runInSequence(MethodRunner.java:46) ~[testng-7.0.0.jar:?]
	at org.testng.internal.TestInvoker$MethodInvocationAgent.invoke(TestInvoker.java:804) ~[testng-7.0.0.jar:?]
	at org.testng.internal.TestInvoker.invokeTestMethods(TestInvoker.java:145) ~[testng-7.0.0.jar:?]
	at org.testng.internal.TestMethodWorker.invokeTestMethods(TestMethodWorker.java:146) ~[testng-7.0.0.jar:?]
	at org.testng.internal.TestMethodWorker.run(TestMethodWorker.java:128) ~[testng-7.0.0.jar:?]
	at java.util.ArrayList.forEach(ArrayList.java:1259) ~[?:1.8.0_312]
	at org.testng.TestRunner.privateRun(TestRunner.java:770) ~[testng-7.0.0.jar:?]
	at org.testng.TestRunner.run(TestRunner.java:591) ~[testng-7.0.0.jar:?]
	at org.testng.SuiteRunner.runTest(SuiteRunner.java:402) ~[testng-7.0.0.jar:?]
	at org.testng.SuiteRunner.runSequentially(SuiteRunner.java:396) ~[testng-7.0.0.jar:?]
	at org.testng.SuiteRunner.privateRun(SuiteRunner.java:355) ~[testng-7.0.0.jar:?]
	at org.testng.SuiteRunner.run(SuiteRunner.java:304) ~[testng-7.0.0.jar:?]
	at org.testng.SuiteRunnerWorker.runSuite(SuiteRunnerWorker.java:53) ~[testng-7.0.0.jar:?]
	at org.testng.SuiteRunnerWorker.run(SuiteRunnerWorker.java:96) ~[testng-7.0.0.jar:?]
	at org.testng.TestNG.runSuitesSequentially(TestNG.java:1180) ~[testng-7.0.0.jar:?]
	at org.testng.TestNG.runSuitesLocally(TestNG.java:1102) ~[testng-7.0.0.jar:?]
	at org.testng.TestNG.runSuites(TestNG.java:1032) ~[testng-7.0.0.jar:?]
	at org.testng.TestNG.run(TestNG.java:1000) ~[testng-7.0.0.jar:?]
	at org.apache.maven.surefire.testng.TestNGExecutor.run(TestNGExecutor.java:324) ~[surefire-testng-3.0.0-M6.jar:3.0.0-M6]
	at org.apache.maven.surefire.testng.TestNGXmlTestSuite.execute(TestNGXmlTestSuite.java:74) ~[surefire-testng-3.0.0-M6.jar:3.0.0-M6]
	at org.apache.maven.surefire.testng.TestNGProvider.invoke(TestNGProvider.java:123) ~[surefire-testng-3.0.0-M6.jar:3.0.0-M6]
	at org.apache.maven.surefire.booter.ForkedBooter.runSuitesInProcess(ForkedBooter.java:456) ~[surefire-booter-3.0.0-M6.jar:3.0.0-M6]
	at org.apache.maven.surefire.booter.ForkedBooter.execute(ForkedBooter.java:169) ~[surefire-booter-3.0.0-M6.jar:3.0.0-M6]
	at org.apache.maven.surefire.booter.ForkedBooter.run(ForkedBooter.java:595) ~[surefire-booter-3.0.0-M6.jar:3.0.0-M6]
	at org.apache.maven.surefire.booter.ForkedBooter.main(ForkedBooter.java:581) ~[surefire-booter-3.0.0-M6.jar:3.0.0-M6]
[95][INFO ] 2022-06-13 19:03:26.788 : ******************************Execution of GET - UPdating existing pet started*******************************
[97][INFO ] 2022-06-13 19:03:26.789 : Setting up configurations
[99][INFO ] 2022-06-13 19:03:26.790 : TestCase 1 : Test case to retrieve valid Pet by status
[101][INFO ] 2022-06-13 19:03:26.815 : Response : [{"id":4,"category":{"id":1,"name":"Dogs"},"name":"Dog 1","photoUrls":["url1","url2"],"tags":[{"id":1,"name":"tag1"},{"id":2,"name":"tag2"}],"status":"available"},{"id":7,"category":{"id":4,"name":"Lions"},"name":"Lion 1","photoUrls":["url1","url2"],"tags":[{"id":1,"name":"tag1"},{"id":2,"name":"tag2"}],"status":"available"},{"id":8,"category":{"id":4,"name":"Lions"},"name":"Lion 2","photoUrls":["url1","url2"],"tags":[{"id":1,"name":"tag2"},{"id":2,"name":"tag3"}],"status":"available"},{"id":9,"category":{"id":4,"name":"Lions"},"name":"Lion 3","photoUrls":["url1","url2"],"tags":[{"id":1,"name":"tag3"},{"id":2,"name":"tag4"}],"status":"available"},{"id":2,"category":{"id":2,"name":"Cats"},"name":"Cat 2","photoUrls":["url1","url2","/tmp/inflector6607735105158583683.tmp","/tmp/inflector206451380903558755.tmp"],"tags":[{"id":1,"name":"tag2"},{"id":2,"name":"tag3"}],"status":"available"},{"id":10,"category":{"id":1,"name":"Beagal"},"name":"Dogs","photoUrls":["url1"],"tags":[{"id":1,"name":"tag1"}],"status":"available"},{"id":111,"category":{"id":1,"name":"Dogs"},"name":"123","photoUrls":["url1"],"tags":[{"id":1,"name":"tag1"}],"status":"available"}]
[103][INFO ] 2022-06-13 19:03:26.815 : Status Code : 200
[105][INFO ] 2022-06-13 19:03:26.856 : Pet status : [available, available, available, available, available, available, available]
[107][INFO ] 2022-06-13 19:03:26.857 : testValidPetByAvailableStatus : PASSED
[109][INFO ] 2022-06-13 19:03:26.858 : TestCase 1 : Test case to validate find pet by invalid status
[111][INFO ] 2022-06-13 19:03:26.871 : Response : {"code":400,"message":"Input error: query parameter `status value `Deleted` is not in the allowable values `[available, pending, sold]`"}
[113][INFO ] 2022-06-13 19:03:26.871 : Status Code : 400
[115][INFO ] 2022-06-13 19:03:26.877 : Inavlid status value : Input error: query parameter `status value `Deleted` is not in the allowable values `[available, pending, sold]`
[117][INFO ] 2022-06-13 19:03:26.878 : testGetPetByInvalidStatus : PASSED
[119][INFO ] 2022-06-13 19:03:26.878 : TestCase 1 : Test case to retrieve valid Pet by status
[121][INFO ] 2022-06-13 19:03:26.893 : Response : [{"id":6,"category":{"id":1,"name":"Dogs"},"name":"Dog 3","photoUrls":["url1","url2"],"tags":[{"id":1,"name":"tag3"},{"id":2,"name":"tag4"}],"status":"pending"},{"id":333,"category":{"id":1,"name":"Dogs"},"name":"Lab1","photoUrls":["url1"],"tags":[{"id":1,"name":"tag1"}],"status":"pending"}]
[123][INFO ] 2022-06-13 19:03:26.893 : Status Code : 200
[125][INFO ] 2022-06-13 19:03:26.927 : Pet status : [pending, pending]
[127][INFO ] 2022-06-13 19:03:26.928 : testValidPetByPendingStatus : PASSED
[129][INFO ] 2022-06-13 19:03:26.929 : TestCase 1 : Test case to retrieve valid Pet by status
[131][INFO ] 2022-06-13 19:03:26.940 : Response : [{"id":5,"category":{"id":1,"name":"Dogs"},"name":"Dog 2","photoUrls":["url1","url2"],"tags":[{"id":1,"name":"tag2"},{"id":2,"name":"tag3"}],"status":"sold"}]
[133][INFO ] 2022-06-13 19:03:26.940 : Status Code : 200
[135][INFO ] 2022-06-13 19:03:26.970 : Pet status : [sold]
[137][INFO ] 2022-06-13 19:03:26.971 : testValidPetBySoldStatus : PASSED
[139][INFO ] 2022-06-13 19:03:27.192 : ***********************************Test execution ended************************************

[141][INFO ] 2022-06-13 19:03:27.203 : Total Class        : 2
[143][INFO ] 2022-06-13 19:03:27.204 : Start Time         : Mon Jun 13 19:03:24 IST 2022
[145][INFO ] 2022-06-13 19:03:27.204 : Passed tests count : 7.0
[147][INFO ] 2022-06-13 19:03:27.204 : Failed tests count : 2.0
[149][INFO ] 2022-06-13 19:03:27.204 : Skipped tests count: 0
[151][INFO ] 2022-06-13 19:03:27.204 : Pass percentage    : 77.77777777777779%
[153][INFO ] 2022-06-13 19:03:27.204 : Fail percentage    : 22.22222222222222%
[155][INFO ] 2022-06-13 19:03:27.204 : End Time           : Mon Jun 13 19:03:26 IST 2022
