<?xml version="1.0" encoding="UTF-8"?>
<!-- Generated by org.testng.reporters.JUnitXMLReporter -->
<testsuite hostname="9FNHHG3" ignored="0" name="Sample test1" tests="35" failures="9" timestamp="2022-06-16T13:24:23 IST" time="3.339" errors="0">
  <testcase name="testCreatePet" time="1.076" classname="com.n26.functional.pets.CreatePet_POST"/>
  <testcase name="testCreatePetwWithoutMandatoryParams" time="0.384" classname="com.n26.functional.pets.CreatePet_POST">
    <failure type="java.lang.AssertionError" message="expected [true] but found [false]">
      <![CDATA[java.lang.AssertionError: expected [true] but found [false]
at com.n26.functional.pets.CreatePet_POST.testCreatePetwWithoutMandatoryParams(CreatePet_POST.java:68)
at java.util.ArrayList.forEach(ArrayList.java:1259)
... Removed 36 stack frames]]>
    </failure>
  </testcase> <!-- testCreatePetwWithoutMandatoryParams -->
  <testcase name="testCreatePetWithInvalidRequestMethod" time="0.049" classname="com.n26.functional.pets.CreatePet_POST"/>
  <testcase name="testCreatePetWithInvalidDataType_Id" time="0.09" classname="com.n26.functional.pets.CreatePet_POST"/>
  <testcase name="testCreatePetWithInvalidDataType_name" time="0.013" classname="com.n26.functional.pets.CreatePet_POST">
    <failure type="java.lang.AssertionError" message="expected [true] but found [false]">
      <![CDATA[java.lang.AssertionError: expected [true] but found [false]
at com.n26.functional.pets.CreatePet_POST.testCreatePetWithInvalidDataType_name(CreatePet_POST.java:114)
at java.util.ArrayList.forEach(ArrayList.java:1259)
... Removed 36 stack frames]]>
    </failure>
  </testcase> <!-- testCreatePetWithInvalidDataType_name -->
  <testcase name="testUpdatePetById" time="0.073" classname="com.n26.functional.pets.UpdateAndGetPetById"/>
  <testcase name="testUpdatePetByInvaidId" time="0.053" classname="com.n26.functional.pets.UpdateAndGetPetById"/>
  <testcase name="testCreatePetOrder" time="0.029" classname="com.n26.functional.store.CreateOrder"/>
  <testcase name="testCreatePlacedPetOrder" time="0.062" classname="com.n26.functional.store.CreateOrder"/>
  <testcase name="testCreateDeliveredPetOrder" time="0.063" classname="com.n26.functional.store.CreateOrder"/>
  <testcase name="testCreateOrderWithInvalidStatus" time="0.009" classname="com.n26.functional.store.CreateOrder">
    <failure type="java.lang.AssertionError" message="expected [true] but found [false]">
      <![CDATA[java.lang.AssertionError: expected [true] but found [false]
at com.n26.functional.store.CreateOrder.testCreateOrderWithInvalidStatus(CreateOrder.java:117)
at java.util.ArrayList.forEach(ArrayList.java:1259)
... Removed 36 stack frames]]>
    </failure>
  </testcase> <!-- testCreateOrderWithInvalidStatus -->
  <testcase name="testDeleteOrderByValidId" time="0.053" classname="com.n26.functional.store.DeleteOrder"/>
  <testcase name="testDeleteOrderByInValidId" time="0.017" classname="com.n26.functional.store.DeleteOrder">
    <failure type="java.lang.AssertionError" message="expected [true] but found [false]">
      <![CDATA[java.lang.AssertionError: expected [true] but found [false]
at com.n26.functional.store.DeleteOrder.testDeleteOrderByInValidId(DeleteOrder.java:87)
at java.util.ArrayList.forEach(ArrayList.java:1259)
... Removed 36 stack frames]]>
    </failure>
  </testcase> <!-- testDeleteOrderByInValidId -->
  <testcase name="testGetOrderByInvalidId" time="0.036" classname="com.n26.functional.store.GetOrders"/>
  <testcase name="testDeletePetByValidId" time="0.032" classname="com.n26.functional.pets.DeletePetById"/>
  <testcase name="testDeletePetByInvalidId" time="0.009" classname="com.n26.functional.pets.DeletePetById">
    <failure type="java.lang.AssertionError" message="expected [true] but found [false]">
      <![CDATA[java.lang.AssertionError: expected [true] but found [false]
at com.n26.functional.pets.DeletePetById.testDeletePetByInvalidId(DeletePetById.java:73)
at java.util.ArrayList.forEach(ArrayList.java:1259)
... Removed 36 stack frames]]>
    </failure>
  </testcase> <!-- testDeletePetByInvalidId -->
  <testcase name="testValidPetByAvailableStatus" time="0.042" classname="com.n26.functional.pets.FindPetByStatus"/>
  <testcase name="testValidPetByPendingStatus" time="0.028" classname="com.n26.functional.pets.FindPetByStatus"/>
  <testcase name="testValidPetBySoldStatus" time="0.03" classname="com.n26.functional.pets.FindPetByStatus"/>
  <testcase name="testGetPetByInvalidStatus" time="0.018" classname="com.n26.functional.pets.FindPetByStatus"/>
  <testcase name="testDeleteUserWithValidName" time="0.047" classname="com.n26.functional.user.DeleteUser"/>
  <testcase name="testDeleteUserWithInValidName" time="0.006" classname="com.n26.functional.user.DeleteUser">
    <failure type="java.lang.AssertionError" message="expected [true] but found [false]">
      <![CDATA[java.lang.AssertionError: expected [true] but found [false]
at com.n26.functional.user.DeleteUser.testDeleteUserWithInValidName(DeleteUser.java:82)
at java.util.ArrayList.forEach(ArrayList.java:1259)
... Removed 36 stack frames]]>
    </failure>
  </testcase> <!-- testDeleteUserWithInValidName -->
  <testcase name="testUserLogin" time="0.031" classname="com.n26.functional.user.LoginLogout"/>
  <testcase name="testUserLoginwithOnlyUserName" time="0.023" classname="com.n26.functional.user.LoginLogout">
    <failure type="java.lang.AssertionError" message="expected [true] but found [false]">
      <![CDATA[java.lang.AssertionError: expected [true] but found [false]
at com.n26.functional.user.LoginLogout.testUserLoginwithOnlyUserName(LoginLogout.java:60)
at java.util.ArrayList.forEach(ArrayList.java:1259)
... Removed 36 stack frames]]>
    </failure>
  </testcase> <!-- testUserLoginwithOnlyUserName -->
  <testcase name="testUserLoginwithOnlyPassword" time="0.021" classname="com.n26.functional.user.LoginLogout">
    <failure type="java.lang.AssertionError" message="expected [true] but found [false]">
      <![CDATA[java.lang.AssertionError: expected [true] but found [false]
at com.n26.functional.user.LoginLogout.testUserLoginwithOnlyPassword(LoginLogout.java:74)
at java.util.ArrayList.forEach(ArrayList.java:1259)
... Removed 36 stack frames]]>
    </failure>
  </testcase> <!-- testUserLoginwithOnlyPassword -->
  <testcase name="testUserLogout" time="0.008" classname="com.n26.functional.user.LoginLogout"/>
  <testcase name="testSingleUserCreation" time="0.077" classname="com.n26.functional.user.UpdateUser"/>
  <testcase name="testUpdateUserWIthInvalidUserName" time="0.009" classname="com.n26.functional.user.UpdateUser"/>
  <testcase name="testSingleUserCreation" time="0.034" classname="com.n26.functional.user.UserCreation"/>
  <testcase name="testMultipleUserCreation" time="0.047" classname="com.n26.functional.user.UserCreation"/>
  <testcase name="testGetPetByValidTag" time="0.066" classname="com.n26.functional.pets.FindByTags"/>
  <testcase name="tesGetPetByInvalidTags" time="0.045" classname="com.n26.functional.pets.FindByTags"/>
  <testcase name="testValidPetUpdateWithNameStatus" time="0.114" classname="com.n26.functional.pets.UpdatePetById"/>
  <testcase name="testInavlidPetUpdate" time="0.009" classname="com.n26.functional.pets.UpdatePetById"/>
  <testcase name="testUploadingPetImage" time="0.03" classname="com.n26.functional.pets.UplodPetImage">
    <failure type="java.lang.AssertionError" message="expected [true] but found [false]">
      <![CDATA[java.lang.AssertionError: expected [true] but found [false]
at com.n26.functional.pets.UplodPetImage.testUploadingPetImage(UplodPetImage.java:60)
at java.util.ArrayList.forEach(ArrayList.java:1259)
... Removed 36 stack frames]]>
    </failure>
  </testcase> <!-- testUploadingPetImage -->
</testsuite> <!-- Sample test1 -->
